[0.021s] Invoking command in '/home/ksubra/new_ws/build/multi_map_nav': CMAKE_PREFIX_PATH=/opt/ros/humble /usr/bin/cmake --build /home/ksubra/new_ws/build/multi_map_nav -- -j6 -l6
[0.109s] [35m[1mConsolidate compiler generated dependencies of target multi_map_nav__rosidl_generator_c[0m
[0.133s] [  2%] Built target multi_map_nav__cpp
[0.133s] [ 11%] Built target multi_map_nav__rosidl_generator_c
[0.152s] [35m[1mConsolidate compiler generated dependencies of target multi_map_nav__rosidl_typesupport_cpp[0m
[0.159s] [ 11%] Built target ament_cmake_python_copy_multi_map_nav
[0.159s] [35m[1mConsolidate compiler generated dependencies of target multi_map_nav__rosidl_typesupport_introspection_cpp[0m
[0.165s] [35m[1mConsolidate compiler generated dependencies of target multi_map_nav__rosidl_typesupport_fastrtps_cpp[0m
[0.192s] [ 20%] Built target multi_map_nav__rosidl_typesupport_cpp
[0.192s] [35m[1mConsolidate compiler generated dependencies of target multi_map_nav__rosidl_typesupport_introspection_c[0m
[0.198s] [35m[1mConsolidate compiler generated dependencies of target multi_map_nav__rosidl_typesupport_fastrtps_c[0m
[0.208s] [ 28%] Built target multi_map_nav__rosidl_typesupport_fastrtps_cpp
[0.214s] [ 37%] Built target multi_map_nav__rosidl_typesupport_introspection_cpp
[0.225s] [35m[1mConsolidate compiler generated dependencies of target multi_map_nav__rosidl_typesupport_c[0m
[0.231s] [ 45%] Built target multi_map_nav__rosidl_typesupport_introspection_c
[0.238s] [35m[1mConsolidate compiler generated dependencies of target navigation_server_node[0m
[0.249s] [ 54%] Built target multi_map_nav__rosidl_typesupport_fastrtps_c
[0.256s] [ 62%] Built target multi_map_nav__rosidl_typesupport_c
[0.303s] [ 62%] Built target multi_map_nav
[0.314s] [ 65%] [32mBuilding CXX object CMakeFiles/navigation_server_node.dir/src/navigation_server.cpp.o[0m
[0.356s] [ 68%] Built target multi_map_nav__py
[0.376s] [35m[1mConsolidate compiler generated dependencies of target multi_map_nav__rosidl_generator_py[0m
[0.407s] [ 74%] Built target multi_map_nav__rosidl_generator_py
[0.436s] [35m[1mConsolidate compiler generated dependencies of target multi_map_nav__rosidl_typesupport_introspection_c__pyext[0m
[0.436s] [35m[1mConsolidate compiler generated dependencies of target multi_map_nav__rosidl_typesupport_c__pyext[0m
[0.442s] [35m[1mConsolidate compiler generated dependencies of target multi_map_nav__rosidl_typesupport_fastrtps_c__pyext[0m
[0.482s] [ 85%] Built target multi_map_nav__rosidl_typesupport_c__pyext
[0.482s] [ 85%] Built target multi_map_nav__rosidl_typesupport_fastrtps_c__pyext
[0.484s] [ 91%] Built target multi_map_nav__rosidl_typesupport_introspection_c__pyext
[0.836s] running egg_info
[0.837s] writing multi_map_nav.egg-info/PKG-INFO
[0.837s] writing dependency_links to multi_map_nav.egg-info/dependency_links.txt
[0.837s] writing top-level names to multi_map_nav.egg-info/top_level.txt
[0.841s] reading manifest file 'multi_map_nav.egg-info/SOURCES.txt'
[0.842s] writing manifest file 'multi_map_nav.egg-info/SOURCES.txt'
[0.929s] [ 91%] Built target ament_cmake_python_build_multi_map_nav_egg
[5.837s] [01m[K/home/ksubra/new_ws/src/multi_map_nav/src/navigation_server.cpp:[m[K In constructor ‘[01m[KNavigationServer::NavigationServer(const string&)[m[K’:
[5.837s] [01m[K/home/ksubra/new_ws/src/multi_map_nav/src/navigation_server.cpp:20:89:[m[K [01;31m[Kerror: [m[Kno matching function for call to ‘[01m[Kcreate_server<multi_map_nav::action::NavigateToGoal>(NavigationServer*, const char [17], std::_Bind_helper<false, rclcpp_action::GoalResponse (NavigationServer::*)(const std::array<unsigned char, 16>&, std::shared_ptr<const multi_map_nav::action::NavigateToGoal>), NavigationServer*, const std::_Placeholder<1>&, const std::_Placeholder<2>&>::type, std::_Bind_helper<false, rclcpp_action::CancelResponse (NavigationServer::*)(std::shared_ptr<rclcpp_action::ServerGoalHandle<multi_map_nav::action::NavigateToGoal> >), NavigationServer*, const std::_Placeholder<1>&>::type, std::_Bind_helper<false, void (NavigationServer::*)(std::shared_ptr<rclcpp_action::ServerGoalHandle<multi_map_nav::action::NavigateToGoal> >), NavigationServer*, const std::_Placeholder<1>&>::type)[m[K’
[5.837s]    20 |     action_server_ = [01;31m[Krclcpp_action::create_server<multi_map_nav::action::NavigateToGoal>([m[K
[5.837s]       |                      [01;31m[K~~~~~~~~~~~~~~~~~~~~~~~~~~~~~~~~~~~~~~~~~~~~~~~~~~~~~~~~~~~~~~~~~~~^[m[K
[5.837s]    21 | [01;31m[K        this,[m[K
[5.837s]       |         [01;31m[K~~~~~[m[K                                                                            
[5.838s]    22 | [01;31m[K        "navigate_to_goal",[m[K
[5.838s]       |         [01;31m[K~~~~~~~~~~~~~~~~~~~[m[K                                                              
[5.838s]    23 | [01;31m[K        std::bind(&NavigationServer::handle_goal, this, std::placeholders::_1, std::placeholders::_2),[m[K
[5.838s]       |         [01;31m[K~~~~~~~~~~~~~~~~~~~~~~~~~~~~~~~~~~~~~~~~~~~~~~~~~~~~~~~~~~~~~~~~~~~~~~~~~~~~~~~~~~~~~~~~~~~~~~[m[K
[5.838s]    24 | [01;31m[K        std::bind(&NavigationServer::handle_cancel, this, std::placeholders::_1),[m[K
[5.838s]       |         [01;31m[K~~~~~~~~~~~~~~~~~~~~~~~~~~~~~~~~~~~~~~~~~~~~~~~~~~~~~~~~~~~~~~~~~~~~~~~~~[m[K        
[5.838s]    25 | [01;31m[K        std::bind(&NavigationServer::handle_accepted, this, std::placeholders::_1))[m[K;
[5.838s]       |         [01;31m[K~~~~~~~~~~~~~~~~~~~~~~~~~~~~~~~~~~~~~~~~~~~~~~~~~~~~~~~~~~~~~~~~~~~~~~~~~~~[m[K      
[5.838s] In file included from [01m[K/opt/ros/humble/include/rclcpp_action/rclcpp_action/rclcpp_action.hpp:39[m[K,
[5.839s]                  from [01m[K/home/ksubra/new_ws/src/multi_map_nav/include/multi_map_nav/navigation_server.hpp:4[m[K,
[5.839s]                  from [01m[K/home/ksubra/new_ws/src/multi_map_nav/src/navigation_server.cpp:1[m[K:
[5.839s] [01m[K/opt/ros/humble/include/rclcpp_action/rclcpp_action/create_server.hpp:58:1:[m[K [01;36m[Knote: [m[Kcandidate: ‘[01m[Ktypename rclcpp_action::Server<ActionT>::SharedPtr rclcpp_action::create_server(rclcpp::node_interfaces::NodeBaseInterface::SharedPtr, rclcpp::node_interfaces::NodeClockInterface::SharedPtr, rclcpp::node_interfaces::NodeLoggingInterface::SharedPtr, rclcpp::node_interfaces::NodeWaitablesInterface::SharedPtr, const string&, typename rclcpp_action::Server<ActionT>::GoalCallback, typename rclcpp_action::Server<ActionT>::CancelCallback, typename rclcpp_action::Server<ActionT>::AcceptedCallback, const rcl_action_server_options_t&, rclcpp::CallbackGroup::SharedPtr) [with ActionT = multi_map_nav::action::NavigateToGoal; typename rclcpp_action::Server<ActionT>::SharedPtr = std::shared_ptr<rclcpp_action::Server<multi_map_nav::action::NavigateToGoal> >; rclcpp::node_interfaces::NodeBaseInterface::SharedPtr = std::shared_ptr<rclcpp::node_interfaces::NodeBaseInterface>; rclcpp::node_interfaces::NodeClockInterface::SharedPtr = std::shared_ptr<rclcpp::node_interfaces::NodeClockInterface>; rclcpp::node_interfaces::NodeLoggingInterface::SharedPtr = std::shared_ptr<rclcpp::node_interfaces::NodeLoggingInterface>; rclcpp::node_interfaces::NodeWaitablesInterface::SharedPtr = std::shared_ptr<rclcpp::node_interfaces::NodeWaitablesInterface>; std::string = std::__cxx11::basic_string<char>; typename rclcpp_action::Server<ActionT>::GoalCallback = std::function<rclcpp_action::GoalResponse(const std::array<unsigned char, 16>&, std::shared_ptr<const multi_map_nav::action::NavigateToGoal_Goal_<std::allocator<void> > >)>; typename rclcpp_action::Server<ActionT>::CancelCallback = std::function<rclcpp_action::CancelResponse(std::shared_ptr<rclcpp_action::ServerGoalHandle<multi_map_nav::action::NavigateToGoal> >)>; typename rclcpp_action::Server<ActionT>::AcceptedCallback = std::function<void(std::shared_ptr<rclcpp_action::ServerGoalHandle<multi_map_nav::action::NavigateToGoal> >)>; rcl_action_server_options_t = rcl_action_server_options_s; rclcpp::CallbackGroup::SharedPtr = std::shared_ptr<rclcpp::CallbackGroup>][m[K’
[5.839s]    58 | [01;36m[Kcreate_server[m[K(
[5.839s]       | [01;36m[K^~~~~~~~~~~~~[m[K
[5.839s] [01m[K/opt/ros/humble/include/rclcpp_action/rclcpp_action/create_server.hpp:58:1:[m[K [01;36m[Knote: [m[K  candidate expects 10 arguments, 5 provided
[5.839s] [01m[K/opt/ros/humble/include/rclcpp_action/rclcpp_action/create_server.hpp:132:1:[m[K [01;36m[Knote: [m[Kcandidate: ‘[01m[Ktemplate<class ActionT, class NodeT> typename rclcpp_action::Server<ActionT>::SharedPtr rclcpp_action::create_server(NodeT, const string&, typename rclcpp_action::Server<ActionT>::GoalCallback, typename rclcpp_action::Server<ActionT>::CancelCallback, typename rclcpp_action::Server<ActionT>::AcceptedCallback, const rcl_action_server_options_t&, rclcpp::CallbackGroup::SharedPtr)[m[K’
[5.839s]   132 | [01;36m[Kcreate_server[m[K(
[5.840s]       | [01;36m[K^~~~~~~~~~~~~[m[K
[5.840s] [01m[K/opt/ros/humble/include/rclcpp_action/rclcpp_action/create_server.hpp:132:1:[m[K [01;36m[Knote: [m[K  template argument deduction/substitution failed:
[5.840s] [01m[K/home/ksubra/new_ws/src/multi_map_nav/src/navigation_server.cpp:23:18:[m[K [01;36m[Knote: [m[K  cannot convert ‘[01m[Kstd::bind(_Func&&, _BoundArgs&& ...) [with _Func = rclcpp_action::GoalResponse (NavigationServer::*)(const std::array<unsigned char, 16>&, std::shared_ptr<const multi_map_nav::action::NavigateToGoal>); _BoundArgs = {NavigationServer*, const std::_Placeholder<1>&, const std::_Placeholder<2>&}; typename std::_Bind_helper<std::__is_socketlike<_Func>::value, _Func, _BoundArgs ...>::type = std::_Bind_helper<false, rclcpp_action::GoalResponse (NavigationServer::*)(const std::array<unsigned char, 16>&, std::shared_ptr<const multi_map_nav::action::NavigateToGoal>), NavigationServer*, const std::_Placeholder<1>&, const std::_Placeholder<2>&>::type; std::__is_socketlike<_Func> = std::__is_socketlike<rclcpp_action::GoalResponse (NavigationServer::*)(const std::array<unsigned char, 16>&, std::shared_ptr<const multi_map_nav::action::NavigateToGoal>), rclcpp_action::GoalResponse (NavigationServer::*)(const std::array<unsigned char, 16>&, std::shared_ptr<const multi_map_nav::action::NavigateToGoal>)>; typename std::decay<_Tp>::type = rclcpp_action::GoalResponse (NavigationServer::*)(const std::array<unsigned char, 16>&, std::shared_ptr<const multi_map_nav::action::NavigateToGoal>)](((NavigationServer*)this), std::placeholders::_1, std::placeholders::_2)[m[K’ (type ‘[01m[Kstd::_Bind_helper<false, rclcpp_action::GoalResponse (NavigationServer::*)(const std::array<unsigned char, 16>&, std::shared_ptr<const multi_map_nav::action::NavigateToGoal>), NavigationServer*, const std::_Placeholder<1>&, const std::_Placeholder<2>&>::type[m[K’) to type ‘[01m[Krclcpp_action::Server<multi_map_nav::action::NavigateToGoal>::GoalCallback[m[K’ {aka ‘[01m[Kstd::function<rclcpp_action::GoalResponse(const std::array<unsigned char, 16>&, std::shared_ptr<const multi_map_nav::action::NavigateToGoal_Goal_<std::allocator<void> > >)>[m[K’}
[5.840s]    23 |         [01;36m[Kstd::bind(&NavigationServer::handle_goal, this, std::placeholders::_1, std::placeholders::_2)[m[K,
[5.840s]       |         [01;36m[K~~~~~~~~~^~~~~~~~~~~~~~~~~~~~~~~~~~~~~~~~~~~~~~~~~~~~~~~~~~~~~~~~~~~~~~~~~~~~~~~~~~~~~~~~~~~~[m[K
[5.877s] [01m[K/home/ksubra/new_ws/src/multi_map_nav/src/navigation_server.cpp:[m[K In member function ‘[01m[Kbool NavigationServer::move_base_to(double, double, double)[m[K’:
[5.878s] [01m[K/home/ksubra/new_ws/src/multi_map_nav/src/navigation_server.cpp:70:17:[m[K [01;31m[Kerror: [m[Kinvalid use of ‘[01m[Kusing Result = using Result = using NavigateToPose_Result = struct nav2_msgs::action::NavigateToPose_Result_<std::allocator<void> >[m[K’
[5.878s]    70 |     if (result->[01;31m[KResult[m[K != rclcpp_action::ResultCode::SUCCEEDED) {
[5.878s]       |                 [01;31m[K^~~~~~[m[K
[5.878s] In file included from [01m[K/opt/ros/humble/include/rclcpp/rclcpp/logging.hpp:24[m[K,
[5.879s]                  from [01m[K/opt/ros/humble/include/rclcpp/rclcpp/client.hpp:40[m[K,
[5.879s]                  from [01m[K/opt/ros/humble/include/rclcpp/rclcpp/callback_group.hpp:24[m[K,
[5.879s]                  from [01m[K/opt/ros/humble/include/rclcpp/rclcpp/node_interfaces/node_base_interface.hpp:25[m[K,
[5.879s]                  from [01m[K/opt/ros/humble/include/rclcpp_action/rclcpp_action/client.hpp:33[m[K,
[5.879s]                  from [01m[K/opt/ros/humble/include/rclcpp_action/rclcpp_action/rclcpp_action.hpp:36[m[K,
[5.879s]                  from [01m[K/home/ksubra/new_ws/src/multi_map_nav/include/multi_map_nav/navigation_server.hpp:4[m[K,
[5.880s]                  from [01m[K/home/ksubra/new_ws/src/multi_map_nav/src/navigation_server.cpp:1[m[K:
[5.880s] [01m[K/home/ksubra/new_ws/src/multi_map_nav/src/navigation_server.cpp:71:87:[m[K [01;31m[Kerror: [m[K‘[01m[Kusing element_type = class rclcpp_action::ClientGoalHandle<nav2_msgs::action::NavigateToPose>[m[K’ {aka ‘[01m[Kclass rclcpp_action::ClientGoalHandle<nav2_msgs::action::NavigateToPose>[m[K’} has no member named ‘[01m[Kresult[m[K’; did you mean ‘[01m[KResult[m[K’?
[5.880s]    71 |         RCLCPP_ERROR(this->get_logger(), "Navigation failed with status: %d", result->[01;31m[Kresult[m[K);
[5.880s]       |                                                                                       [01;31m[K^~~~~~[m[K
[7.268s] gmake[2]: *** [CMakeFiles/navigation_server_node.dir/build.make:76: CMakeFiles/navigation_server_node.dir/src/navigation_server.cpp.o] Error 1
[7.269s] gmake[1]: *** [CMakeFiles/Makefile2:593: CMakeFiles/navigation_server_node.dir/all] Error 2
[7.269s] gmake: *** [Makefile:146: all] Error 2
[7.274s] Invoked command in '/home/ksubra/new_ws/build/multi_map_nav' returned '2': CMAKE_PREFIX_PATH=/opt/ros/humble /usr/bin/cmake --build /home/ksubra/new_ws/build/multi_map_nav -- -j6 -l6
