-- The C compiler identification is GNU 11.4.0
-- The CXX compiler identification is GNU 11.4.0
-- Detecting C compiler ABI info
-- Detecting C compiler ABI info - done
-- Check for working C compiler: /usr/bin/cc - skipped
-- Detecting C compile features
-- Detecting C compile features - done
-- Detecting CXX compiler ABI info
-- Detecting CXX compiler ABI info - done
-- Check for working CXX compiler: /usr/bin/c++ - skipped
-- Detecting CXX compile features
-- Detecting CXX compile features - done
-- Found PkgConfig: /usr/bin/pkg-config (found version "0.29.2") 
-- Checking for module 'sqlite3'
--   Found sqlite3, version 3.37.2
-- Found ament_cmake: 1.3.12 (/opt/ros/humble/share/ament_cmake/cmake)
-- Found Python3: /usr/bin/python3 (found version "3.10.12") found components: Interpreter 
-- Found rclcpp: 16.0.14 (/opt/ros/humble/share/rclcpp/cmake)
-- Found rosidl_generator_c: 3.1.7 (/opt/ros/humble/share/rosidl_generator_c/cmake)
-- Found rosidl_adapter: 3.1.7 (/opt/ros/humble/share/rosidl_adapter/cmake)
-- Found rosidl_generator_cpp: 3.1.7 (/opt/ros/humble/share/rosidl_generator_cpp/cmake)
-- Using all available rosidl_typesupport_c: rosidl_typesupport_fastrtps_c;rosidl_typesupport_introspection_c
-- Using all available rosidl_typesupport_cpp: rosidl_typesupport_fastrtps_cpp;rosidl_typesupport_introspection_cpp
-- Found rmw_implementation_cmake: 6.1.2 (/opt/ros/humble/share/rmw_implementation_cmake/cmake)
-- Found rmw_fastrtps_cpp: 6.2.8 (/opt/ros/humble/share/rmw_fastrtps_cpp/cmake)
-- Found OpenSSL: /usr/lib/x86_64-linux-gnu/libcrypto.so (found version "3.0.2")  
-- Found FastRTPS: /opt/ros/humble/include  
-- Using RMW implementation 'rmw_fastrtps_cpp' as default
-- Looking for pthread.h
-- Looking for pthread.h - found
-- Performing Test CMAKE_HAVE_LIBC_PTHREAD
-- Performing Test CMAKE_HAVE_LIBC_PTHREAD - Success
-- Found Threads: TRUE  
-- Found rclcpp_action: 16.0.14 (/opt/ros/humble/share/rclcpp_action/cmake)
-- Found geometry_msgs: 4.9.0 (/opt/ros/humble/share/geometry_msgs/cmake)
-- Found nav2_msgs: 1.1.18 (/opt/ros/humble/share/nav2_msgs/cmake)
-- Found tf2: 0.25.15 (/opt/ros/humble/share/tf2/cmake)
-- Found tf2_geometry_msgs: 0.25.15 (/opt/ros/humble/share/tf2_geometry_msgs/cmake)
-- Found eigen3_cmake_module: 0.1.1 (/opt/ros/humble/share/eigen3_cmake_module/cmake)
-- Found Eigen3: TRUE (found version "3.4.0") 
-- Ensuring Eigen3 include directory is part of orocos-kdl CMake target
-- Found ament_cmake_auto: 1.3.12 (/opt/ros/humble/share/ament_cmake_auto/cmake)
-- Found rosidl_default_generators: 1.2.0 (/opt/ros/humble/share/rosidl_default_generators/cmake)
-- Found ament_cmake_ros: 0.10.0 (/opt/ros/humble/share/ament_cmake_ros/cmake)
-- Using all available rosidl_typesupport_c: rosidl_typesupport_fastrtps_c;rosidl_typesupport_introspection_c
-- Using all available rosidl_typesupport_cpp: rosidl_typesupport_fastrtps_cpp;rosidl_typesupport_introspection_cpp
-- Found PythonInterp: /usr/bin/python3 (found suitable version "3.10.12", minimum required is "3.6") 
-- Found python_cmake_module: 0.10.0 (/opt/ros/humble/share/python_cmake_module/cmake)
-- Found PythonLibs: /usr/lib/x86_64-linux-gnu/libpython3.10.so (found suitable version "3.10.12", minimum required is "3.5") 
-- Using PYTHON_EXECUTABLE: /usr/bin/python3
-- Using PYTHON_INCLUDE_DIRS: /usr/include/python3.10
-- Using PYTHON_LIBRARIES: /usr/lib/x86_64-linux-gnu/libpython3.10.so
-- Found PythonExtra: .so  
-- Configuring done
-- Generating done
-- Build files have been written to: /home/ksubra/new_ws/build/multi_map_nav
[  2%] [34m[1mGenerating C code for ROS interfaces[0m
[  5%] [34m[1mGenerating C++ code for ROS interfaces[0m
[  5%] Built target ament_cmake_python_copy_multi_map_nav
running egg_info
creating multi_map_nav.egg-info
writing multi_map_nav.egg-info/PKG-INFO
writing dependency_links to multi_map_nav.egg-info/dependency_links.txt
writing top-level names to multi_map_nav.egg-info/top_level.txt
writing manifest file 'multi_map_nav.egg-info/SOURCES.txt'
reading manifest file 'multi_map_nav.egg-info/SOURCES.txt'
writing manifest file 'multi_map_nav.egg-info/SOURCES.txt'
[  5%] Built target ament_cmake_python_build_multi_map_nav_egg
[  5%] Built target multi_map_nav__cpp
[  8%] [34m[1mGenerating C++ type support dispatch for ROS interfaces[0m
[ 11%] [34m[1mGenerating C++ introspection for ROS interfaces[0m
[ 14%] [34m[1mGenerating C++ type support for eProsima Fast-RTPS[0m
[ 17%] [32mBuilding C object CMakeFiles/multi_map_nav__rosidl_generator_c.dir/rosidl_generator_c/multi_map_nav/action/detail/navigate_to_goal__functions.c.o[0m
[ 20%] [32m[1mLinking C shared library libmulti_map_nav__rosidl_generator_c.so[0m
[ 20%] Built target multi_map_nav__rosidl_generator_c
[ 25%] [34m[1mGenerating C type support dispatch for ROS interfaces[0m
[ 25%] [34m[1mGenerating C type support for eProsima Fast-RTPS[0m
[ 28%] [34m[1mGenerating C introspection for ROS interfaces[0m
[ 31%] [32mBuilding CXX object CMakeFiles/multi_map_nav__rosidl_typesupport_cpp.dir/rosidl_typesupport_cpp/multi_map_nav/action/navigate_to_goal__type_support.cpp.o[0m
[ 34%] [32mBuilding CXX object CMakeFiles/multi_map_nav__rosidl_typesupport_introspection_cpp.dir/rosidl_typesupport_introspection_cpp/multi_map_nav/action/detail/navigate_to_goal__type_support.cpp.o[0m
[ 37%] [32mBuilding CXX object CMakeFiles/multi_map_nav__rosidl_typesupport_fastrtps_cpp.dir/rosidl_typesupport_fastrtps_cpp/multi_map_nav/action/detail/dds_fastrtps/navigate_to_goal__type_support.cpp.o[0m
[ 40%] [32mBuilding CXX object CMakeFiles/multi_map_nav__rosidl_typesupport_c.dir/rosidl_typesupport_c/multi_map_nav/action/navigate_to_goal__type_support.cpp.o[0m
[ 42%] [32m[1mLinking CXX shared library libmulti_map_nav__rosidl_typesupport_c.so[0m
[ 42%] Built target multi_map_nav__rosidl_typesupport_c
[ 45%] [32mBuilding C object CMakeFiles/multi_map_nav__rosidl_typesupport_introspection_c.dir/rosidl_typesupport_introspection_c/multi_map_nav/action/detail/navigate_to_goal__type_support.c.o[0m
[ 48%] [32mBuilding CXX object CMakeFiles/multi_map_nav__rosidl_typesupport_fastrtps_c.dir/rosidl_typesupport_fastrtps_c/multi_map_nav/action/detail/navigate_to_goal__type_support_c.cpp.o[0m
[ 51%] [32m[1mLinking C shared library libmulti_map_nav__rosidl_typesupport_introspection_c.so[0m
[ 54%] [32m[1mLinking CXX shared library libmulti_map_nav__rosidl_typesupport_cpp.so[0m
[ 54%] Built target multi_map_nav__rosidl_typesupport_introspection_c
[ 54%] Built target multi_map_nav__rosidl_typesupport_cpp
[ 57%] [32mBuilding CXX object CMakeFiles/navigation_server_node.dir/src/switch_map.cpp.o[0m
[ 60%] [32mBuilding CXX object CMakeFiles/navigation_server_node.dir/src/navigation_server.cpp.o[0m
[ 62%] [32mBuilding CXX object CMakeFiles/navigation_server_node.dir/src/wormhole_manager.cpp.o[0m
[ 65%] [32m[1mLinking CXX shared library libmulti_map_nav__rosidl_typesupport_introspection_cpp.so[0m
[ 68%] [32m[1mLinking CXX shared library libmulti_map_nav__rosidl_typesupport_fastrtps_cpp.so[0m
[ 71%] [32m[1mLinking CXX shared library libmulti_map_nav__rosidl_typesupport_fastrtps_c.so[0m
[ 71%] Built target multi_map_nav__rosidl_typesupport_introspection_cpp
[ 71%] Built target multi_map_nav__rosidl_typesupport_fastrtps_cpp
[ 71%] Built target multi_map_nav__rosidl_typesupport_fastrtps_c
[ 71%] Built target multi_map_nav
[ 74%] [34m[1mGenerating Python code for ROS interfaces[0m
[ 74%] Built target multi_map_nav__py
[ 77%] [32mBuilding C object CMakeFiles/multi_map_nav__rosidl_generator_py.dir/rosidl_generator_py/multi_map_nav/action/_navigate_to_goal_s.c.o[0m
[ 80%] [32m[1mLinking C shared library rosidl_generator_py/multi_map_nav/libmulti_map_nav__rosidl_generator_py.so[0m
[ 80%] Built target multi_map_nav__rosidl_generator_py
[ 82%] [32mBuilding C object CMakeFiles/multi_map_nav__rosidl_typesupport_fastrtps_c__pyext.dir/rosidl_generator_py/multi_map_nav/_multi_map_nav_s.ep.rosidl_typesupport_fastrtps_c.c.o[0m
[ 85%] [32mBuilding C object CMakeFiles/multi_map_nav__rosidl_typesupport_introspection_c__pyext.dir/rosidl_generator_py/multi_map_nav/_multi_map_nav_s.ep.rosidl_typesupport_introspection_c.c.o[0m
[ 88%] [32mBuilding C object CMakeFiles/multi_map_nav__rosidl_typesupport_c__pyext.dir/rosidl_generator_py/multi_map_nav/_multi_map_nav_s.ep.rosidl_typesupport_c.c.o[0m
[ 91%] [32m[1mLinking C shared library rosidl_generator_py/multi_map_nav/multi_map_nav_s__rosidl_typesupport_c.cpython-310-x86_64-linux-gnu.so[0m
[ 94%] [32m[1mLinking C shared library rosidl_generator_py/multi_map_nav/multi_map_nav_s__rosidl_typesupport_fastrtps_c.cpython-310-x86_64-linux-gnu.so[0m
[ 97%] [32m[1mLinking C shared library rosidl_generator_py/multi_map_nav/multi_map_nav_s__rosidl_typesupport_introspection_c.cpython-310-x86_64-linux-gnu.so[0m
[ 97%] Built target multi_map_nav__rosidl_typesupport_c__pyext
[ 97%] Built target multi_map_nav__rosidl_typesupport_introspection_c__pyext
[ 97%] Built target multi_map_nav__rosidl_typesupport_fastrtps_c__pyext
[01m[K/home/ksubra/new_ws/src/multi_map_nav/src/navigation_server.cpp:[m[K In constructor ‘[01m[KNavigationServer::NavigationServer(const string&)[m[K’:
[01m[K/home/ksubra/new_ws/src/multi_map_nav/src/navigation_server.cpp:20:89:[m[K [01;31m[Kerror: [m[Kno matching function for call to ‘[01m[Kcreate_server<multi_map_nav::action::NavigateToGoal>(NavigationServer*, const char [17], std::_Bind_helper<false, rclcpp_action::GoalResponse (NavigationServer::*)(const std::array<unsigned char, 16>&, std::shared_ptr<const multi_map_nav::action::NavigateToGoal>), NavigationServer*, const std::_Placeholder<1>&, const std::_Placeholder<2>&>::type, std::_Bind_helper<false, rclcpp_action::CancelResponse (NavigationServer::*)(std::shared_ptr<rclcpp_action::ServerGoalHandle<multi_map_nav::action::NavigateToGoal> >), NavigationServer*, const std::_Placeholder<1>&>::type, std::_Bind_helper<false, void (NavigationServer::*)(std::shared_ptr<rclcpp_action::ServerGoalHandle<multi_map_nav::action::NavigateToGoal> >), NavigationServer*, const std::_Placeholder<1>&>::type)[m[K’
   20 |  = [01;31m[Krclcpp_action::create_server<multi_map_nav::action::NavigateToGoal>([m[K
      |    [01;31m[K~~~~~~~~~~~~~~~~~~~~~~~~~~~~~~~~~~~~~~~~~~~~~~~~~~~~~~~~~~~~~~~~~~~^[m[K

   21 | 
      |                                                                        

   22 | [01;31m[Kto_goal",[m[K
      | [01;31m[K~~~~~~~~~[m[K                                                              

   23 | [01;31m[K&NavigationServer::handle_goal, this, std::placeholders::_1, std::placeholders::_2),[m[K
      | [01;31m[K~~~~~~~~~~~~~~~~~~~~~~~~~~~~~~~~~~~~~~~~~~~~~~~~~~~~~~~~~~~~~~~~~~~~~~~~~~~~~~~~~~~~[m[K

   24 | [01;31m[K&NavigationServer::handle_cancel, this, std::placeholders::_1),[m[K
      | [01;31m[K~~~~~~~~~~~~~~~~~~~~~~~~~~~~~~~~~~~~~~~~~~~~~~~~~~~~~~~~~~~~~~~[m[K        

   25 | [01;31m[K&NavigationServer::handle_accepted, this, std::placeholders::_1))[m[K;
      | [01;31m[K~~~~~~~~~~~~~~~~~~~~~~~~~~~~~~~~~~~~~~~~~~~~~~~~~~~~~~~~~~~~~~~~~[m[K      

In file included from [01m[K/opt/ros/humble/include/rclcpp_action/rclcpp_action/rclcpp_action.hpp:39[m[K,
                 from [01m[K/home/ksubra/new_ws/src/multi_map_nav/include/multi_map_nav/navigation_server.hpp:4[m[K,
                 from [01m[K/home/ksubra/new_ws/src/multi_map_nav/src/navigation_server.cpp:1[m[K:
[01m[K/opt/ros/humble/include/rclcpp_action/rclcpp_action/create_server.hpp:58:1:[m[K [01;36m[Knote: [m[Kcandidate: ‘[01m[Ktypename rclcpp_action::Server<ActionT>::SharedPtr rclcpp_action::create_server(rclcpp::node_interfaces::NodeBaseInterface::SharedPtr, rclcpp::node_interfaces::NodeClockInterface::SharedPtr, rclcpp::node_interfaces::NodeLoggingInterface::SharedPtr, rclcpp::node_interfaces::NodeWaitablesInterface::SharedPtr, const string&, typename rclcpp_action::Server<ActionT>::GoalCallback, typename rclcpp_action::Server<ActionT>::CancelCallback, typename rclcpp_action::Server<ActionT>::AcceptedCallback, const rcl_action_server_options_t&, rclcpp::CallbackGroup::SharedPtr) [with ActionT = multi_map_nav::action::NavigateToGoal; typename rclcpp_action::Server<ActionT>::SharedPtr = std::shared_ptr<rclcpp_action::Server<multi_map_nav::action::NavigateToGoal> >; rclcpp::node_interfaces::NodeBaseInterface::SharedPtr = std::shared_ptr<rclcpp::node_interfaces::NodeBaseInterface>; rclcpp::node_interfaces::NodeClockInterface::SharedPtr = std::shared_ptr<rclcpp::node_interfaces::NodeClockInterface>; rclcpp::node_interfaces::NodeLoggingInterface::SharedPtr = std::shared_ptr<rclcpp::node_interfaces::NodeLoggingInterface>; rclcpp::node_interfaces::NodeWaitablesInterface::SharedPtr = std::shared_ptr<rclcpp::node_interfaces::NodeWaitablesInterface>; std::string = std::__cxx11::basic_string<char>; typename rclcpp_action::Server<ActionT>::GoalCallback = std::function<rclcpp_action::GoalResponse(const std::array<unsigned char, 16>&, std::shared_ptr<const multi_map_nav::action::NavigateToGoal_Goal_<std::allocator<void> > >)>; typename rclcpp_action::Server<ActionT>::CancelCallback = std::function<rclcpp_action::CancelResponse(std::shared_ptr<rclcpp_action::ServerGoalHandle<multi_map_nav::action::NavigateToGoal> >)>; typename rclcpp_action::Server<ActionT>::AcceptedCallback = std::function<void(std::shared_ptr<rclcpp_action::ServerGoalHandle<multi_map_nav::action::NavigateToGoal> >)>; rcl_action_server_options_t = rcl_action_server_options_s; rclcpp::CallbackGroup::SharedPtr = std::shared_ptr<rclcpp::CallbackGroup>][m[K’
   58 | [01;36m[Kcreate_server[m[K(
      | [01;36m[K^~~~~~~~~~~~~[m[K
[01m[K/opt/ros/humble/include/rclcpp_action/rclcpp_action/create_server.hpp:58:1:[m[K [01;36m[Knote: [m[K  candidate expects 10 arguments, 5 provided
[01m[K/opt/ros/humble/include/rclcpp_action/rclcpp_action/create_server.hpp:132:1:[m[K [01;36m[Knote: [m[Kcandidate: ‘[01m[Ktemplate<class ActionT, class NodeT> typename rclcpp_action::Server<ActionT>::SharedPtr rclcpp_action::create_server(NodeT, const string&, typename rclcpp_action::Server<ActionT>::GoalCallback, typename rclcpp_action::Server<ActionT>::CancelCallback, typename rclcpp_action::Server<ActionT>::AcceptedCallback, const rcl_action_server_options_t&, rclcpp::CallbackGroup::SharedPtr)[m[K’
  132 | [01;36m[Kcreate_server[m[K(
      | [01;36m[K^~~~~~~~~~~~~[m[K
[01m[K/opt/ros/humble/include/rclcpp_action/rclcpp_action/create_server.hpp:132:1:[m[K [01;36m[Knote: [m[K  template argument deduction/substitution failed:
[01m[K/home/ksubra/new_ws/src/multi_map_nav/src/navigation_server.cpp:23:18:[m[K [01;36m[Knote: [m[K  cannot convert ‘[01m[Kstd::bind(_Func&&, _BoundArgs&& ...) [with _Func = rclcpp_action::GoalResponse (NavigationServer::*)(const std::array<unsigned char, 16>&, std::shared_ptr<const multi_map_nav::action::NavigateToGoal>); _BoundArgs = {NavigationServer*, const std::_Placeholder<1>&, const std::_Placeholder<2>&}; typename std::_Bind_helper<std::__is_socketlike<_Func>::value, _Func, _BoundArgs ...>::type = std::_Bind_helper<false, rclcpp_action::GoalResponse (NavigationServer::*)(const std::array<unsigned char, 16>&, std::shared_ptr<const multi_map_nav::action::NavigateToGoal>), NavigationServer*, const std::_Placeholder<1>&, const std::_Placeholder<2>&>::type; std::__is_socketlike<_Func> = std::__is_socketlike<rclcpp_action::GoalResponse (NavigationServer::*)(const std::array<unsigned char, 16>&, std::shared_ptr<const multi_map_nav::action::NavigateToGoal>), rclcpp_action::GoalResponse (NavigationServer::*)(const std::array<unsigned char, 16>&, std::shared_ptr<const multi_map_nav::action::NavigateToGoal>)>; typename std::decay<_Tp>::type = rclcpp_action::GoalResponse (NavigationServer::*)(const std::array<unsigned char, 16>&, std::shared_ptr<const multi_map_nav::action::NavigateToGoal>)](((NavigationServer*)this), std::placeholders::_1, std::placeholders::_2)[m[K’ (type ‘[01m[Kstd::_Bind_helper<false, rclcpp_action::GoalResponse (NavigationServer::*)(const std::array<unsigned char, 16>&, std::shared_ptr<const multi_map_nav::action::NavigateToGoal>), NavigationServer*, const std::_Placeholder<1>&, const std::_Placeholder<2>&>::type[m[K’) to type ‘[01m[Krclcpp_action::Server<multi_map_nav::action::NavigateToGoal>::GoalCallback[m[K’ {aka ‘[01m[Kstd::function<rclcpp_action::GoalResponse(const std::array<unsigned char, 16>&, std::shared_ptr<const multi_map_nav::action::NavigateToGoal_Goal_<std::allocator<void> > >)>[m[K’}
   23 |         [01;36m[Kstd::bind(&NavigationServer::handle_goal, this, std::placeholders::_1, std::placeholders::_2)[m[K,
      |         [01;36m[K~~~~~~~~~^~~~~~~~~~~~~~~~~~~~~~~~~~~~~~~~~~~~~~~~~~~~~~~~~~~~~~~~~~~~~~~~~~~~~~~~~~~~~~~~~~~~[m[K
[01m[K/home/ksubra/new_ws/src/multi_map_nav/src/navigation_server.cpp:[m[K In member function ‘[01m[Kbool NavigationServer::move_base_to(double, double, double)[m[K’:
[01m[K/home/ksubra/new_ws/src/multi_map_nav/src/navigation_server.cpp:64:24:[m[K [01;31m[Kerror: [m[K‘[01m[Kusing element_type = class rclcpp_action::Client<nav2_msgs::action::NavigateToPose>[m[K’ {aka ‘[01m[Kclass rclcpp_action::Client<nav2_msgs::action::NavigateToPose>[m[K’} has no member named ‘[01m[Kwait_for_server[m[K’; did you mean ‘[01m[Kwait_for_action_server[m[K’?
   64 |     if (!nav2_client_->[01;31m[Kwait_for_server[m[K(goal_handle, std::chrono::seconds(30))) {
      |                        [01;31m[K^~~~~~~~~~~~~~~[m[K
      |                        [32m[Kwait_for_action_server[m[K
[01m[K/home/ksubra/new_ws/src/multi_map_nav/src/navigation_server.cpp:77:17:[m[K [01;31m[Kerror: [m[K‘[01m[Kusing element_type = class rclcpp_action::ClientGoalHandle<nav2_msgs::action::NavigateToPose>[m[K’ {aka ‘[01m[Kclass rclcpp_action::ClientGoalHandle<nav2_msgs::action::NavigateToPose>[m[K’} has no member named ‘[01m[Kresult[m[K’; did you mean ‘[01m[KResult[m[K’?
   77 |     if (result->[01;31m[Kresult[m[K != rclcpp_action::ResultCode::SUCCEEDED) {
      |                 [01;31m[K^~~~~~[m[K
      |                 [32m[KResult[m[K
In file included from [01m[K/opt/ros/humble/include/rclcpp/rclcpp/logging.hpp:24[m[K,
                 from [01m[K/opt/ros/humble/include/rclcpp/rclcpp/client.hpp:40[m[K,
                 from [01m[K/opt/ros/humble/include/rclcpp/rclcpp/callback_group.hpp:24[m[K,
                 from [01m[K/opt/ros/humble/include/rclcpp/rclcpp/node_interfaces/node_base_interface.hpp:25[m[K,
                 from [01m[K/opt/ros/humble/include/rclcpp_action/rclcpp_action/client.hpp:33[m[K,
                 from [01m[K/opt/ros/humble/include/rclcpp_action/rclcpp_action/rclcpp_action.hpp:36[m[K,
                 from [01m[K/home/ksubra/new_ws/src/multi_map_nav/include/multi_map_nav/navigation_server.hpp:4[m[K,
                 from [01m[K/home/ksubra/new_ws/src/multi_map_nav/src/navigation_server.cpp:1[m[K:
[01m[K/home/ksubra/new_ws/src/multi_map_nav/src/navigation_server.cpp:78:87:[m[K [01;31m[Kerror: [m[K‘[01m[Kusing element_type = class rclcpp_action::ClientGoalHandle<nav2_msgs::action::NavigateToPose>[m[K’ {aka ‘[01m[Kclass rclcpp_action::ClientGoalHandle<nav2_msgs::action::NavigateToPose>[m[K’} has no member named ‘[01m[Kresult[m[K’; did you mean ‘[01m[KResult[m[K’?
   78 | is->get_logger(), "Navigation failed with status: %d", result->[01;31m[Kresult[m[K);
      |                                                                [01;31m[K^~~~~~[m[K

[01m[K/home/ksubra/new_ws/src/multi_map_nav/src/navigation_server.cpp:91:10:[m[K [01;31m[Kerror: [m[Kconflicting declaration ‘[01m[Kauto result[m[K’
   91 |     auto [01;31m[Kresult[m[K = future_result.get();
      |          [01;31m[K^~~~~~[m[K
[01m[K/home/ksubra/new_ws/src/multi_map_nav/src/navigation_server.cpp:71:10:[m[K [01;36m[Knote: [m[Kprevious declaration as ‘[01m[Kstd::shared_ptr<rclcpp_action::ClientGoalHandle<nav2_msgs::action::NavigateToPose> > result[m[K’
   71 |     auto [01;36m[Kresult[m[K = goal_handle;
      |          [01;36m[K^~~~~~[m[K
[01m[K/home/ksubra/new_ws/src/multi_map_nav/src/navigation_server.cpp:92:19:[m[K [01;31m[Kerror: [m[K‘[01m[Kclass std::shared_ptr<rclcpp_action::ClientGoalHandle<nav2_msgs::action::NavigateToPose> >[m[K’ has no member named ‘[01m[Kcode[m[K’
   92 |     return result.[01;31m[Kcode[m[K == rclcpp_action::ResultCode::SUCCEEDED;
      |                   [01;31m[K^~~~[m[K
gmake[2]: *** [CMakeFiles/navigation_server_node.dir/build.make:76: CMakeFiles/navigation_server_node.dir/src/navigation_server.cpp.o] Error 1
gmake[2]: *** Waiting for unfinished jobs....
gmake[1]: *** [CMakeFiles/Makefile2:593: CMakeFiles/navigation_server_node.dir/all] Error 2
gmake: *** [Makefile:146: all] Error 2
