[0.020s] Invoking command in '/home/ksubra/new_ws/build/multi_map_nav': CMAKE_PREFIX_PATH=/opt/ros/humble /usr/bin/cmake /home/ksubra/new_ws/src/multi_map_nav -DCMAKE_INSTALL_PREFIX=/home/ksubra/new_ws/install/multi_map_nav
[0.134s] -- The C compiler identification is GNU 11.4.0
[0.250s] -- The CXX compiler identification is GNU 11.4.0
[0.266s] -- Detecting C compiler ABI info
[0.409s] -- Detecting C compiler ABI info - done
[0.429s] -- Check for working C compiler: /usr/bin/cc - skipped
[0.432s] -- Detecting C compile features
[0.432s] -- Detecting C compile features - done
[0.438s] -- Detecting CXX compiler ABI info
[0.610s] -- Detecting CXX compiler ABI info - done
[0.630s] -- Check for working CXX compiler: /usr/bin/c++ - skipped
[0.630s] -- Detecting CXX compile features
[0.631s] -- Detecting CXX compile features - done
[0.640s] -- Found PkgConfig: /usr/bin/pkg-config (found version "0.29.2") 
[0.642s] -- Checking for module 'sqlite3'
[0.669s] --   Found sqlite3, version 3.37.2
[0.744s] -- Found ament_cmake: 1.3.12 (/opt/ros/humble/share/ament_cmake/cmake)
[1.038s] -- Found Python3: /usr/bin/python3 (found version "3.10.12") found components: Interpreter 
[1.228s] -- Found rclcpp: 16.0.14 (/opt/ros/humble/share/rclcpp/cmake)
[1.311s] -- Found rosidl_generator_c: 3.1.7 (/opt/ros/humble/share/rosidl_generator_c/cmake)
[1.321s] -- Found rosidl_adapter: 3.1.7 (/opt/ros/humble/share/rosidl_adapter/cmake)
[1.340s] -- Found rosidl_generator_cpp: 3.1.7 (/opt/ros/humble/share/rosidl_generator_cpp/cmake)
[1.369s] -- Using all available rosidl_typesupport_c: rosidl_typesupport_fastrtps_c;rosidl_typesupport_introspection_c
[1.406s] -- Using all available rosidl_typesupport_cpp: rosidl_typesupport_fastrtps_cpp;rosidl_typesupport_introspection_cpp
[1.513s] -- Found rmw_implementation_cmake: 6.1.2 (/opt/ros/humble/share/rmw_implementation_cmake/cmake)
[1.520s] -- Found rmw_fastrtps_cpp: 6.2.8 (/opt/ros/humble/share/rmw_fastrtps_cpp/cmake)
[1.708s] -- Found OpenSSL: /usr/lib/x86_64-linux-gnu/libcrypto.so (found version "3.0.2")  
[1.768s] -- Found FastRTPS: /opt/ros/humble/include  
[1.857s] -- Using RMW implementation 'rmw_fastrtps_cpp' as default
[1.878s] -- Looking for pthread.h
[2.034s] -- Looking for pthread.h - found
[2.035s] -- Performing Test CMAKE_HAVE_LIBC_PTHREAD
[2.187s] -- Performing Test CMAKE_HAVE_LIBC_PTHREAD - Success
[2.195s] -- Found Threads: TRUE  
[2.328s] -- Found rclcpp_action: 16.0.14 (/opt/ros/humble/share/rclcpp_action/cmake)
[2.417s] -- Found geometry_msgs: 4.9.0 (/opt/ros/humble/share/geometry_msgs/cmake)
[2.456s] -- Found nav2_msgs: 1.1.18 (/opt/ros/humble/share/nav2_msgs/cmake)
[2.579s] -- Found tf2: 0.25.15 (/opt/ros/humble/share/tf2/cmake)
[2.603s] -- Found tf2_geometry_msgs: 0.25.15 (/opt/ros/humble/share/tf2_geometry_msgs/cmake)
[2.633s] -- Found eigen3_cmake_module: 0.1.1 (/opt/ros/humble/share/eigen3_cmake_module/cmake)
[2.636s] -- Found Eigen3: TRUE (found version "3.4.0") 
[2.636s] -- Ensuring Eigen3 include directory is part of orocos-kdl CMake target
[2.797s] -- Found ament_cmake_auto: 1.3.12 (/opt/ros/humble/share/ament_cmake_auto/cmake)
[2.802s] -- Found rosidl_default_generators: 1.2.0 (/opt/ros/humble/share/rosidl_default_generators/cmake)
[3.386s] -- Found ament_cmake_ros: 0.10.0 (/opt/ros/humble/share/ament_cmake_ros/cmake)
[4.040s] -- Using all available rosidl_typesupport_c: rosidl_typesupport_fastrtps_c;rosidl_typesupport_introspection_c
[4.295s] -- Using all available rosidl_typesupport_cpp: rosidl_typesupport_fastrtps_cpp;rosidl_typesupport_introspection_cpp
[4.341s] -- Found PythonInterp: /usr/bin/python3 (found suitable version "3.10.12", minimum required is "3.6") 
[4.344s] -- Found python_cmake_module: 0.10.0 (/opt/ros/humble/share/python_cmake_module/cmake)
[4.396s] -- Found PythonLibs: /usr/lib/x86_64-linux-gnu/libpython3.10.so (found suitable version "3.10.12", minimum required is "3.5") 
[4.396s] -- Using PYTHON_EXECUTABLE: /usr/bin/python3
[4.396s] -- Using PYTHON_INCLUDE_DIRS: /usr/include/python3.10
[4.396s] -- Using PYTHON_LIBRARIES: /usr/lib/x86_64-linux-gnu/libpython3.10.so
[4.439s] -- Found PythonExtra: .so  
[4.540s] -- Configuring done
[4.632s] -- Generating done
[4.665s] -- Build files have been written to: /home/ksubra/new_ws/build/multi_map_nav
[4.700s] Invoked command in '/home/ksubra/new_ws/build/multi_map_nav' returned '0': CMAKE_PREFIX_PATH=/opt/ros/humble /usr/bin/cmake /home/ksubra/new_ws/src/multi_map_nav -DCMAKE_INSTALL_PREFIX=/home/ksubra/new_ws/install/multi_map_nav
[4.701s] Invoking command in '/home/ksubra/new_ws/build/multi_map_nav': CMAKE_PREFIX_PATH=/opt/ros/humble /usr/bin/cmake --build /home/ksubra/new_ws/build/multi_map_nav -- -j6 -l6
[4.784s] [  2%] [34m[1mGenerating C code for ROS interfaces[0m
[4.804s] [  5%] [34m[1mGenerating C++ code for ROS interfaces[0m
[4.823s] [  5%] Built target ament_cmake_python_copy_multi_map_nav
[5.438s] running egg_info
[5.440s] creating multi_map_nav.egg-info
[5.441s] writing multi_map_nav.egg-info/PKG-INFO
[5.441s] writing dependency_links to multi_map_nav.egg-info/dependency_links.txt
[5.441s] writing top-level names to multi_map_nav.egg-info/top_level.txt
[5.442s] writing manifest file 'multi_map_nav.egg-info/SOURCES.txt'
[5.448s] reading manifest file 'multi_map_nav.egg-info/SOURCES.txt'
[5.449s] writing manifest file 'multi_map_nav.egg-info/SOURCES.txt'
[5.520s] [  5%] Built target ament_cmake_python_build_multi_map_nav_egg
[5.954s] [  5%] Built target multi_map_nav__cpp
[5.980s] [  8%] [34m[1mGenerating C++ type support dispatch for ROS interfaces[0m
[5.980s] [ 11%] [34m[1mGenerating C++ introspection for ROS interfaces[0m
[5.980s] [ 14%] [34m[1mGenerating C++ type support for eProsima Fast-RTPS[0m
[6.064s] [ 17%] [32mBuilding C object CMakeFiles/multi_map_nav__rosidl_generator_c.dir/rosidl_generator_c/multi_map_nav/action/detail/navigate_to_goal__functions.c.o[0m
[6.339s] [ 20%] [32m[1mLinking C shared library libmulti_map_nav__rosidl_generator_c.so[0m
[6.434s] [ 20%] Built target multi_map_nav__rosidl_generator_c
[6.469s] [ 25%] [34m[1mGenerating C type support dispatch for ROS interfaces[0m
[6.469s] [ 25%] [34m[1mGenerating C type support for eProsima Fast-RTPS[0m
[6.469s] [ 28%] [34m[1mGenerating C introspection for ROS interfaces[0m
[6.803s] [ 31%] [32mBuilding CXX object CMakeFiles/multi_map_nav__rosidl_typesupport_cpp.dir/rosidl_typesupport_cpp/multi_map_nav/action/navigate_to_goal__type_support.cpp.o[0m
[6.893s] [ 34%] [32mBuilding CXX object CMakeFiles/multi_map_nav__rosidl_typesupport_introspection_cpp.dir/rosidl_typesupport_introspection_cpp/multi_map_nav/action/detail/navigate_to_goal__type_support.cpp.o[0m
[7.137s] [ 37%] [32mBuilding CXX object CMakeFiles/multi_map_nav__rosidl_typesupport_fastrtps_cpp.dir/rosidl_typesupport_fastrtps_cpp/multi_map_nav/action/detail/dds_fastrtps/navigate_to_goal__type_support.cpp.o[0m
[7.503s] [ 40%] [32mBuilding CXX object CMakeFiles/multi_map_nav__rosidl_typesupport_c.dir/rosidl_typesupport_c/multi_map_nav/action/navigate_to_goal__type_support.cpp.o[0m
[7.650s] [ 42%] [32m[1mLinking CXX shared library libmulti_map_nav__rosidl_typesupport_c.so[0m
[7.820s] [ 42%] Built target multi_map_nav__rosidl_typesupport_c
[7.842s] [ 45%] [32mBuilding C object CMakeFiles/multi_map_nav__rosidl_typesupport_introspection_c.dir/rosidl_typesupport_introspection_c/multi_map_nav/action/detail/navigate_to_goal__type_support.c.o[0m
[7.931s] [ 48%] [32mBuilding CXX object CMakeFiles/multi_map_nav__rosidl_typesupport_fastrtps_c.dir/rosidl_typesupport_fastrtps_c/multi_map_nav/action/detail/navigate_to_goal__type_support_c.cpp.o[0m
[8.012s] [ 51%] [32m[1mLinking C shared library libmulti_map_nav__rosidl_typesupport_introspection_c.so[0m
[8.054s] [ 54%] [32m[1mLinking CXX shared library libmulti_map_nav__rosidl_typesupport_cpp.so[0m
[8.137s] [ 54%] Built target multi_map_nav__rosidl_typesupport_introspection_c
[8.195s] [ 54%] Built target multi_map_nav__rosidl_typesupport_cpp
[8.282s] [ 57%] [32mBuilding CXX object CMakeFiles/navigation_server_node.dir/src/switch_map.cpp.o[0m
[8.288s] [ 60%] [32mBuilding CXX object CMakeFiles/navigation_server_node.dir/src/navigation_server.cpp.o[0m
[8.291s] [ 62%] [32mBuilding CXX object CMakeFiles/navigation_server_node.dir/src/wormhole_manager.cpp.o[0m
[8.475s] [ 65%] [32m[1mLinking CXX shared library libmulti_map_nav__rosidl_typesupport_introspection_cpp.so[0m
[8.633s] [ 68%] [32m[1mLinking CXX shared library libmulti_map_nav__rosidl_typesupport_fastrtps_cpp.so[0m
[8.719s] [ 71%] [32m[1mLinking CXX shared library libmulti_map_nav__rosidl_typesupport_fastrtps_c.so[0m
[8.804s] [ 71%] Built target multi_map_nav__rosidl_typesupport_introspection_cpp
[8.890s] [ 71%] Built target multi_map_nav__rosidl_typesupport_fastrtps_cpp
[8.952s] [ 71%] Built target multi_map_nav__rosidl_typesupport_fastrtps_c
[8.982s] [ 71%] Built target multi_map_nav
[9.019s] [ 74%] [34m[1mGenerating Python code for ROS interfaces[0m
[10.570s] [ 74%] Built target multi_map_nav__py
[10.607s] [ 77%] [32mBuilding C object CMakeFiles/multi_map_nav__rosidl_generator_py.dir/rosidl_generator_py/multi_map_nav/action/_navigate_to_goal_s.c.o[0m
[10.834s] [ 80%] [32m[1mLinking C shared library rosidl_generator_py/multi_map_nav/libmulti_map_nav__rosidl_generator_py.so[0m
[10.916s] [ 80%] Built target multi_map_nav__rosidl_generator_py
[10.979s] [ 82%] [32mBuilding C object CMakeFiles/multi_map_nav__rosidl_typesupport_fastrtps_c__pyext.dir/rosidl_generator_py/multi_map_nav/_multi_map_nav_s.ep.rosidl_typesupport_fastrtps_c.c.o[0m
[10.981s] [ 85%] [32mBuilding C object CMakeFiles/multi_map_nav__rosidl_typesupport_introspection_c__pyext.dir/rosidl_generator_py/multi_map_nav/_multi_map_nav_s.ep.rosidl_typesupport_introspection_c.c.o[0m
[10.984s] [ 88%] [32mBuilding C object CMakeFiles/multi_map_nav__rosidl_typesupport_c__pyext.dir/rosidl_generator_py/multi_map_nav/_multi_map_nav_s.ep.rosidl_typesupport_c.c.o[0m
[11.236s] [ 91%] [32m[1mLinking C shared library rosidl_generator_py/multi_map_nav/multi_map_nav_s__rosidl_typesupport_c.cpython-310-x86_64-linux-gnu.so[0m
[11.265s] [ 94%] [32m[1mLinking C shared library rosidl_generator_py/multi_map_nav/multi_map_nav_s__rosidl_typesupport_fastrtps_c.cpython-310-x86_64-linux-gnu.so[0m
[11.276s] [ 97%] [32m[1mLinking C shared library rosidl_generator_py/multi_map_nav/multi_map_nav_s__rosidl_typesupport_introspection_c.cpython-310-x86_64-linux-gnu.so[0m
[11.339s] [ 97%] Built target multi_map_nav__rosidl_typesupport_c__pyext
[11.362s] [ 97%] Built target multi_map_nav__rosidl_typesupport_introspection_c__pyext
[11.373s] [ 97%] Built target multi_map_nav__rosidl_typesupport_fastrtps_c__pyext
[13.006s] [01m[K/home/ksubra/new_ws/src/multi_map_nav/src/navigation_server.cpp:[m[K In constructor ‘[01m[KNavigationServer::NavigationServer(const string&)[m[K’:
[13.006s] [01m[K/home/ksubra/new_ws/src/multi_map_nav/src/navigation_server.cpp:20:89:[m[K [01;31m[Kerror: [m[Kno matching function for call to ‘[01m[Kcreate_server<multi_map_nav::action::NavigateToGoal>(NavigationServer*, const char [17], std::_Bind_helper<false, rclcpp_action::GoalResponse (NavigationServer::*)(const std::array<unsigned char, 16>&, std::shared_ptr<const multi_map_nav::action::NavigateToGoal>), NavigationServer*, const std::_Placeholder<1>&, const std::_Placeholder<2>&>::type, std::_Bind_helper<false, rclcpp_action::CancelResponse (NavigationServer::*)(std::shared_ptr<rclcpp_action::ServerGoalHandle<multi_map_nav::action::NavigateToGoal> >), NavigationServer*, const std::_Placeholder<1>&>::type, std::_Bind_helper<false, void (NavigationServer::*)(std::shared_ptr<rclcpp_action::ServerGoalHandle<multi_map_nav::action::NavigateToGoal> >), NavigationServer*, const std::_Placeholder<1>&>::type)[m[K’
[13.006s]    20 |  = [01;31m[Krclcpp_action::create_server<multi_map_nav::action::NavigateToGoal>([m[K
[13.006s]       |    [01;31m[K~~~~~~~~~~~~~~~~~~~~~~~~~~~~~~~~~~~~~~~~~~~~~~~~~~~~~~~~~~~~~~~~~~~^[m[K
[13.006s] 
[13.006s]    21 | 
[13.006s]       |                                                                        
[13.007s] 
[13.007s]    22 | [01;31m[Kto_goal",[m[K
[13.007s]       | [01;31m[K~~~~~~~~~[m[K                                                              
[13.007s] 
[13.007s]    23 | [01;31m[K&NavigationServer::handle_goal, this, std::placeholders::_1, std::placeholders::_2),[m[K
[13.007s]       | [01;31m[K~~~~~~~~~~~~~~~~~~~~~~~~~~~~~~~~~~~~~~~~~~~~~~~~~~~~~~~~~~~~~~~~~~~~~~~~~~~~~~~~~~~~[m[K
[13.007s] 
[13.007s]    24 | [01;31m[K&NavigationServer::handle_cancel, this, std::placeholders::_1),[m[K
[13.007s]       | [01;31m[K~~~~~~~~~~~~~~~~~~~~~~~~~~~~~~~~~~~~~~~~~~~~~~~~~~~~~~~~~~~~~~~[m[K        
[13.007s] 
[13.007s]    25 | [01;31m[K&NavigationServer::handle_accepted, this, std::placeholders::_1))[m[K;
[13.008s]       | [01;31m[K~~~~~~~~~~~~~~~~~~~~~~~~~~~~~~~~~~~~~~~~~~~~~~~~~~~~~~~~~~~~~~~~~[m[K      
[13.008s] 
[13.008s] In file included from [01m[K/opt/ros/humble/include/rclcpp_action/rclcpp_action/rclcpp_action.hpp:39[m[K,
[13.008s]                  from [01m[K/home/ksubra/new_ws/src/multi_map_nav/include/multi_map_nav/navigation_server.hpp:4[m[K,
[13.008s]                  from [01m[K/home/ksubra/new_ws/src/multi_map_nav/src/navigation_server.cpp:1[m[K:
[13.008s] [01m[K/opt/ros/humble/include/rclcpp_action/rclcpp_action/create_server.hpp:58:1:[m[K [01;36m[Knote: [m[Kcandidate: ‘[01m[Ktypename rclcpp_action::Server<ActionT>::SharedPtr rclcpp_action::create_server(rclcpp::node_interfaces::NodeBaseInterface::SharedPtr, rclcpp::node_interfaces::NodeClockInterface::SharedPtr, rclcpp::node_interfaces::NodeLoggingInterface::SharedPtr, rclcpp::node_interfaces::NodeWaitablesInterface::SharedPtr, const string&, typename rclcpp_action::Server<ActionT>::GoalCallback, typename rclcpp_action::Server<ActionT>::CancelCallback, typename rclcpp_action::Server<ActionT>::AcceptedCallback, const rcl_action_server_options_t&, rclcpp::CallbackGroup::SharedPtr) [with ActionT = multi_map_nav::action::NavigateToGoal; typename rclcpp_action::Server<ActionT>::SharedPtr = std::shared_ptr<rclcpp_action::Server<multi_map_nav::action::NavigateToGoal> >; rclcpp::node_interfaces::NodeBaseInterface::SharedPtr = std::shared_ptr<rclcpp::node_interfaces::NodeBaseInterface>; rclcpp::node_interfaces::NodeClockInterface::SharedPtr = std::shared_ptr<rclcpp::node_interfaces::NodeClockInterface>; rclcpp::node_interfaces::NodeLoggingInterface::SharedPtr = std::shared_ptr<rclcpp::node_interfaces::NodeLoggingInterface>; rclcpp::node_interfaces::NodeWaitablesInterface::SharedPtr = std::shared_ptr<rclcpp::node_interfaces::NodeWaitablesInterface>; std::string = std::__cxx11::basic_string<char>; typename rclcpp_action::Server<ActionT>::GoalCallback = std::function<rclcpp_action::GoalResponse(const std::array<unsigned char, 16>&, std::shared_ptr<const multi_map_nav::action::NavigateToGoal_Goal_<std::allocator<void> > >)>; typename rclcpp_action::Server<ActionT>::CancelCallback = std::function<rclcpp_action::CancelResponse(std::shared_ptr<rclcpp_action::ServerGoalHandle<multi_map_nav::action::NavigateToGoal> >)>; typename rclcpp_action::Server<ActionT>::AcceptedCallback = std::function<void(std::shared_ptr<rclcpp_action::ServerGoalHandle<multi_map_nav::action::NavigateToGoal> >)>; rcl_action_server_options_t = rcl_action_server_options_s; rclcpp::CallbackGroup::SharedPtr = std::shared_ptr<rclcpp::CallbackGroup>][m[K’
[13.008s]    58 | [01;36m[Kcreate_server[m[K(
[13.008s]       | [01;36m[K^~~~~~~~~~~~~[m[K
[13.008s] [01m[K/opt/ros/humble/include/rclcpp_action/rclcpp_action/create_server.hpp:58:1:[m[K [01;36m[Knote: [m[K  candidate expects 10 arguments, 5 provided
[13.009s] [01m[K/opt/ros/humble/include/rclcpp_action/rclcpp_action/create_server.hpp:132:1:[m[K [01;36m[Knote: [m[Kcandidate: ‘[01m[Ktemplate<class ActionT, class NodeT> typename rclcpp_action::Server<ActionT>::SharedPtr rclcpp_action::create_server(NodeT, const string&, typename rclcpp_action::Server<ActionT>::GoalCallback, typename rclcpp_action::Server<ActionT>::CancelCallback, typename rclcpp_action::Server<ActionT>::AcceptedCallback, const rcl_action_server_options_t&, rclcpp::CallbackGroup::SharedPtr)[m[K’
[13.009s]   132 | [01;36m[Kcreate_server[m[K(
[13.009s]       | [01;36m[K^~~~~~~~~~~~~[m[K
[13.009s] [01m[K/opt/ros/humble/include/rclcpp_action/rclcpp_action/create_server.hpp:132:1:[m[K [01;36m[Knote: [m[K  template argument deduction/substitution failed:
[13.009s] [01m[K/home/ksubra/new_ws/src/multi_map_nav/src/navigation_server.cpp:23:18:[m[K [01;36m[Knote: [m[K  cannot convert ‘[01m[Kstd::bind(_Func&&, _BoundArgs&& ...) [with _Func = rclcpp_action::GoalResponse (NavigationServer::*)(const std::array<unsigned char, 16>&, std::shared_ptr<const multi_map_nav::action::NavigateToGoal>); _BoundArgs = {NavigationServer*, const std::_Placeholder<1>&, const std::_Placeholder<2>&}; typename std::_Bind_helper<std::__is_socketlike<_Func>::value, _Func, _BoundArgs ...>::type = std::_Bind_helper<false, rclcpp_action::GoalResponse (NavigationServer::*)(const std::array<unsigned char, 16>&, std::shared_ptr<const multi_map_nav::action::NavigateToGoal>), NavigationServer*, const std::_Placeholder<1>&, const std::_Placeholder<2>&>::type; std::__is_socketlike<_Func> = std::__is_socketlike<rclcpp_action::GoalResponse (NavigationServer::*)(const std::array<unsigned char, 16>&, std::shared_ptr<const multi_map_nav::action::NavigateToGoal>), rclcpp_action::GoalResponse (NavigationServer::*)(const std::array<unsigned char, 16>&, std::shared_ptr<const multi_map_nav::action::NavigateToGoal>)>; typename std::decay<_Tp>::type = rclcpp_action::GoalResponse (NavigationServer::*)(const std::array<unsigned char, 16>&, std::shared_ptr<const multi_map_nav::action::NavigateToGoal>)](((NavigationServer*)this), std::placeholders::_1, std::placeholders::_2)[m[K’ (type ‘[01m[Kstd::_Bind_helper<false, rclcpp_action::GoalResponse (NavigationServer::*)(const std::array<unsigned char, 16>&, std::shared_ptr<const multi_map_nav::action::NavigateToGoal>), NavigationServer*, const std::_Placeholder<1>&, const std::_Placeholder<2>&>::type[m[K’) to type ‘[01m[Krclcpp_action::Server<multi_map_nav::action::NavigateToGoal>::GoalCallback[m[K’ {aka ‘[01m[Kstd::function<rclcpp_action::GoalResponse(const std::array<unsigned char, 16>&, std::shared_ptr<const multi_map_nav::action::NavigateToGoal_Goal_<std::allocator<void> > >)>[m[K’}
[13.009s]    23 |         [01;36m[Kstd::bind(&NavigationServer::handle_goal, this, std::placeholders::_1, std::placeholders::_2)[m[K,
[13.009s]       |         [01;36m[K~~~~~~~~~^~~~~~~~~~~~~~~~~~~~~~~~~~~~~~~~~~~~~~~~~~~~~~~~~~~~~~~~~~~~~~~~~~~~~~~~~~~~~~~~~~~~[m[K
[13.045s] [01m[K/home/ksubra/new_ws/src/multi_map_nav/src/navigation_server.cpp:[m[K In member function ‘[01m[Kbool NavigationServer::move_base_to(double, double, double)[m[K’:
[13.045s] [01m[K/home/ksubra/new_ws/src/multi_map_nav/src/navigation_server.cpp:64:24:[m[K [01;31m[Kerror: [m[K‘[01m[Kusing element_type = class rclcpp_action::Client<nav2_msgs::action::NavigateToPose>[m[K’ {aka ‘[01m[Kclass rclcpp_action::Client<nav2_msgs::action::NavigateToPose>[m[K’} has no member named ‘[01m[Kwait_for_server[m[K’; did you mean ‘[01m[Kwait_for_action_server[m[K’?
[13.045s]    64 |     if (!nav2_client_->[01;31m[Kwait_for_server[m[K(goal_handle, std::chrono::seconds(30))) {
[13.046s]       |                        [01;31m[K^~~~~~~~~~~~~~~[m[K
[13.046s]       |                        [32m[Kwait_for_action_server[m[K
[13.048s] [01m[K/home/ksubra/new_ws/src/multi_map_nav/src/navigation_server.cpp:77:17:[m[K [01;31m[Kerror: [m[K‘[01m[Kusing element_type = class rclcpp_action::ClientGoalHandle<nav2_msgs::action::NavigateToPose>[m[K’ {aka ‘[01m[Kclass rclcpp_action::ClientGoalHandle<nav2_msgs::action::NavigateToPose>[m[K’} has no member named ‘[01m[Kresult[m[K’; did you mean ‘[01m[KResult[m[K’?
[13.048s]    77 |     if (result->[01;31m[Kresult[m[K != rclcpp_action::ResultCode::SUCCEEDED) {
[13.049s]       |                 [01;31m[K^~~~~~[m[K
[13.049s]       |                 [32m[KResult[m[K
[13.056s] In file included from [01m[K/opt/ros/humble/include/rclcpp/rclcpp/logging.hpp:24[m[K,
[13.056s]                  from [01m[K/opt/ros/humble/include/rclcpp/rclcpp/client.hpp:40[m[K,
[13.057s]                  from [01m[K/opt/ros/humble/include/rclcpp/rclcpp/callback_group.hpp:24[m[K,
[13.057s]                  from [01m[K/opt/ros/humble/include/rclcpp/rclcpp/node_interfaces/node_base_interface.hpp:25[m[K,
[13.057s]                  from [01m[K/opt/ros/humble/include/rclcpp_action/rclcpp_action/client.hpp:33[m[K,
[13.057s]                  from [01m[K/opt/ros/humble/include/rclcpp_action/rclcpp_action/rclcpp_action.hpp:36[m[K,
[13.057s]                  from [01m[K/home/ksubra/new_ws/src/multi_map_nav/include/multi_map_nav/navigation_server.hpp:4[m[K,
[13.057s]                  from [01m[K/home/ksubra/new_ws/src/multi_map_nav/src/navigation_server.cpp:1[m[K:
[13.057s] [01m[K/home/ksubra/new_ws/src/multi_map_nav/src/navigation_server.cpp:78:87:[m[K [01;31m[Kerror: [m[K‘[01m[Kusing element_type = class rclcpp_action::ClientGoalHandle<nav2_msgs::action::NavigateToPose>[m[K’ {aka ‘[01m[Kclass rclcpp_action::ClientGoalHandle<nav2_msgs::action::NavigateToPose>[m[K’} has no member named ‘[01m[Kresult[m[K’; did you mean ‘[01m[KResult[m[K’?
[13.058s]    78 | is->get_logger(), "Navigation failed with status: %d", result->[01;31m[Kresult[m[K);
[13.058s]       |                                                                [01;31m[K^~~~~~[m[K
[13.058s] 
[13.059s] [01m[K/home/ksubra/new_ws/src/multi_map_nav/src/navigation_server.cpp:91:10:[m[K [01;31m[Kerror: [m[Kconflicting declaration ‘[01m[Kauto result[m[K’
[13.059s]    91 |     auto [01;31m[Kresult[m[K = future_result.get();
[13.059s]       |          [01;31m[K^~~~~~[m[K
[13.059s] [01m[K/home/ksubra/new_ws/src/multi_map_nav/src/navigation_server.cpp:71:10:[m[K [01;36m[Knote: [m[Kprevious declaration as ‘[01m[Kstd::shared_ptr<rclcpp_action::ClientGoalHandle<nav2_msgs::action::NavigateToPose> > result[m[K’
[13.059s]    71 |     auto [01;36m[Kresult[m[K = goal_handle;
[13.059s]       |          [01;36m[K^~~~~~[m[K
[13.059s] [01m[K/home/ksubra/new_ws/src/multi_map_nav/src/navigation_server.cpp:92:19:[m[K [01;31m[Kerror: [m[K‘[01m[Kclass std::shared_ptr<rclcpp_action::ClientGoalHandle<nav2_msgs::action::NavigateToPose> >[m[K’ has no member named ‘[01m[Kcode[m[K’
[13.059s]    92 |     return result.[01;31m[Kcode[m[K == rclcpp_action::ResultCode::SUCCEEDED;
[13.059s]       |                   [01;31m[K^~~~[m[K
[14.148s] gmake[2]: *** [CMakeFiles/navigation_server_node.dir/build.make:76: CMakeFiles/navigation_server_node.dir/src/navigation_server.cpp.o] Error 1
[14.148s] gmake[2]: *** Waiting for unfinished jobs....
[14.180s] gmake[1]: *** [CMakeFiles/Makefile2:593: CMakeFiles/navigation_server_node.dir/all] Error 2
[14.180s] gmake: *** [Makefile:146: all] Error 2
[14.184s] Invoked command in '/home/ksubra/new_ws/build/multi_map_nav' returned '2': CMAKE_PREFIX_PATH=/opt/ros/humble /usr/bin/cmake --build /home/ksubra/new_ws/build/multi_map_nav -- -j6 -l6
