-- The C compiler identification is GNU 11.4.0
-- The CXX compiler identification is GNU 11.4.0
-- Detecting C compiler ABI info
-- Detecting C compiler ABI info - done
-- Check for working C compiler: /usr/bin/cc - skipped
-- Detecting C compile features
-- Detecting C compile features - done
-- Detecting CXX compiler ABI info
-- Detecting CXX compiler ABI info - done
-- Check for working CXX compiler: /usr/bin/c++ - skipped
-- Detecting CXX compile features
-- Detecting CXX compile features - done
-- Found PkgConfig: /usr/bin/pkg-config (found version "0.29.2") 
-- Checking for module 'sqlite3'
--   Found sqlite3, version 3.37.2
-- Found ament_cmake: 1.3.12 (/opt/ros/humble/share/ament_cmake/cmake)
-- Found Python3: /usr/bin/python3 (found version "3.10.12") found components: Interpreter 
-- Found rclcpp: 16.0.14 (/opt/ros/humble/share/rclcpp/cmake)
-- Found rosidl_generator_c: 3.1.7 (/opt/ros/humble/share/rosidl_generator_c/cmake)
-- Found rosidl_adapter: 3.1.7 (/opt/ros/humble/share/rosidl_adapter/cmake)
-- Found rosidl_generator_cpp: 3.1.7 (/opt/ros/humble/share/rosidl_generator_cpp/cmake)
-- Using all available rosidl_typesupport_c: rosidl_typesupport_fastrtps_c;rosidl_typesupport_introspection_c
-- Using all available rosidl_typesupport_cpp: rosidl_typesupport_fastrtps_cpp;rosidl_typesupport_introspection_cpp
-- Found rmw_implementation_cmake: 6.1.2 (/opt/ros/humble/share/rmw_implementation_cmake/cmake)
-- Found rmw_fastrtps_cpp: 6.2.8 (/opt/ros/humble/share/rmw_fastrtps_cpp/cmake)
-- Found OpenSSL: /usr/lib/x86_64-linux-gnu/libcrypto.so (found version "3.0.2")  
-- Found FastRTPS: /opt/ros/humble/include  
-- Using RMW implementation 'rmw_fastrtps_cpp' as default
-- Looking for pthread.h
-- Looking for pthread.h - found
-- Performing Test CMAKE_HAVE_LIBC_PTHREAD
-- Performing Test CMAKE_HAVE_LIBC_PTHREAD - Success
-- Found Threads: TRUE  
-- Found rclcpp_action: 16.0.14 (/opt/ros/humble/share/rclcpp_action/cmake)
-- Found geometry_msgs: 4.9.0 (/opt/ros/humble/share/geometry_msgs/cmake)
-- Found nav2_msgs: 1.1.18 (/opt/ros/humble/share/nav2_msgs/cmake)
-- Found tf2: 0.25.15 (/opt/ros/humble/share/tf2/cmake)
-- Found tf2_geometry_msgs: 0.25.15 (/opt/ros/humble/share/tf2_geometry_msgs/cmake)
-- Found eigen3_cmake_module: 0.1.1 (/opt/ros/humble/share/eigen3_cmake_module/cmake)
-- Found Eigen3: TRUE (found version "3.4.0") 
-- Ensuring Eigen3 include directory is part of orocos-kdl CMake target
-- Found ament_cmake_auto: 1.3.12 (/opt/ros/humble/share/ament_cmake_auto/cmake)
-- Found rosidl_default_generators: 1.2.0 (/opt/ros/humble/share/rosidl_default_generators/cmake)
-- Found ament_cmake_ros: 0.10.0 (/opt/ros/humble/share/ament_cmake_ros/cmake)
-- Using all available rosidl_typesupport_c: rosidl_typesupport_fastrtps_c;rosidl_typesupport_introspection_c
-- Using all available rosidl_typesupport_cpp: rosidl_typesupport_fastrtps_cpp;rosidl_typesupport_introspection_cpp
-- Found PythonInterp: /usr/bin/python3 (found suitable version "3.10.12", minimum required is "3.6") 
-- Found python_cmake_module: 0.10.0 (/opt/ros/humble/share/python_cmake_module/cmake)
-- Found PythonLibs: /usr/lib/x86_64-linux-gnu/libpython3.10.so (found suitable version "3.10.12", minimum required is "3.5") 
-- Using PYTHON_EXECUTABLE: /usr/bin/python3
-- Using PYTHON_INCLUDE_DIRS: /usr/include/python3.10
-- Using PYTHON_LIBRARIES: /usr/lib/x86_64-linux-gnu/libpython3.10.so
-- Found PythonExtra: .so  
-- Configuring done
-- Generating done
-- Build files have been written to: /home/ksubra/new_ws/build/multi_map_nav
[  2%] [34m[1mGenerating C code for ROS interfaces[0m
[  5%] [34m[1mGenerating C++ code for ROS interfaces[0m
[  5%] Built target ament_cmake_python_copy_multi_map_nav
running egg_info
creating multi_map_nav.egg-info
writing multi_map_nav.egg-info/PKG-INFO
writing dependency_links to multi_map_nav.egg-info/dependency_links.txt
writing top-level names to multi_map_nav.egg-info/top_level.txt
writing manifest file 'multi_map_nav.egg-info/SOURCES.txt'
reading manifest file 'multi_map_nav.egg-info/SOURCES.txt'
writing manifest file 'multi_map_nav.egg-info/SOURCES.txt'
[  5%] Built target ament_cmake_python_build_multi_map_nav_egg
[  8%] [32mBuilding C object CMakeFiles/multi_map_nav__rosidl_generator_c.dir/rosidl_generator_c/multi_map_nav/action/detail/navigate_to_goal__functions.c.o[0m
[  8%] Built target multi_map_nav__cpp
[ 17%] [34m[1mGenerating C++ introspection for ROS interfaces[0m
[ 17%] [34m[1mGenerating C++ type support dispatch for ROS interfaces[0m
[ 17%] [34m[1mGenerating C++ type support for eProsima Fast-RTPS[0m
[ 20%] [32m[1mLinking C shared library libmulti_map_nav__rosidl_generator_c.so[0m
[ 20%] Built target multi_map_nav__rosidl_generator_c
[ 22%] [34m[1mGenerating C type support dispatch for ROS interfaces[0m
[ 25%] [34m[1mGenerating C introspection for ROS interfaces[0m
[ 28%] [34m[1mGenerating C type support for eProsima Fast-RTPS[0m
[ 31%] [32mBuilding CXX object CMakeFiles/multi_map_nav__rosidl_typesupport_cpp.dir/rosidl_typesupport_cpp/multi_map_nav/action/navigate_to_goal__type_support.cpp.o[0m
[ 34%] [32mBuilding CXX object CMakeFiles/multi_map_nav__rosidl_typesupport_introspection_cpp.dir/rosidl_typesupport_introspection_cpp/multi_map_nav/action/detail/navigate_to_goal__type_support.cpp.o[0m
[ 37%] [32mBuilding CXX object CMakeFiles/multi_map_nav__rosidl_typesupport_c.dir/rosidl_typesupport_c/multi_map_nav/action/navigate_to_goal__type_support.cpp.o[0m
[ 40%] [32mBuilding CXX object CMakeFiles/multi_map_nav__rosidl_typesupport_fastrtps_cpp.dir/rosidl_typesupport_fastrtps_cpp/multi_map_nav/action/detail/dds_fastrtps/navigate_to_goal__type_support.cpp.o[0m
[ 42%] [32m[1mLinking CXX shared library libmulti_map_nav__rosidl_typesupport_c.so[0m
[ 42%] Built target multi_map_nav__rosidl_typesupport_c
[ 45%] [32mBuilding C object CMakeFiles/multi_map_nav__rosidl_typesupport_introspection_c.dir/rosidl_typesupport_introspection_c/multi_map_nav/action/detail/navigate_to_goal__type_support.c.o[0m
[ 48%] [32mBuilding CXX object CMakeFiles/multi_map_nav__rosidl_typesupport_fastrtps_c.dir/rosidl_typesupport_fastrtps_c/multi_map_nav/action/detail/navigate_to_goal__type_support_c.cpp.o[0m
[ 51%] [32m[1mLinking C shared library libmulti_map_nav__rosidl_typesupport_introspection_c.so[0m
[ 51%] Built target multi_map_nav__rosidl_typesupport_introspection_c
[ 54%] [32m[1mLinking CXX shared library libmulti_map_nav__rosidl_typesupport_cpp.so[0m
[ 54%] Built target multi_map_nav__rosidl_typesupport_cpp
[ 57%] [32mBuilding CXX object CMakeFiles/navigation_server_node.dir/src/navigation_server.cpp.o[0m
[ 60%] [32mBuilding CXX object CMakeFiles/navigation_server_node.dir/src/wormhole_manager.cpp.o[0m
[ 62%] [32mBuilding CXX object CMakeFiles/navigation_server_node.dir/src/switch_map.cpp.o[0m
[ 65%] [32m[1mLinking CXX shared library libmulti_map_nav__rosidl_typesupport_fastrtps_c.so[0m
[ 68%] [32m[1mLinking CXX shared library libmulti_map_nav__rosidl_typesupport_introspection_cpp.so[0m
[ 71%] [32m[1mLinking CXX shared library libmulti_map_nav__rosidl_typesupport_fastrtps_cpp.so[0m
[ 71%] Built target multi_map_nav__rosidl_typesupport_introspection_cpp
[ 71%] Built target multi_map_nav__rosidl_typesupport_fastrtps_cpp
[ 71%] Built target multi_map_nav__rosidl_typesupport_fastrtps_c
[ 71%] Built target multi_map_nav
[ 74%] [34m[1mGenerating Python code for ROS interfaces[0m
[ 74%] Built target multi_map_nav__py
[ 77%] [32mBuilding C object CMakeFiles/multi_map_nav__rosidl_generator_py.dir/rosidl_generator_py/multi_map_nav/action/_navigate_to_goal_s.c.o[0m
[ 80%] [32m[1mLinking C shared library rosidl_generator_py/multi_map_nav/libmulti_map_nav__rosidl_generator_py.so[0m
[ 80%] Built target multi_map_nav__rosidl_generator_py
[ 82%] [32mBuilding C object CMakeFiles/multi_map_nav__rosidl_typesupport_fastrtps_c__pyext.dir/rosidl_generator_py/multi_map_nav/_multi_map_nav_s.ep.rosidl_typesupport_fastrtps_c.c.o[0m
[ 85%] [32mBuilding C object CMakeFiles/multi_map_nav__rosidl_typesupport_c__pyext.dir/rosidl_generator_py/multi_map_nav/_multi_map_nav_s.ep.rosidl_typesupport_c.c.o[0m
[ 88%] [32mBuilding C object CMakeFiles/multi_map_nav__rosidl_typesupport_introspection_c__pyext.dir/rosidl_generator_py/multi_map_nav/_multi_map_nav_s.ep.rosidl_typesupport_introspection_c.c.o[0m
[ 91%] [32m[1mLinking C shared library rosidl_generator_py/multi_map_nav/multi_map_nav_s__rosidl_typesupport_fastrtps_c.cpython-310-x86_64-linux-gnu.so[0m
[ 94%] [32m[1mLinking C shared library rosidl_generator_py/multi_map_nav/multi_map_nav_s__rosidl_typesupport_introspection_c.cpython-310-x86_64-linux-gnu.so[0m
[ 97%] [32m[1mLinking C shared library rosidl_generator_py/multi_map_nav/multi_map_nav_s__rosidl_typesupport_c.cpython-310-x86_64-linux-gnu.so[0m
[ 97%] Built target multi_map_nav__rosidl_typesupport_fastrtps_c__pyext
[ 97%] Built target multi_map_nav__rosidl_typesupport_introspection_c__pyext
[ 97%] Built target multi_map_nav__rosidl_typesupport_c__pyext
[100%] [32m[1mLinking CXX executable navigation_server_node[0m
[100%] Built target navigation_server_node
-- Install configuration: ""
-- Installing: /home/ksubra/new_ws/install/multi_map_nav/share/ament_index/resource_index/rosidl_interfaces/multi_map_nav
-- Installing: /home/ksubra/new_ws/install/multi_map_nav/include/multi_map_nav/multi_map_nav
-- Installing: /home/ksubra/new_ws/install/multi_map_nav/include/multi_map_nav/multi_map_nav/msg
-- Installing: /home/ksubra/new_ws/install/multi_map_nav/include/multi_map_nav/multi_map_nav/msg/rosidl_generator_c__visibility_control.h
-- Installing: /home/ksubra/new_ws/install/multi_map_nav/include/multi_map_nav/multi_map_nav/action
-- Installing: /home/ksubra/new_ws/install/multi_map_nav/include/multi_map_nav/multi_map_nav/action/navigate_to_goal.h
-- Installing: /home/ksubra/new_ws/install/multi_map_nav/include/multi_map_nav/multi_map_nav/action/detail
-- Installing: /home/ksubra/new_ws/install/multi_map_nav/include/multi_map_nav/multi_map_nav/action/detail/navigate_to_goal__functions.h
-- Installing: /home/ksubra/new_ws/install/multi_map_nav/include/multi_map_nav/multi_map_nav/action/detail/navigate_to_goal__struct.h
-- Installing: /home/ksubra/new_ws/install/multi_map_nav/include/multi_map_nav/multi_map_nav/action/detail/navigate_to_goal__type_support.h
-- Installing: /home/ksubra/new_ws/install/multi_map_nav/include/multi_map_nav/multi_map_nav/action/detail/navigate_to_goal__functions.c
-- Installing: /home/ksubra/new_ws/install/multi_map_nav/share/multi_map_nav/environment/library_path.sh
-- Installing: /home/ksubra/new_ws/install/multi_map_nav/share/multi_map_nav/environment/library_path.dsv
-- Installing: /home/ksubra/new_ws/install/multi_map_nav/lib/libmulti_map_nav__rosidl_generator_c.so
-- Set runtime path of "/home/ksubra/new_ws/install/multi_map_nav/lib/libmulti_map_nav__rosidl_generator_c.so" to ""
-- Up-to-date: /home/ksubra/new_ws/install/multi_map_nav/include/multi_map_nav/multi_map_nav
-- Up-to-date: /home/ksubra/new_ws/install/multi_map_nav/include/multi_map_nav/multi_map_nav/msg
-- Installing: /home/ksubra/new_ws/install/multi_map_nav/include/multi_map_nav/multi_map_nav/msg/rosidl_typesupport_fastrtps_c__visibility_control.h
-- Up-to-date: /home/ksubra/new_ws/install/multi_map_nav/include/multi_map_nav/multi_map_nav/action
-- Up-to-date: /home/ksubra/new_ws/install/multi_map_nav/include/multi_map_nav/multi_map_nav/action/detail
-- Installing: /home/ksubra/new_ws/install/multi_map_nav/include/multi_map_nav/multi_map_nav/action/detail/navigate_to_goal__rosidl_typesupport_fastrtps_c.h
-- Installing: /home/ksubra/new_ws/install/multi_map_nav/lib/libmulti_map_nav__rosidl_typesupport_fastrtps_c.so
-- Set runtime path of "/home/ksubra/new_ws/install/multi_map_nav/lib/libmulti_map_nav__rosidl_typesupport_fastrtps_c.so" to ""
-- Up-to-date: /home/ksubra/new_ws/install/multi_map_nav/include/multi_map_nav/multi_map_nav
-- Up-to-date: /home/ksubra/new_ws/install/multi_map_nav/include/multi_map_nav/multi_map_nav/msg
-- Installing: /home/ksubra/new_ws/install/multi_map_nav/include/multi_map_nav/multi_map_nav/msg/rosidl_generator_cpp__visibility_control.hpp
-- Up-to-date: /home/ksubra/new_ws/install/multi_map_nav/include/multi_map_nav/multi_map_nav/action
-- Up-to-date: /home/ksubra/new_ws/install/multi_map_nav/include/multi_map_nav/multi_map_nav/action/detail
-- Installing: /home/ksubra/new_ws/install/multi_map_nav/include/multi_map_nav/multi_map_nav/action/detail/navigate_to_goal__struct.hpp
-- Installing: /home/ksubra/new_ws/install/multi_map_nav/include/multi_map_nav/multi_map_nav/action/detail/navigate_to_goal__type_support.hpp
-- Installing: /home/ksubra/new_ws/install/multi_map_nav/include/multi_map_nav/multi_map_nav/action/detail/navigate_to_goal__traits.hpp
-- Installing: /home/ksubra/new_ws/install/multi_map_nav/include/multi_map_nav/multi_map_nav/action/detail/navigate_to_goal__builder.hpp
-- Installing: /home/ksubra/new_ws/install/multi_map_nav/include/multi_map_nav/multi_map_nav/action/navigate_to_goal.hpp
-- Up-to-date: /home/ksubra/new_ws/install/multi_map_nav/include/multi_map_nav/multi_map_nav
-- Up-to-date: /home/ksubra/new_ws/install/multi_map_nav/include/multi_map_nav/multi_map_nav/msg
-- Installing: /home/ksubra/new_ws/install/multi_map_nav/include/multi_map_nav/multi_map_nav/msg/rosidl_typesupport_fastrtps_cpp__visibility_control.h
-- Up-to-date: /home/ksubra/new_ws/install/multi_map_nav/include/multi_map_nav/multi_map_nav/action
-- Up-to-date: /home/ksubra/new_ws/install/multi_map_nav/include/multi_map_nav/multi_map_nav/action/detail
-- Installing: /home/ksubra/new_ws/install/multi_map_nav/include/multi_map_nav/multi_map_nav/action/detail/navigate_to_goal__rosidl_typesupport_fastrtps_cpp.hpp
-- Installing: /home/ksubra/new_ws/install/multi_map_nav/include/multi_map_nav/multi_map_nav/action/detail/dds_fastrtps
-- Installing: /home/ksubra/new_ws/install/multi_map_nav/lib/libmulti_map_nav__rosidl_typesupport_fastrtps_cpp.so
-- Set runtime path of "/home/ksubra/new_ws/install/multi_map_nav/lib/libmulti_map_nav__rosidl_typesupport_fastrtps_cpp.so" to ""
-- Up-to-date: /home/ksubra/new_ws/install/multi_map_nav/include/multi_map_nav/multi_map_nav
-- Up-to-date: /home/ksubra/new_ws/install/multi_map_nav/include/multi_map_nav/multi_map_nav/msg
-- Installing: /home/ksubra/new_ws/install/multi_map_nav/include/multi_map_nav/multi_map_nav/msg/rosidl_typesupport_introspection_c__visibility_control.h
-- Up-to-date: /home/ksubra/new_ws/install/multi_map_nav/include/multi_map_nav/multi_map_nav/action
-- Up-to-date: /home/ksubra/new_ws/install/multi_map_nav/include/multi_map_nav/multi_map_nav/action/detail
-- Installing: /home/ksubra/new_ws/install/multi_map_nav/include/multi_map_nav/multi_map_nav/action/detail/navigate_to_goal__rosidl_typesupport_introspection_c.h
-- Installing: /home/ksubra/new_ws/install/multi_map_nav/include/multi_map_nav/multi_map_nav/action/detail/navigate_to_goal__type_support.c
-- Installing: /home/ksubra/new_ws/install/multi_map_nav/lib/libmulti_map_nav__rosidl_typesupport_introspection_c.so
-- Set runtime path of "/home/ksubra/new_ws/install/multi_map_nav/lib/libmulti_map_nav__rosidl_typesupport_introspection_c.so" to ""
-- Installing: /home/ksubra/new_ws/install/multi_map_nav/lib/libmulti_map_nav__rosidl_typesupport_c.so
-- Set runtime path of "/home/ksubra/new_ws/install/multi_map_nav/lib/libmulti_map_nav__rosidl_typesupport_c.so" to ""
-- Up-to-date: /home/ksubra/new_ws/install/multi_map_nav/include/multi_map_nav/multi_map_nav
-- Up-to-date: /home/ksubra/new_ws/install/multi_map_nav/include/multi_map_nav/multi_map_nav/action
-- Up-to-date: /home/ksubra/new_ws/install/multi_map_nav/include/multi_map_nav/multi_map_nav/action/detail
-- Installing: /home/ksubra/new_ws/install/multi_map_nav/include/multi_map_nav/multi_map_nav/action/detail/navigate_to_goal__rosidl_typesupport_introspection_cpp.hpp
-- Installing: /home/ksubra/new_ws/install/multi_map_nav/include/multi_map_nav/multi_map_nav/action/detail/navigate_to_goal__type_support.cpp
-- Installing: /home/ksubra/new_ws/install/multi_map_nav/lib/libmulti_map_nav__rosidl_typesupport_introspection_cpp.so
-- Set runtime path of "/home/ksubra/new_ws/install/multi_map_nav/lib/libmulti_map_nav__rosidl_typesupport_introspection_cpp.so" to ""
-- Installing: /home/ksubra/new_ws/install/multi_map_nav/lib/libmulti_map_nav__rosidl_typesupport_cpp.so
-- Set runtime path of "/home/ksubra/new_ws/install/multi_map_nav/lib/libmulti_map_nav__rosidl_typesupport_cpp.so" to ""
-- Installing: /home/ksubra/new_ws/install/multi_map_nav/share/multi_map_nav/environment/pythonpath.sh
-- Installing: /home/ksubra/new_ws/install/multi_map_nav/share/multi_map_nav/environment/pythonpath.dsv
-- Installing: /home/ksubra/new_ws/install/multi_map_nav/local/lib/python3.10/dist-packages/multi_map_nav-0.1.0-py3.10.egg-info
-- Installing: /home/ksubra/new_ws/install/multi_map_nav/local/lib/python3.10/dist-packages/multi_map_nav-0.1.0-py3.10.egg-info/top_level.txt
-- Installing: /home/ksubra/new_ws/install/multi_map_nav/local/lib/python3.10/dist-packages/multi_map_nav-0.1.0-py3.10.egg-info/PKG-INFO
-- Installing: /home/ksubra/new_ws/install/multi_map_nav/local/lib/python3.10/dist-packages/multi_map_nav-0.1.0-py3.10.egg-info/dependency_links.txt
-- Installing: /home/ksubra/new_ws/install/multi_map_nav/local/lib/python3.10/dist-packages/multi_map_nav-0.1.0-py3.10.egg-info/SOURCES.txt
-- Installing: /home/ksubra/new_ws/install/multi_map_nav/local/lib/python3.10/dist-packages/multi_map_nav
-- Installing: /home/ksubra/new_ws/install/multi_map_nav/local/lib/python3.10/dist-packages/multi_map_nav/_multi_map_nav_s.ep.rosidl_typesupport_fastrtps_c.c
-- Installing: /home/ksubra/new_ws/install/multi_map_nav/local/lib/python3.10/dist-packages/multi_map_nav/multi_map_nav_s__rosidl_typesupport_introspection_c.cpython-310-x86_64-linux-gnu.so
-- Installing: /home/ksubra/new_ws/install/multi_map_nav/local/lib/python3.10/dist-packages/multi_map_nav/_multi_map_nav_s.ep.rosidl_typesupport_c.c
-- Installing: /home/ksubra/new_ws/install/multi_map_nav/local/lib/python3.10/dist-packages/multi_map_nav/libmulti_map_nav__rosidl_generator_py.so
-- Installing: /home/ksubra/new_ws/install/multi_map_nav/local/lib/python3.10/dist-packages/multi_map_nav/__init__.py
-- Installing: /home/ksubra/new_ws/install/multi_map_nav/local/lib/python3.10/dist-packages/multi_map_nav/multi_map_nav_s__rosidl_typesupport_c.cpython-310-x86_64-linux-gnu.so
-- Installing: /home/ksubra/new_ws/install/multi_map_nav/local/lib/python3.10/dist-packages/multi_map_nav/_multi_map_nav_s.ep.rosidl_typesupport_introspection_c.c
-- Installing: /home/ksubra/new_ws/install/multi_map_nav/local/lib/python3.10/dist-packages/multi_map_nav/action
-- Installing: /home/ksubra/new_ws/install/multi_map_nav/local/lib/python3.10/dist-packages/multi_map_nav/action/_navigate_to_goal.py
-- Installing: /home/ksubra/new_ws/install/multi_map_nav/local/lib/python3.10/dist-packages/multi_map_nav/action/_navigate_to_goal_s.c
-- Installing: /home/ksubra/new_ws/install/multi_map_nav/local/lib/python3.10/dist-packages/multi_map_nav/action/__init__.py
-- Installing: /home/ksubra/new_ws/install/multi_map_nav/local/lib/python3.10/dist-packages/multi_map_nav/multi_map_nav_s__rosidl_typesupport_fastrtps_c.cpython-310-x86_64-linux-gnu.so
Listing '/home/ksubra/new_ws/install/multi_map_nav/local/lib/python3.10/dist-packages/multi_map_nav'...
Compiling '/home/ksubra/new_ws/install/multi_map_nav/local/lib/python3.10/dist-packages/multi_map_nav/__init__.py'...
Listing '/home/ksubra/new_ws/install/multi_map_nav/local/lib/python3.10/dist-packages/multi_map_nav/action'...
Compiling '/home/ksubra/new_ws/install/multi_map_nav/local/lib/python3.10/dist-packages/multi_map_nav/action/__init__.py'...
Compiling '/home/ksubra/new_ws/install/multi_map_nav/local/lib/python3.10/dist-packages/multi_map_nav/action/_navigate_to_goal.py'...
-- Installing: /home/ksubra/new_ws/install/multi_map_nav/local/lib/python3.10/dist-packages/multi_map_nav/multi_map_nav_s__rosidl_typesupport_fastrtps_c.cpython-310-x86_64-linux-gnu.so
-- Set runtime path of "/home/ksubra/new_ws/install/multi_map_nav/local/lib/python3.10/dist-packages/multi_map_nav/multi_map_nav_s__rosidl_typesupport_fastrtps_c.cpython-310-x86_64-linux-gnu.so" to ""
-- Installing: /home/ksubra/new_ws/install/multi_map_nav/local/lib/python3.10/dist-packages/multi_map_nav/multi_map_nav_s__rosidl_typesupport_introspection_c.cpython-310-x86_64-linux-gnu.so
-- Set runtime path of "/home/ksubra/new_ws/install/multi_map_nav/local/lib/python3.10/dist-packages/multi_map_nav/multi_map_nav_s__rosidl_typesupport_introspection_c.cpython-310-x86_64-linux-gnu.so" to ""
-- Installing: /home/ksubra/new_ws/install/multi_map_nav/local/lib/python3.10/dist-packages/multi_map_nav/multi_map_nav_s__rosidl_typesupport_c.cpython-310-x86_64-linux-gnu.so
-- Set runtime path of "/home/ksubra/new_ws/install/multi_map_nav/local/lib/python3.10/dist-packages/multi_map_nav/multi_map_nav_s__rosidl_typesupport_c.cpython-310-x86_64-linux-gnu.so" to ""
-- Installing: /home/ksubra/new_ws/install/multi_map_nav/lib/libmulti_map_nav__rosidl_generator_py.so
-- Set runtime path of "/home/ksubra/new_ws/install/multi_map_nav/lib/libmulti_map_nav__rosidl_generator_py.so" to ""
-- Installing: /home/ksubra/new_ws/install/multi_map_nav/share/multi_map_nav/action/NavigateToGoal.idl
-- Installing: /home/ksubra/new_ws/install/multi_map_nav/share/multi_map_nav/action/NavigateToGoal.action
-- Installing: /home/ksubra/new_ws/install/multi_map_nav/lib/multi_map_nav/send_goal.py
-- Installing: /home/ksubra/new_ws/install/multi_map_nav/lib/multi_map_nav/navigation_server_node
-- Set runtime path of "/home/ksubra/new_ws/install/multi_map_nav/lib/multi_map_nav/navigation_server_node" to ""
-- Up-to-date: /home/ksubra/new_ws/install/multi_map_nav/include/
-- Up-to-date: /home/ksubra/new_ws/install/multi_map_nav/include//multi_map_nav
-- Installing: /home/ksubra/new_ws/install/multi_map_nav/include//multi_map_nav/wormhole_manager.hpp
-- Installing: /home/ksubra/new_ws/install/multi_map_nav/include//multi_map_nav/switch_map.hpp
-- Installing: /home/ksubra/new_ws/install/multi_map_nav/include//multi_map_nav/navigation_server.hpp
-- Installing: /home/ksubra/new_ws/install/multi_map_nav/share/multi_map_nav/launch
-- Installing: /home/ksubra/new_ws/install/multi_map_nav/share/multi_map_nav/launch/multi_map_nav.launch.py
-- Installing: /home/ksubra/new_ws/install/multi_map_nav/share/multi_map_nav/maps
-- Installing: /home/ksubra/new_ws/install/multi_map_nav/share/multi_map_nav/maps/map3.pgm
-- Installing: /home/ksubra/new_ws/install/multi_map_nav/share/multi_map_nav/maps/map3.yaml
-- Installing: /home/ksubra/new_ws/install/multi_map_nav/share/multi_map_nav/maps/map2.yaml
-- Installing: /home/ksubra/new_ws/install/multi_map_nav/share/multi_map_nav/maps/map2.pgm
-- Installing: /home/ksubra/new_ws/install/multi_map_nav/share/multi_map_nav/maps/map1.yaml
-- Installing: /home/ksubra/new_ws/install/multi_map_nav/share/multi_map_nav/maps/map1.pgm
[31mCMake Error at cmake_install.cmake:403 (file):
  file INSTALL cannot find "/home/ksubra/new_ws/src/multi_map_nav/rviz": No
  such file or directory.

[0m
