[0.028s] Invoking command in '/home/ksubra/new_ws/build/multi_map_nav': CMAKE_PREFIX_PATH=/opt/ros/humble /usr/bin/cmake /home/ksubra/new_ws/src/multi_map_nav -DCMAKE_INSTALL_PREFIX=/home/ksubra/new_ws/install/multi_map_nav
[0.169s] -- The C compiler identification is GNU 11.4.0
[0.324s] -- The CXX compiler identification is GNU 11.4.0
[0.346s] -- Detecting C compiler ABI info
[0.530s] -- Detecting C compiler ABI info - done
[0.555s] -- Check for working C compiler: /usr/bin/cc - skipped
[0.557s] -- Detecting C compile features
[0.558s] -- Detecting C compile features - done
[0.566s] -- Detecting CXX compiler ABI info
[0.781s] -- Detecting CXX compiler ABI info - done
[0.807s] -- Check for working CXX compiler: /usr/bin/c++ - skipped
[0.807s] -- Detecting CXX compile features
[0.809s] -- Detecting CXX compile features - done
[0.820s] -- Found PkgConfig: /usr/bin/pkg-config (found version "0.29.2") 
[0.822s] -- Checking for module 'sqlite3'
[0.851s] --   Found sqlite3, version 3.37.2
[0.934s] -- Found ament_cmake: 1.3.12 (/opt/ros/humble/share/ament_cmake/cmake)
[1.308s] -- Found Python3: /usr/bin/python3 (found version "3.10.12") found components: Interpreter 
[1.520s] -- Found rclcpp: 16.0.14 (/opt/ros/humble/share/rclcpp/cmake)
[1.628s] -- Found rosidl_generator_c: 3.1.7 (/opt/ros/humble/share/rosidl_generator_c/cmake)
[1.639s] -- Found rosidl_adapter: 3.1.7 (/opt/ros/humble/share/rosidl_adapter/cmake)
[1.662s] -- Found rosidl_generator_cpp: 3.1.7 (/opt/ros/humble/share/rosidl_generator_cpp/cmake)
[1.696s] -- Using all available rosidl_typesupport_c: rosidl_typesupport_fastrtps_c;rosidl_typesupport_introspection_c
[1.740s] -- Using all available rosidl_typesupport_cpp: rosidl_typesupport_fastrtps_cpp;rosidl_typesupport_introspection_cpp
[1.869s] -- Found rmw_implementation_cmake: 6.1.2 (/opt/ros/humble/share/rmw_implementation_cmake/cmake)
[1.879s] -- Found rmw_fastrtps_cpp: 6.2.8 (/opt/ros/humble/share/rmw_fastrtps_cpp/cmake)
[2.106s] -- Found OpenSSL: /usr/lib/x86_64-linux-gnu/libcrypto.so (found version "3.0.2")  
[2.186s] -- Found FastRTPS: /opt/ros/humble/include  
[2.302s] -- Using RMW implementation 'rmw_fastrtps_cpp' as default
[2.326s] -- Looking for pthread.h
[2.507s] -- Looking for pthread.h - found
[2.508s] -- Performing Test CMAKE_HAVE_LIBC_PTHREAD
[2.702s] -- Performing Test CMAKE_HAVE_LIBC_PTHREAD - Success
[2.705s] -- Found Threads: TRUE  
[2.878s] -- Found rclcpp_action: 16.0.14 (/opt/ros/humble/share/rclcpp_action/cmake)
[2.992s] -- Found geometry_msgs: 4.9.0 (/opt/ros/humble/share/geometry_msgs/cmake)
[3.039s] -- Found nav2_msgs: 1.1.18 (/opt/ros/humble/share/nav2_msgs/cmake)
[3.202s] -- Found tf2: 0.25.15 (/opt/ros/humble/share/tf2/cmake)
[3.234s] -- Found tf2_geometry_msgs: 0.25.15 (/opt/ros/humble/share/tf2_geometry_msgs/cmake)
[3.266s] -- Found eigen3_cmake_module: 0.1.1 (/opt/ros/humble/share/eigen3_cmake_module/cmake)
[3.269s] -- Found Eigen3: TRUE (found version "3.4.0") 
[3.270s] -- Ensuring Eigen3 include directory is part of orocos-kdl CMake target
[3.460s] -- Found ament_cmake_auto: 1.3.12 (/opt/ros/humble/share/ament_cmake_auto/cmake)
[3.466s] -- Found rosidl_default_generators: 1.2.0 (/opt/ros/humble/share/rosidl_default_generators/cmake)
[4.186s] -- Found ament_cmake_ros: 0.10.0 (/opt/ros/humble/share/ament_cmake_ros/cmake)
[4.977s] -- Using all available rosidl_typesupport_c: rosidl_typesupport_fastrtps_c;rosidl_typesupport_introspection_c
[5.286s] -- Using all available rosidl_typesupport_cpp: rosidl_typesupport_fastrtps_cpp;rosidl_typesupport_introspection_cpp
[5.342s] -- Found PythonInterp: /usr/bin/python3 (found suitable version "3.10.12", minimum required is "3.6") 
[5.347s] -- Found python_cmake_module: 0.10.0 (/opt/ros/humble/share/python_cmake_module/cmake)
[5.411s] -- Found PythonLibs: /usr/lib/x86_64-linux-gnu/libpython3.10.so (found suitable version "3.10.12", minimum required is "3.5") 
[5.411s] -- Using PYTHON_EXECUTABLE: /usr/bin/python3
[5.412s] -- Using PYTHON_INCLUDE_DIRS: /usr/include/python3.10
[5.412s] -- Using PYTHON_LIBRARIES: /usr/lib/x86_64-linux-gnu/libpython3.10.so
[5.465s] -- Found PythonExtra: .so  
[5.593s] -- Configuring done
[5.711s] -- Generating done
[5.757s] -- Build files have been written to: /home/ksubra/new_ws/build/multi_map_nav
[5.790s] Invoked command in '/home/ksubra/new_ws/build/multi_map_nav' returned '0': CMAKE_PREFIX_PATH=/opt/ros/humble /usr/bin/cmake /home/ksubra/new_ws/src/multi_map_nav -DCMAKE_INSTALL_PREFIX=/home/ksubra/new_ws/install/multi_map_nav
[5.795s] Invoking command in '/home/ksubra/new_ws/build/multi_map_nav': CMAKE_PREFIX_PATH=/opt/ros/humble /usr/bin/cmake --build /home/ksubra/new_ws/build/multi_map_nav -- -j6 -l6
[5.902s] [  2%] [34m[1mGenerating C code for ROS interfaces[0m
[5.924s] [  5%] [34m[1mGenerating C++ code for ROS interfaces[0m
[5.952s] [  5%] Built target ament_cmake_python_copy_multi_map_nav
[6.626s] running egg_info
[6.630s] creating multi_map_nav.egg-info
[6.630s] writing multi_map_nav.egg-info/PKG-INFO
[6.630s] writing dependency_links to multi_map_nav.egg-info/dependency_links.txt
[6.631s] writing top-level names to multi_map_nav.egg-info/top_level.txt
[6.631s] writing manifest file 'multi_map_nav.egg-info/SOURCES.txt'
[6.637s] reading manifest file 'multi_map_nav.egg-info/SOURCES.txt'
[6.640s] writing manifest file 'multi_map_nav.egg-info/SOURCES.txt'
[6.722s] [  5%] Built target ament_cmake_python_build_multi_map_nav_egg
[7.280s] [  8%] [32mBuilding C object CMakeFiles/multi_map_nav__rosidl_generator_c.dir/rosidl_generator_c/multi_map_nav/action/detail/navigate_to_goal__functions.c.o[0m
[7.288s] [  8%] Built target multi_map_nav__cpp
[7.312s] [ 17%] [34m[1mGenerating C++ introspection for ROS interfaces[0m
[7.312s] [ 17%] [34m[1mGenerating C++ type support dispatch for ROS interfaces[0m
[7.312s] [ 17%] [34m[1mGenerating C++ type support for eProsima Fast-RTPS[0m
[7.573s] [ 20%] [32m[1mLinking C shared library libmulti_map_nav__rosidl_generator_c.so[0m
[7.684s] [ 20%] Built target multi_map_nav__rosidl_generator_c
[7.726s] [ 22%] [34m[1mGenerating C type support dispatch for ROS interfaces[0m
[7.726s] [ 25%] [34m[1mGenerating C introspection for ROS interfaces[0m
[7.731s] [ 28%] [34m[1mGenerating C type support for eProsima Fast-RTPS[0m
[8.353s] [ 31%] [32mBuilding CXX object CMakeFiles/multi_map_nav__rosidl_typesupport_cpp.dir/rosidl_typesupport_cpp/multi_map_nav/action/navigate_to_goal__type_support.cpp.o[0m
[8.542s] [ 34%] [32mBuilding CXX object CMakeFiles/multi_map_nav__rosidl_typesupport_introspection_cpp.dir/rosidl_typesupport_introspection_cpp/multi_map_nav/action/detail/navigate_to_goal__type_support.cpp.o[0m
[8.947s] [ 37%] [32mBuilding CXX object CMakeFiles/multi_map_nav__rosidl_typesupport_c.dir/rosidl_typesupport_c/multi_map_nav/action/navigate_to_goal__type_support.cpp.o[0m
[8.989s] [ 40%] [32mBuilding CXX object CMakeFiles/multi_map_nav__rosidl_typesupport_fastrtps_cpp.dir/rosidl_typesupport_fastrtps_cpp/multi_map_nav/action/detail/dds_fastrtps/navigate_to_goal__type_support.cpp.o[0m
[9.120s] [ 42%] [32m[1mLinking CXX shared library libmulti_map_nav__rosidl_typesupport_c.so[0m
[9.285s] [ 42%] Built target multi_map_nav__rosidl_typesupport_c
[9.315s] [ 45%] [32mBuilding C object CMakeFiles/multi_map_nav__rosidl_typesupport_introspection_c.dir/rosidl_typesupport_introspection_c/multi_map_nav/action/detail/navigate_to_goal__type_support.c.o[0m
[9.327s] [ 48%] [32mBuilding CXX object CMakeFiles/multi_map_nav__rosidl_typesupport_fastrtps_c.dir/rosidl_typesupport_fastrtps_c/multi_map_nav/action/detail/navigate_to_goal__type_support_c.cpp.o[0m
[9.452s] [ 51%] [32m[1mLinking C shared library libmulti_map_nav__rosidl_typesupport_introspection_c.so[0m
[9.539s] [ 51%] Built target multi_map_nav__rosidl_typesupport_introspection_c
[9.695s] [ 54%] [32m[1mLinking CXX shared library libmulti_map_nav__rosidl_typesupport_cpp.so[0m
[9.815s] [ 54%] Built target multi_map_nav__rosidl_typesupport_cpp
[9.877s] [ 57%] [32mBuilding CXX object CMakeFiles/navigation_server_node.dir/src/navigation_server.cpp.o[0m
[9.884s] [ 60%] [32mBuilding CXX object CMakeFiles/navigation_server_node.dir/src/wormhole_manager.cpp.o[0m
[9.894s] [ 62%] [32mBuilding CXX object CMakeFiles/navigation_server_node.dir/src/switch_map.cpp.o[0m
[10.466s] [ 65%] [32m[1mLinking CXX shared library libmulti_map_nav__rosidl_typesupport_fastrtps_c.so[0m
[10.477s] [ 68%] [32m[1mLinking CXX shared library libmulti_map_nav__rosidl_typesupport_introspection_cpp.so[0m
[10.518s] [ 71%] [32m[1mLinking CXX shared library libmulti_map_nav__rosidl_typesupport_fastrtps_cpp.so[0m
[10.824s] [ 71%] Built target multi_map_nav__rosidl_typesupport_introspection_cpp
[10.853s] [ 71%] Built target multi_map_nav__rosidl_typesupport_fastrtps_cpp
[10.899s] [ 71%] Built target multi_map_nav__rosidl_typesupport_fastrtps_c
[10.950s] [ 71%] Built target multi_map_nav
[11.003s] [ 74%] [34m[1mGenerating Python code for ROS interfaces[0m
[13.538s] [ 74%] Built target multi_map_nav__py
[13.595s] [ 77%] [32mBuilding C object CMakeFiles/multi_map_nav__rosidl_generator_py.dir/rosidl_generator_py/multi_map_nav/action/_navigate_to_goal_s.c.o[0m
[13.933s] [ 80%] [32m[1mLinking C shared library rosidl_generator_py/multi_map_nav/libmulti_map_nav__rosidl_generator_py.so[0m
[14.055s] [ 80%] Built target multi_map_nav__rosidl_generator_py
[14.128s] [ 82%] [32mBuilding C object CMakeFiles/multi_map_nav__rosidl_typesupport_fastrtps_c__pyext.dir/rosidl_generator_py/multi_map_nav/_multi_map_nav_s.ep.rosidl_typesupport_fastrtps_c.c.o[0m
[14.140s] [ 85%] [32mBuilding C object CMakeFiles/multi_map_nav__rosidl_typesupport_c__pyext.dir/rosidl_generator_py/multi_map_nav/_multi_map_nav_s.ep.rosidl_typesupport_c.c.o[0m
[14.158s] [ 88%] [32mBuilding C object CMakeFiles/multi_map_nav__rosidl_typesupport_introspection_c__pyext.dir/rosidl_generator_py/multi_map_nav/_multi_map_nav_s.ep.rosidl_typesupport_introspection_c.c.o[0m
[14.515s] [ 91%] [32m[1mLinking C shared library rosidl_generator_py/multi_map_nav/multi_map_nav_s__rosidl_typesupport_fastrtps_c.cpython-310-x86_64-linux-gnu.so[0m
[14.536s] [ 94%] [32m[1mLinking C shared library rosidl_generator_py/multi_map_nav/multi_map_nav_s__rosidl_typesupport_introspection_c.cpython-310-x86_64-linux-gnu.so[0m
[14.596s] [ 97%] [32m[1mLinking C shared library rosidl_generator_py/multi_map_nav/multi_map_nav_s__rosidl_typesupport_c.cpython-310-x86_64-linux-gnu.so[0m
[14.686s] [ 97%] Built target multi_map_nav__rosidl_typesupport_fastrtps_c__pyext
[14.686s] [ 97%] Built target multi_map_nav__rosidl_typesupport_introspection_c__pyext
[14.733s] [ 97%] Built target multi_map_nav__rosidl_typesupport_c__pyext
[21.323s] [100%] [32m[1mLinking CXX executable navigation_server_node[0m
[22.391s] [100%] Built target navigation_server_node
[22.420s] Invoked command in '/home/ksubra/new_ws/build/multi_map_nav' returned '0': CMAKE_PREFIX_PATH=/opt/ros/humble /usr/bin/cmake --build /home/ksubra/new_ws/build/multi_map_nav -- -j6 -l6
[22.446s] Invoking command in '/home/ksubra/new_ws/build/multi_map_nav': CMAKE_PREFIX_PATH=/opt/ros/humble /usr/bin/cmake --install /home/ksubra/new_ws/build/multi_map_nav
[22.463s] -- Install configuration: ""
[22.463s] -- Installing: /home/ksubra/new_ws/install/multi_map_nav/share/ament_index/resource_index/rosidl_interfaces/multi_map_nav
[22.464s] -- Installing: /home/ksubra/new_ws/install/multi_map_nav/include/multi_map_nav/multi_map_nav
[22.464s] -- Installing: /home/ksubra/new_ws/install/multi_map_nav/include/multi_map_nav/multi_map_nav/msg
[22.465s] -- Installing: /home/ksubra/new_ws/install/multi_map_nav/include/multi_map_nav/multi_map_nav/msg/rosidl_generator_c__visibility_control.h
[22.465s] -- Installing: /home/ksubra/new_ws/install/multi_map_nav/include/multi_map_nav/multi_map_nav/action
[22.465s] -- Installing: /home/ksubra/new_ws/install/multi_map_nav/include/multi_map_nav/multi_map_nav/action/navigate_to_goal.h
[22.466s] -- Installing: /home/ksubra/new_ws/install/multi_map_nav/include/multi_map_nav/multi_map_nav/action/detail
[22.466s] -- Installing: /home/ksubra/new_ws/install/multi_map_nav/include/multi_map_nav/multi_map_nav/action/detail/navigate_to_goal__functions.h
[22.466s] -- Installing: /home/ksubra/new_ws/install/multi_map_nav/include/multi_map_nav/multi_map_nav/action/detail/navigate_to_goal__struct.h
[22.467s] -- Installing: /home/ksubra/new_ws/install/multi_map_nav/include/multi_map_nav/multi_map_nav/action/detail/navigate_to_goal__type_support.h
[22.467s] -- Installing: /home/ksubra/new_ws/install/multi_map_nav/include/multi_map_nav/multi_map_nav/action/detail/navigate_to_goal__functions.c
[22.468s] -- Installing: /home/ksubra/new_ws/install/multi_map_nav/share/multi_map_nav/environment/library_path.sh
[22.469s] -- Installing: /home/ksubra/new_ws/install/multi_map_nav/share/multi_map_nav/environment/library_path.dsv
[22.469s] -- Installing: /home/ksubra/new_ws/install/multi_map_nav/lib/libmulti_map_nav__rosidl_generator_c.so
[22.470s] -- Set runtime path of "/home/ksubra/new_ws/install/multi_map_nav/lib/libmulti_map_nav__rosidl_generator_c.so" to ""
[22.471s] -- Up-to-date: /home/ksubra/new_ws/install/multi_map_nav/include/multi_map_nav/multi_map_nav
[22.471s] -- Up-to-date: /home/ksubra/new_ws/install/multi_map_nav/include/multi_map_nav/multi_map_nav/msg
[22.471s] -- Installing: /home/ksubra/new_ws/install/multi_map_nav/include/multi_map_nav/multi_map_nav/msg/rosidl_typesupport_fastrtps_c__visibility_control.h
[22.472s] -- Up-to-date: /home/ksubra/new_ws/install/multi_map_nav/include/multi_map_nav/multi_map_nav/action
[22.472s] -- Up-to-date: /home/ksubra/new_ws/install/multi_map_nav/include/multi_map_nav/multi_map_nav/action/detail
[22.472s] -- Installing: /home/ksubra/new_ws/install/multi_map_nav/include/multi_map_nav/multi_map_nav/action/detail/navigate_to_goal__rosidl_typesupport_fastrtps_c.h
[22.472s] -- Installing: /home/ksubra/new_ws/install/multi_map_nav/lib/libmulti_map_nav__rosidl_typesupport_fastrtps_c.so
[22.473s] -- Set runtime path of "/home/ksubra/new_ws/install/multi_map_nav/lib/libmulti_map_nav__rosidl_typesupport_fastrtps_c.so" to ""
[22.474s] -- Up-to-date: /home/ksubra/new_ws/install/multi_map_nav/include/multi_map_nav/multi_map_nav
[22.474s] -- Up-to-date: /home/ksubra/new_ws/install/multi_map_nav/include/multi_map_nav/multi_map_nav/msg
[22.474s] -- Installing: /home/ksubra/new_ws/install/multi_map_nav/include/multi_map_nav/multi_map_nav/msg/rosidl_generator_cpp__visibility_control.hpp
[22.475s] -- Up-to-date: /home/ksubra/new_ws/install/multi_map_nav/include/multi_map_nav/multi_map_nav/action
[22.475s] -- Up-to-date: /home/ksubra/new_ws/install/multi_map_nav/include/multi_map_nav/multi_map_nav/action/detail
[22.476s] -- Installing: /home/ksubra/new_ws/install/multi_map_nav/include/multi_map_nav/multi_map_nav/action/detail/navigate_to_goal__struct.hpp
[22.476s] -- Installing: /home/ksubra/new_ws/install/multi_map_nav/include/multi_map_nav/multi_map_nav/action/detail/navigate_to_goal__type_support.hpp
[22.476s] -- Installing: /home/ksubra/new_ws/install/multi_map_nav/include/multi_map_nav/multi_map_nav/action/detail/navigate_to_goal__traits.hpp
[22.478s] -- Installing: /home/ksubra/new_ws/install/multi_map_nav/include/multi_map_nav/multi_map_nav/action/detail/navigate_to_goal__builder.hpp
[22.479s] -- Installing: /home/ksubra/new_ws/install/multi_map_nav/include/multi_map_nav/multi_map_nav/action/navigate_to_goal.hpp
[22.479s] -- Up-to-date: /home/ksubra/new_ws/install/multi_map_nav/include/multi_map_nav/multi_map_nav
[22.479s] -- Up-to-date: /home/ksubra/new_ws/install/multi_map_nav/include/multi_map_nav/multi_map_nav/msg
[22.479s] -- Installing: /home/ksubra/new_ws/install/multi_map_nav/include/multi_map_nav/multi_map_nav/msg/rosidl_typesupport_fastrtps_cpp__visibility_control.h
[22.480s] -- Up-to-date: /home/ksubra/new_ws/install/multi_map_nav/include/multi_map_nav/multi_map_nav/action
[22.480s] -- Up-to-date: /home/ksubra/new_ws/install/multi_map_nav/include/multi_map_nav/multi_map_nav/action/detail
[22.480s] -- Installing: /home/ksubra/new_ws/install/multi_map_nav/include/multi_map_nav/multi_map_nav/action/detail/navigate_to_goal__rosidl_typesupport_fastrtps_cpp.hpp
[22.480s] -- Installing: /home/ksubra/new_ws/install/multi_map_nav/include/multi_map_nav/multi_map_nav/action/detail/dds_fastrtps
[22.480s] -- Installing: /home/ksubra/new_ws/install/multi_map_nav/lib/libmulti_map_nav__rosidl_typesupport_fastrtps_cpp.so
[22.481s] -- Set runtime path of "/home/ksubra/new_ws/install/multi_map_nav/lib/libmulti_map_nav__rosidl_typesupport_fastrtps_cpp.so" to ""
[22.481s] -- Up-to-date: /home/ksubra/new_ws/install/multi_map_nav/include/multi_map_nav/multi_map_nav
[22.481s] -- Up-to-date: /home/ksubra/new_ws/install/multi_map_nav/include/multi_map_nav/multi_map_nav/msg
[22.481s] -- Installing: /home/ksubra/new_ws/install/multi_map_nav/include/multi_map_nav/multi_map_nav/msg/rosidl_typesupport_introspection_c__visibility_control.h
[22.481s] -- Up-to-date: /home/ksubra/new_ws/install/multi_map_nav/include/multi_map_nav/multi_map_nav/action
[22.482s] -- Up-to-date: /home/ksubra/new_ws/install/multi_map_nav/include/multi_map_nav/multi_map_nav/action/detail
[22.482s] -- Installing: /home/ksubra/new_ws/install/multi_map_nav/include/multi_map_nav/multi_map_nav/action/detail/navigate_to_goal__rosidl_typesupport_introspection_c.h
[22.482s] -- Installing: /home/ksubra/new_ws/install/multi_map_nav/include/multi_map_nav/multi_map_nav/action/detail/navigate_to_goal__type_support.c
[22.482s] -- Installing: /home/ksubra/new_ws/install/multi_map_nav/lib/libmulti_map_nav__rosidl_typesupport_introspection_c.so
[22.482s] -- Set runtime path of "/home/ksubra/new_ws/install/multi_map_nav/lib/libmulti_map_nav__rosidl_typesupport_introspection_c.so" to ""
[22.483s] -- Installing: /home/ksubra/new_ws/install/multi_map_nav/lib/libmulti_map_nav__rosidl_typesupport_c.so
[22.483s] -- Set runtime path of "/home/ksubra/new_ws/install/multi_map_nav/lib/libmulti_map_nav__rosidl_typesupport_c.so" to ""
[22.484s] -- Up-to-date: /home/ksubra/new_ws/install/multi_map_nav/include/multi_map_nav/multi_map_nav
[22.484s] -- Up-to-date: /home/ksubra/new_ws/install/multi_map_nav/include/multi_map_nav/multi_map_nav/action
[22.484s] -- Up-to-date: /home/ksubra/new_ws/install/multi_map_nav/include/multi_map_nav/multi_map_nav/action/detail
[22.484s] -- Installing: /home/ksubra/new_ws/install/multi_map_nav/include/multi_map_nav/multi_map_nav/action/detail/navigate_to_goal__rosidl_typesupport_introspection_cpp.hpp
[22.485s] -- Installing: /home/ksubra/new_ws/install/multi_map_nav/include/multi_map_nav/multi_map_nav/action/detail/navigate_to_goal__type_support.cpp
[22.485s] -- Installing: /home/ksubra/new_ws/install/multi_map_nav/lib/libmulti_map_nav__rosidl_typesupport_introspection_cpp.so
[22.486s] -- Set runtime path of "/home/ksubra/new_ws/install/multi_map_nav/lib/libmulti_map_nav__rosidl_typesupport_introspection_cpp.so" to ""
[22.486s] -- Installing: /home/ksubra/new_ws/install/multi_map_nav/lib/libmulti_map_nav__rosidl_typesupport_cpp.so
[22.487s] -- Set runtime path of "/home/ksubra/new_ws/install/multi_map_nav/lib/libmulti_map_nav__rosidl_typesupport_cpp.so" to ""
[22.487s] -- Installing: /home/ksubra/new_ws/install/multi_map_nav/share/multi_map_nav/environment/pythonpath.sh
[22.488s] -- Installing: /home/ksubra/new_ws/install/multi_map_nav/share/multi_map_nav/environment/pythonpath.dsv
[22.488s] -- Installing: /home/ksubra/new_ws/install/multi_map_nav/local/lib/python3.10/dist-packages/multi_map_nav-0.1.0-py3.10.egg-info
[22.489s] -- Installing: /home/ksubra/new_ws/install/multi_map_nav/local/lib/python3.10/dist-packages/multi_map_nav-0.1.0-py3.10.egg-info/top_level.txt
[22.489s] -- Installing: /home/ksubra/new_ws/install/multi_map_nav/local/lib/python3.10/dist-packages/multi_map_nav-0.1.0-py3.10.egg-info/PKG-INFO
[22.489s] -- Installing: /home/ksubra/new_ws/install/multi_map_nav/local/lib/python3.10/dist-packages/multi_map_nav-0.1.0-py3.10.egg-info/dependency_links.txt
[22.490s] -- Installing: /home/ksubra/new_ws/install/multi_map_nav/local/lib/python3.10/dist-packages/multi_map_nav-0.1.0-py3.10.egg-info/SOURCES.txt
[22.490s] -- Installing: /home/ksubra/new_ws/install/multi_map_nav/local/lib/python3.10/dist-packages/multi_map_nav
[22.491s] -- Installing: /home/ksubra/new_ws/install/multi_map_nav/local/lib/python3.10/dist-packages/multi_map_nav/_multi_map_nav_s.ep.rosidl_typesupport_fastrtps_c.c
[22.491s] -- Installing: /home/ksubra/new_ws/install/multi_map_nav/local/lib/python3.10/dist-packages/multi_map_nav/multi_map_nav_s__rosidl_typesupport_introspection_c.cpython-310-x86_64-linux-gnu.so
[22.492s] -- Installing: /home/ksubra/new_ws/install/multi_map_nav/local/lib/python3.10/dist-packages/multi_map_nav/_multi_map_nav_s.ep.rosidl_typesupport_c.c
[22.494s] -- Installing: /home/ksubra/new_ws/install/multi_map_nav/local/lib/python3.10/dist-packages/multi_map_nav/libmulti_map_nav__rosidl_generator_py.so
[22.494s] -- Installing: /home/ksubra/new_ws/install/multi_map_nav/local/lib/python3.10/dist-packages/multi_map_nav/__init__.py
[22.495s] -- Installing: /home/ksubra/new_ws/install/multi_map_nav/local/lib/python3.10/dist-packages/multi_map_nav/multi_map_nav_s__rosidl_typesupport_c.cpython-310-x86_64-linux-gnu.so
[22.495s] -- Installing: /home/ksubra/new_ws/install/multi_map_nav/local/lib/python3.10/dist-packages/multi_map_nav/_multi_map_nav_s.ep.rosidl_typesupport_introspection_c.c
[22.495s] -- Installing: /home/ksubra/new_ws/install/multi_map_nav/local/lib/python3.10/dist-packages/multi_map_nav/action
[22.495s] -- Installing: /home/ksubra/new_ws/install/multi_map_nav/local/lib/python3.10/dist-packages/multi_map_nav/action/_navigate_to_goal.py
[22.496s] -- Installing: /home/ksubra/new_ws/install/multi_map_nav/local/lib/python3.10/dist-packages/multi_map_nav/action/_navigate_to_goal_s.c
[22.496s] -- Installing: /home/ksubra/new_ws/install/multi_map_nav/local/lib/python3.10/dist-packages/multi_map_nav/action/__init__.py
[22.496s] -- Installing: /home/ksubra/new_ws/install/multi_map_nav/local/lib/python3.10/dist-packages/multi_map_nav/multi_map_nav_s__rosidl_typesupport_fastrtps_c.cpython-310-x86_64-linux-gnu.so
[22.600s] Listing '/home/ksubra/new_ws/install/multi_map_nav/local/lib/python3.10/dist-packages/multi_map_nav'...
[22.600s] Compiling '/home/ksubra/new_ws/install/multi_map_nav/local/lib/python3.10/dist-packages/multi_map_nav/__init__.py'...
[22.600s] Listing '/home/ksubra/new_ws/install/multi_map_nav/local/lib/python3.10/dist-packages/multi_map_nav/action'...
[22.600s] Compiling '/home/ksubra/new_ws/install/multi_map_nav/local/lib/python3.10/dist-packages/multi_map_nav/action/__init__.py'...
[22.600s] Compiling '/home/ksubra/new_ws/install/multi_map_nav/local/lib/python3.10/dist-packages/multi_map_nav/action/_navigate_to_goal.py'...
[22.612s] -- Installing: /home/ksubra/new_ws/install/multi_map_nav/local/lib/python3.10/dist-packages/multi_map_nav/multi_map_nav_s__rosidl_typesupport_fastrtps_c.cpython-310-x86_64-linux-gnu.so
[22.613s] -- Set runtime path of "/home/ksubra/new_ws/install/multi_map_nav/local/lib/python3.10/dist-packages/multi_map_nav/multi_map_nav_s__rosidl_typesupport_fastrtps_c.cpython-310-x86_64-linux-gnu.so" to ""
[22.613s] -- Installing: /home/ksubra/new_ws/install/multi_map_nav/local/lib/python3.10/dist-packages/multi_map_nav/multi_map_nav_s__rosidl_typesupport_introspection_c.cpython-310-x86_64-linux-gnu.so
[22.614s] -- Set runtime path of "/home/ksubra/new_ws/install/multi_map_nav/local/lib/python3.10/dist-packages/multi_map_nav/multi_map_nav_s__rosidl_typesupport_introspection_c.cpython-310-x86_64-linux-gnu.so" to ""
[22.615s] -- Installing: /home/ksubra/new_ws/install/multi_map_nav/local/lib/python3.10/dist-packages/multi_map_nav/multi_map_nav_s__rosidl_typesupport_c.cpython-310-x86_64-linux-gnu.so
[22.616s] -- Set runtime path of "/home/ksubra/new_ws/install/multi_map_nav/local/lib/python3.10/dist-packages/multi_map_nav/multi_map_nav_s__rosidl_typesupport_c.cpython-310-x86_64-linux-gnu.so" to ""
[22.616s] -- Installing: /home/ksubra/new_ws/install/multi_map_nav/lib/libmulti_map_nav__rosidl_generator_py.so
[22.618s] -- Set runtime path of "/home/ksubra/new_ws/install/multi_map_nav/lib/libmulti_map_nav__rosidl_generator_py.so" to ""
[22.618s] -- Installing: /home/ksubra/new_ws/install/multi_map_nav/share/multi_map_nav/action/NavigateToGoal.idl
[22.618s] -- Installing: /home/ksubra/new_ws/install/multi_map_nav/share/multi_map_nav/action/NavigateToGoal.action
[22.619s] -- Installing: /home/ksubra/new_ws/install/multi_map_nav/lib/multi_map_nav/send_goal.py
[22.620s] -- Installing: /home/ksubra/new_ws/install/multi_map_nav/lib/multi_map_nav/navigation_server_node
[22.627s] -- Set runtime path of "/home/ksubra/new_ws/install/multi_map_nav/lib/multi_map_nav/navigation_server_node" to ""
[22.627s] -- Up-to-date: /home/ksubra/new_ws/install/multi_map_nav/include/
[22.627s] -- Up-to-date: /home/ksubra/new_ws/install/multi_map_nav/include//multi_map_nav
[22.627s] -- Installing: /home/ksubra/new_ws/install/multi_map_nav/include//multi_map_nav/wormhole_manager.hpp
[22.628s] -- Installing: /home/ksubra/new_ws/install/multi_map_nav/include//multi_map_nav/switch_map.hpp
[22.628s] -- Installing: /home/ksubra/new_ws/install/multi_map_nav/include//multi_map_nav/navigation_server.hpp
[22.628s] -- Installing: /home/ksubra/new_ws/install/multi_map_nav/share/multi_map_nav/launch
[22.628s] -- Installing: /home/ksubra/new_ws/install/multi_map_nav/share/multi_map_nav/launch/multi_map_nav.launch.py
[22.629s] -- Installing: /home/ksubra/new_ws/install/multi_map_nav/share/multi_map_nav/maps
[22.629s] -- Installing: /home/ksubra/new_ws/install/multi_map_nav/share/multi_map_nav/maps/map3.pgm
[22.634s] -- Installing: /home/ksubra/new_ws/install/multi_map_nav/share/multi_map_nav/maps/map3.yaml
[22.634s] -- Installing: /home/ksubra/new_ws/install/multi_map_nav/share/multi_map_nav/maps/map2.yaml
[22.635s] -- Installing: /home/ksubra/new_ws/install/multi_map_nav/share/multi_map_nav/maps/map2.pgm
[22.640s] -- Installing: /home/ksubra/new_ws/install/multi_map_nav/share/multi_map_nav/maps/map1.yaml
[22.641s] -- Installing: /home/ksubra/new_ws/install/multi_map_nav/share/multi_map_nav/maps/map1.pgm
[22.649s] [31mCMake Error at cmake_install.cmake:403 (file):
[22.649s]   file INSTALL cannot find "/home/ksubra/new_ws/src/multi_map_nav/rviz": No
[22.650s]   such file or directory.
[22.650s] 
[22.651s] [0m
[22.653s] Invoked command in '/home/ksubra/new_ws/build/multi_map_nav' returned '1': CMAKE_PREFIX_PATH=/opt/ros/humble /usr/bin/cmake --install /home/ksubra/new_ws/build/multi_map_nav
