[0.208s] DEBUG:colcon:Command line arguments: ['/usr/bin/colcon', 'build']
[0.209s] DEBUG:colcon:Parsed command line arguments: Namespace(log_base=None, log_level=None, verb_name='build', build_base='build', install_base='install', merge_install=False, symlink_install=False, test_result_base=None, continue_on_error=False, executor='parallel', parallel_workers=6, event_handlers=None, ignore_user_meta=False, metas=['./colcon.meta'], base_paths=['.'], packages_ignore=None, packages_ignore_regex=None, paths=None, packages_up_to=None, packages_up_to_regex=None, packages_above=None, packages_above_and_dependencies=None, packages_above_depth=None, packages_select_by_dep=None, packages_skip_by_dep=None, packages_skip_up_to=None, packages_select_build_failed=False, packages_skip_build_finished=False, packages_select_test_failures=False, packages_skip_test_passed=False, packages_select=None, packages_skip=None, packages_select_regex=None, packages_skip_regex=None, packages_start=None, packages_end=None, allow_overriding=[], cmake_args=None, cmake_target=None, cmake_target_skip_unavailable=False, cmake_clean_cache=False, cmake_clean_first=False, cmake_force_configure=False, ament_cmake_args=None, catkin_cmake_args=None, catkin_skip_building_tests=False, mixin_files=None, mixin=None, verb_parser=<colcon_mixin.mixin.mixin_argument.MixinArgumentDecorator object at 0x7b319335a3e0>, verb_extension=<colcon_core.verb.build.BuildVerb object at 0x7b31934d3b50>, main=<bound method BuildVerb.main of <colcon_core.verb.build.BuildVerb object at 0x7b31934d3b50>>, mixin_verb=('build',))
[0.561s] Level 1:colcon.colcon_core.package_discovery:discover_packages(colcon_meta) check parameters
[0.561s] Level 1:colcon.colcon_core.package_discovery:discover_packages(recursive) check parameters
[0.561s] Level 1:colcon.colcon_core.package_discovery:discover_packages(ignore) check parameters
[0.561s] Level 1:colcon.colcon_core.package_discovery:discover_packages(path) check parameters
[0.562s] Level 1:colcon.colcon_core.package_discovery:discover_packages(colcon_meta) discover
[0.562s] Level 1:colcon.colcon_core.package_discovery:discover_packages(recursive) discover
[0.562s] INFO:colcon.colcon_core.package_discovery:Crawling recursively for packages in '/home/ksubra/new_ws'
[0.562s] Level 1:colcon.colcon_core.package_identification:_identify(.) by extensions ['ignore', 'ignore_ament_install']
[0.562s] Level 1:colcon.colcon_core.package_identification:_identify(.) by extension 'ignore'
[0.562s] Level 1:colcon.colcon_core.package_identification:_identify(.) by extension 'ignore_ament_install'
[0.563s] Level 1:colcon.colcon_core.package_identification:_identify(.) by extensions ['colcon_pkg']
[0.563s] Level 1:colcon.colcon_core.package_identification:_identify(.) by extension 'colcon_pkg'
[0.563s] Level 1:colcon.colcon_core.package_identification:_identify(.) by extensions ['colcon_meta']
[0.563s] Level 1:colcon.colcon_core.package_identification:_identify(.) by extension 'colcon_meta'
[0.563s] Level 1:colcon.colcon_core.package_identification:_identify(.) by extensions ['ros']
[0.563s] Level 1:colcon.colcon_core.package_identification:_identify(.) by extension 'ros'
[0.586s] Level 1:colcon.colcon_core.package_identification:_identify(.) by extensions ['cmake', 'python']
[0.586s] Level 1:colcon.colcon_core.package_identification:_identify(.) by extension 'cmake'
[0.586s] Level 1:colcon.colcon_core.package_identification:_identify(.) by extension 'python'
[0.586s] Level 1:colcon.colcon_core.package_identification:_identify(.) by extensions ['python_setup_py']
[0.586s] Level 1:colcon.colcon_core.package_identification:_identify(.) by extension 'python_setup_py'
[0.587s] Level 1:colcon.colcon_core.package_identification:_identify(build) by extensions ['ignore', 'ignore_ament_install']
[0.587s] Level 1:colcon.colcon_core.package_identification:_identify(build) by extension 'ignore'
[0.587s] Level 1:colcon.colcon_core.package_identification:_identify(build) ignored
[0.587s] Level 1:colcon.colcon_core.package_identification:_identify(install) by extensions ['ignore', 'ignore_ament_install']
[0.587s] Level 1:colcon.colcon_core.package_identification:_identify(install) by extension 'ignore'
[0.587s] Level 1:colcon.colcon_core.package_identification:_identify(install) ignored
[0.587s] Level 1:colcon.colcon_core.package_identification:_identify(log) by extensions ['ignore', 'ignore_ament_install']
[0.588s] Level 1:colcon.colcon_core.package_identification:_identify(log) by extension 'ignore'
[0.588s] Level 1:colcon.colcon_core.package_identification:_identify(log) ignored
[0.588s] Level 1:colcon.colcon_core.package_identification:_identify(src) by extensions ['ignore', 'ignore_ament_install']
[0.588s] Level 1:colcon.colcon_core.package_identification:_identify(src) by extension 'ignore'
[0.588s] Level 1:colcon.colcon_core.package_identification:_identify(src) by extension 'ignore_ament_install'
[0.588s] Level 1:colcon.colcon_core.package_identification:_identify(src) by extensions ['colcon_pkg']
[0.588s] Level 1:colcon.colcon_core.package_identification:_identify(src) by extension 'colcon_pkg'
[0.588s] Level 1:colcon.colcon_core.package_identification:_identify(src) by extensions ['colcon_meta']
[0.588s] Level 1:colcon.colcon_core.package_identification:_identify(src) by extension 'colcon_meta'
[0.588s] Level 1:colcon.colcon_core.package_identification:_identify(src) by extensions ['ros']
[0.588s] Level 1:colcon.colcon_core.package_identification:_identify(src) by extension 'ros'
[0.589s] Level 1:colcon.colcon_core.package_identification:_identify(src) by extensions ['cmake', 'python']
[0.589s] Level 1:colcon.colcon_core.package_identification:_identify(src) by extension 'cmake'
[0.589s] Level 1:colcon.colcon_core.package_identification:_identify(src) by extension 'python'
[0.589s] Level 1:colcon.colcon_core.package_identification:_identify(src) by extensions ['python_setup_py']
[0.589s] Level 1:colcon.colcon_core.package_identification:_identify(src) by extension 'python_setup_py'
[0.589s] Level 1:colcon.colcon_core.package_identification:_identify(src/multi_map_nav) by extensions ['ignore', 'ignore_ament_install']
[0.589s] Level 1:colcon.colcon_core.package_identification:_identify(src/multi_map_nav) by extension 'ignore'
[0.589s] Level 1:colcon.colcon_core.package_identification:_identify(src/multi_map_nav) by extension 'ignore_ament_install'
[0.589s] Level 1:colcon.colcon_core.package_identification:_identify(src/multi_map_nav) by extensions ['colcon_pkg']
[0.589s] Level 1:colcon.colcon_core.package_identification:_identify(src/multi_map_nav) by extension 'colcon_pkg'
[0.589s] Level 1:colcon.colcon_core.package_identification:_identify(src/multi_map_nav) by extensions ['colcon_meta']
[0.589s] Level 1:colcon.colcon_core.package_identification:_identify(src/multi_map_nav) by extension 'colcon_meta'
[0.590s] Level 1:colcon.colcon_core.package_identification:_identify(src/multi_map_nav) by extensions ['ros']
[0.590s] Level 1:colcon.colcon_core.package_identification:_identify(src/multi_map_nav) by extension 'ros'
[0.595s] DEBUG:colcon.colcon_core.package_identification:Package 'src/multi_map_nav' with type 'ros.ament_cmake' and name 'multi_map_nav'
[0.595s] Level 1:colcon.colcon_core.package_discovery:discover_packages(recursive) using defaults
[0.596s] Level 1:colcon.colcon_core.package_discovery:discover_packages(ignore) discover
[0.596s] Level 1:colcon.colcon_core.package_discovery:discover_packages(ignore) using defaults
[0.596s] Level 1:colcon.colcon_core.package_discovery:discover_packages(path) discover
[0.596s] Level 1:colcon.colcon_core.package_discovery:discover_packages(path) using defaults
[0.656s] Level 1:colcon.colcon_core.package_discovery:discover_packages(prefix_path) check parameters
[0.657s] Level 1:colcon.colcon_core.package_discovery:discover_packages(prefix_path) discover
[0.663s] DEBUG:colcon.colcon_installed_package_information.package_discovery:Found 433 installed packages in /opt/ros/humble
[0.668s] Level 1:colcon.colcon_core.package_discovery:discover_packages(prefix_path) using defaults
[0.784s] Level 5:colcon.colcon_core.verb:set package 'multi_map_nav' build argument 'cmake_args' from command line to 'None'
[0.784s] Level 5:colcon.colcon_core.verb:set package 'multi_map_nav' build argument 'cmake_target' from command line to 'None'
[0.784s] Level 5:colcon.colcon_core.verb:set package 'multi_map_nav' build argument 'cmake_target_skip_unavailable' from command line to 'False'
[0.784s] Level 5:colcon.colcon_core.verb:set package 'multi_map_nav' build argument 'cmake_clean_cache' from command line to 'False'
[0.784s] Level 5:colcon.colcon_core.verb:set package 'multi_map_nav' build argument 'cmake_clean_first' from command line to 'False'
[0.785s] Level 5:colcon.colcon_core.verb:set package 'multi_map_nav' build argument 'cmake_force_configure' from command line to 'False'
[0.785s] Level 5:colcon.colcon_core.verb:set package 'multi_map_nav' build argument 'ament_cmake_args' from command line to 'None'
[0.785s] Level 5:colcon.colcon_core.verb:set package 'multi_map_nav' build argument 'catkin_cmake_args' from command line to 'None'
[0.785s] Level 5:colcon.colcon_core.verb:set package 'multi_map_nav' build argument 'catkin_skip_building_tests' from command line to 'False'
[0.785s] DEBUG:colcon.colcon_core.verb:Building package 'multi_map_nav' with the following arguments: {'ament_cmake_args': None, 'build_base': '/home/ksubra/new_ws/build/multi_map_nav', 'catkin_cmake_args': None, 'catkin_skip_building_tests': False, 'cmake_args': None, 'cmake_clean_cache': False, 'cmake_clean_first': False, 'cmake_force_configure': False, 'cmake_target': None, 'cmake_target_skip_unavailable': False, 'install_base': '/home/ksubra/new_ws/install/multi_map_nav', 'merge_install': False, 'path': '/home/ksubra/new_ws/src/multi_map_nav', 'symlink_install': False, 'test_result_base': None}
[0.785s] INFO:colcon.colcon_core.executor:Executing jobs using 'parallel' executor
[0.787s] DEBUG:colcon.colcon_parallel_executor.executor.parallel:run_until_complete
[0.788s] INFO:colcon.colcon_ros.task.ament_cmake.build:Building ROS package in '/home/ksubra/new_ws/src/multi_map_nav' with build type 'ament_cmake'
[0.788s] INFO:colcon.colcon_cmake.task.cmake.build:Building CMake package in '/home/ksubra/new_ws/src/multi_map_nav'
[0.791s] INFO:colcon.colcon_core.plugin_system:Skipping extension 'colcon_core.shell.bat': Not used on non-Windows systems
[0.792s] INFO:colcon.colcon_core.shell:Skip shell extension 'powershell' for command environment: Not usable outside of PowerShell
[0.792s] DEBUG:colcon.colcon_core.shell:Skip shell extension 'dsv' for command environment
[0.809s] DEBUG:colcon.colcon_core.event_handler.log_command:Invoking command in '/home/ksubra/new_ws/build/multi_map_nav': CMAKE_PREFIX_PATH=/opt/ros/humble /usr/bin/cmake --build /home/ksubra/new_ws/build/multi_map_nav -- -j6 -l6
[8.062s] DEBUG:colcon.colcon_core.event_handler.log_command:Invoked command in '/home/ksubra/new_ws/build/multi_map_nav' returned '2': CMAKE_PREFIX_PATH=/opt/ros/humble /usr/bin/cmake --build /home/ksubra/new_ws/build/multi_map_nav -- -j6 -l6
[8.063s] Level 1:colcon.colcon_core.environment:create_environment_scripts_only(multi_map_nav)
[8.067s] Level 1:colcon.colcon_core.environment:checking '/home/ksubra/new_ws/install/multi_map_nav' for CMake module files
[8.068s] Level 1:colcon.colcon_core.environment:checking '/home/ksubra/new_ws/install/multi_map_nav' for CMake config files
[8.069s] Level 1:colcon.colcon_core.environment:checking '/home/ksubra/new_ws/install/multi_map_nav/bin'
[8.069s] Level 1:colcon.colcon_core.environment:checking '/home/ksubra/new_ws/install/multi_map_nav/lib/pkgconfig/multi_map_nav.pc'
[8.070s] Level 1:colcon.colcon_core.environment:checking '/home/ksubra/new_ws/install/multi_map_nav/lib/python3.10/site-packages'
[8.071s] Level 1:colcon.colcon_core.environment:checking '/home/ksubra/new_ws/install/multi_map_nav/bin'
[8.071s] INFO:colcon.colcon_core.shell:Creating package script '/home/ksubra/new_ws/install/multi_map_nav/share/multi_map_nav/package.ps1'
[8.073s] INFO:colcon.colcon_core.shell:Creating package descriptor '/home/ksubra/new_ws/install/multi_map_nav/share/multi_map_nav/package.dsv'
[8.074s] INFO:colcon.colcon_core.shell:Creating package script '/home/ksubra/new_ws/install/multi_map_nav/share/multi_map_nav/package.sh'
[8.076s] INFO:colcon.colcon_core.shell:Creating package script '/home/ksubra/new_ws/install/multi_map_nav/share/multi_map_nav/package.bash'
[8.078s] INFO:colcon.colcon_core.shell:Creating package script '/home/ksubra/new_ws/install/multi_map_nav/share/multi_map_nav/package.zsh'
[8.079s] Level 1:colcon.colcon_core.environment:create_file_with_runtime_dependencies(/home/ksubra/new_ws/install/multi_map_nav/share/colcon-core/packages/multi_map_nav)
[8.093s] DEBUG:colcon.colcon_parallel_executor.executor.parallel:closing loop
[8.093s] DEBUG:colcon.colcon_parallel_executor.executor.parallel:loop closed
[8.094s] DEBUG:colcon.colcon_parallel_executor.executor.parallel:run_until_complete finished with '2'
[8.094s] DEBUG:colcon.colcon_core.event_reactor:joining thread
[8.104s] INFO:colcon.colcon_core.plugin_system:Skipping extension 'colcon_notification.desktop_notification.terminal_notifier': Not used on non-Darwin systems
[8.104s] INFO:colcon.colcon_core.plugin_system:Skipping extension 'colcon_notification.desktop_notification.win32': Not used on non-Windows systems
[8.104s] INFO:colcon.colcon_notification.desktop_notification:Sending desktop notification using 'notify2'
[8.126s] DEBUG:colcon.colcon_core.event_reactor:joined thread
[8.127s] INFO:colcon.colcon_core.shell:Creating prefix script '/home/ksubra/new_ws/install/local_setup.ps1'
[8.129s] INFO:colcon.colcon_core.shell:Creating prefix util module '/home/ksubra/new_ws/install/_local_setup_util_ps1.py'
[8.133s] INFO:colcon.colcon_core.shell:Creating prefix chain script '/home/ksubra/new_ws/install/setup.ps1'
[8.135s] INFO:colcon.colcon_core.shell:Creating prefix script '/home/ksubra/new_ws/install/local_setup.sh'
[8.136s] INFO:colcon.colcon_core.shell:Creating prefix util module '/home/ksubra/new_ws/install/_local_setup_util_sh.py'
[8.138s] INFO:colcon.colcon_core.shell:Creating prefix chain script '/home/ksubra/new_ws/install/setup.sh'
[8.140s] INFO:colcon.colcon_core.shell:Creating prefix script '/home/ksubra/new_ws/install/local_setup.bash'
[8.142s] INFO:colcon.colcon_core.shell:Creating prefix chain script '/home/ksubra/new_ws/install/setup.bash'
[8.144s] INFO:colcon.colcon_core.shell:Creating prefix script '/home/ksubra/new_ws/install/local_setup.zsh'
[8.145s] INFO:colcon.colcon_core.shell:Creating prefix chain script '/home/ksubra/new_ws/install/setup.zsh'
