-- Found ament_cmake: 1.3.12 (/opt/ros/humble/share/ament_cmake/cmake)
-- Found rclcpp: 16.0.14 (/opt/ros/humble/share/rclcpp/cmake)
-- Found rosidl_generator_c: 3.1.7 (/opt/ros/humble/share/rosidl_generator_c/cmake)
-- Found rosidl_adapter: 3.1.7 (/opt/ros/humble/share/rosidl_adapter/cmake)
-- Found rosidl_generator_cpp: 3.1.7 (/opt/ros/humble/share/rosidl_generator_cpp/cmake)
-- Using all available rosidl_typesupport_c: rosidl_typesupport_fastrtps_c;rosidl_typesupport_introspection_c
-- Using all available rosidl_typesupport_cpp: rosidl_typesupport_fastrtps_cpp;rosidl_typesupport_introspection_cpp
-- Found rmw_implementation_cmake: 6.1.2 (/opt/ros/humble/share/rmw_implementation_cmake/cmake)
-- Found rmw_fastrtps_cpp: 6.2.8 (/opt/ros/humble/share/rmw_fastrtps_cpp/cmake)
-- Using RMW implementation 'rmw_fastrtps_cpp' as default
-- Found rclcpp_action: 16.0.14 (/opt/ros/humble/share/rclcpp_action/cmake)
-- Found geometry_msgs: 4.9.0 (/opt/ros/humble/share/geometry_msgs/cmake)
-- Found nav2_msgs: 1.1.18 (/opt/ros/humble/share/nav2_msgs/cmake)
-- Found tf2: 0.25.15 (/opt/ros/humble/share/tf2/cmake)
-- Found tf2_geometry_msgs: 0.25.15 (/opt/ros/humble/share/tf2_geometry_msgs/cmake)
-- Found eigen3_cmake_module: 0.1.1 (/opt/ros/humble/share/eigen3_cmake_module/cmake)
-- Ensuring Eigen3 include directory is part of orocos-kdl CMake target
-- Found ament_cmake_auto: 1.3.12 (/opt/ros/humble/share/ament_cmake_auto/cmake)
-- Found rosidl_default_generators: 1.2.0 (/opt/ros/humble/share/rosidl_default_generators/cmake)
-- Found ament_cmake_ros: 0.10.0 (/opt/ros/humble/share/ament_cmake_ros/cmake)
-- Using all available rosidl_typesupport_c: rosidl_typesupport_fastrtps_c;rosidl_typesupport_introspection_c
-- Using all available rosidl_typesupport_cpp: rosidl_typesupport_fastrtps_cpp;rosidl_typesupport_introspection_cpp
-- Found python_cmake_module: 0.10.0 (/opt/ros/humble/share/python_cmake_module/cmake)
-- Using PYTHON_EXECUTABLE: /usr/bin/python3
-- Using PYTHON_INCLUDE_DIRS: /usr/include/python3.10
-- Using PYTHON_LIBRARIES: /usr/lib/x86_64-linux-gnu/libpython3.10.so
-- Configuring done
-- Generating done
-- Build files have been written to: /home/ksubra/new_ws/build/multi_map_nav
[35m[1mConsolidate compiler generated dependencies of target multi_map_nav__rosidl_generator_c[0m
[  2%] Built target multi_map_nav__cpp
[ 11%] Built target multi_map_nav__rosidl_generator_c
[35m[1mConsolidate compiler generated dependencies of target multi_map_nav__rosidl_typesupport_cpp[0m
[35m[1mConsolidate compiler generated dependencies of target multi_map_nav__rosidl_typesupport_introspection_cpp[0m
[ 11%] Built target ament_cmake_python_copy_multi_map_nav
[35m[1mConsolidate compiler generated dependencies of target multi_map_nav__rosidl_typesupport_fastrtps_cpp[0m
[35m[1mConsolidate compiler generated dependencies of target multi_map_nav__rosidl_typesupport_introspection_c[0m
[35m[1mConsolidate compiler generated dependencies of target multi_map_nav__rosidl_typesupport_fastrtps_c[0m
[35m[1mConsolidate compiler generated dependencies of target multi_map_nav__rosidl_typesupport_c[0m
[ 20%] Built target multi_map_nav__rosidl_typesupport_introspection_cpp
[ 28%] Built target multi_map_nav__rosidl_typesupport_cpp
[ 37%] Built target multi_map_nav__rosidl_typesupport_fastrtps_c
[ 45%] Built target multi_map_nav__rosidl_typesupport_introspection_c
[ 54%] Built target multi_map_nav__rosidl_typesupport_fastrtps_cpp
[ 62%] Built target multi_map_nav__rosidl_typesupport_c
[35m[1mConsolidate compiler generated dependencies of target navigation_server_node[0m
[ 62%] Built target multi_map_nav
[ 74%] Built target navigation_server_node
[ 77%] Built target multi_map_nav__py
[35m[1mConsolidate compiler generated dependencies of target multi_map_nav__rosidl_generator_py[0m
[ 82%] Built target multi_map_nav__rosidl_generator_py
[35m[1mConsolidate compiler generated dependencies of target multi_map_nav__rosidl_typesupport_introspection_c__pyext[0m
[35m[1mConsolidate compiler generated dependencies of target multi_map_nav__rosidl_typesupport_c__pyext[0m
[35m[1mConsolidate compiler generated dependencies of target multi_map_nav__rosidl_typesupport_fastrtps_c__pyext[0m
[ 94%] Built target multi_map_nav__rosidl_typesupport_c__pyext
[ 94%] Built target multi_map_nav__rosidl_typesupport_introspection_c__pyext
[100%] Built target multi_map_nav__rosidl_typesupport_fastrtps_c__pyext
running egg_info
writing multi_map_nav.egg-info/PKG-INFO
writing dependency_links to multi_map_nav.egg-info/dependency_links.txt
writing top-level names to multi_map_nav.egg-info/top_level.txt
reading manifest file 'multi_map_nav.egg-info/SOURCES.txt'
writing manifest file 'multi_map_nav.egg-info/SOURCES.txt'
[100%] Built target ament_cmake_python_build_multi_map_nav_egg
-- Install configuration: ""
-- Up-to-date: /home/ksubra/new_ws/install/multi_map_nav/share/ament_index/resource_index/rosidl_interfaces/multi_map_nav
-- Up-to-date: /home/ksubra/new_ws/install/multi_map_nav/include/multi_map_nav/multi_map_nav
-- Up-to-date: /home/ksubra/new_ws/install/multi_map_nav/include/multi_map_nav/multi_map_nav/msg
-- Up-to-date: /home/ksubra/new_ws/install/multi_map_nav/include/multi_map_nav/multi_map_nav/msg/rosidl_generator_c__visibility_control.h
-- Up-to-date: /home/ksubra/new_ws/install/multi_map_nav/include/multi_map_nav/multi_map_nav/action
-- Up-to-date: /home/ksubra/new_ws/install/multi_map_nav/include/multi_map_nav/multi_map_nav/action/navigate_to_goal.h
-- Up-to-date: /home/ksubra/new_ws/install/multi_map_nav/include/multi_map_nav/multi_map_nav/action/detail
-- Up-to-date: /home/ksubra/new_ws/install/multi_map_nav/include/multi_map_nav/multi_map_nav/action/detail/navigate_to_goal__functions.h
-- Up-to-date: /home/ksubra/new_ws/install/multi_map_nav/include/multi_map_nav/multi_map_nav/action/detail/navigate_to_goal__struct.h
-- Up-to-date: /home/ksubra/new_ws/install/multi_map_nav/include/multi_map_nav/multi_map_nav/action/detail/navigate_to_goal__type_support.h
-- Up-to-date: /home/ksubra/new_ws/install/multi_map_nav/include/multi_map_nav/multi_map_nav/action/detail/navigate_to_goal__functions.c
-- Up-to-date: /home/ksubra/new_ws/install/multi_map_nav/share/multi_map_nav/environment/library_path.sh
-- Installing: /home/ksubra/new_ws/install/multi_map_nav/share/multi_map_nav/environment/library_path.dsv
-- Up-to-date: /home/ksubra/new_ws/install/multi_map_nav/lib/libmulti_map_nav__rosidl_generator_c.so
-- Up-to-date: /home/ksubra/new_ws/install/multi_map_nav/include/multi_map_nav/multi_map_nav
-- Up-to-date: /home/ksubra/new_ws/install/multi_map_nav/include/multi_map_nav/multi_map_nav/msg
-- Up-to-date: /home/ksubra/new_ws/install/multi_map_nav/include/multi_map_nav/multi_map_nav/msg/rosidl_typesupport_fastrtps_c__visibility_control.h
-- Up-to-date: /home/ksubra/new_ws/install/multi_map_nav/include/multi_map_nav/multi_map_nav/action
-- Up-to-date: /home/ksubra/new_ws/install/multi_map_nav/include/multi_map_nav/multi_map_nav/action/detail
-- Up-to-date: /home/ksubra/new_ws/install/multi_map_nav/include/multi_map_nav/multi_map_nav/action/detail/navigate_to_goal__rosidl_typesupport_fastrtps_c.h
-- Up-to-date: /home/ksubra/new_ws/install/multi_map_nav/lib/libmulti_map_nav__rosidl_typesupport_fastrtps_c.so
-- Up-to-date: /home/ksubra/new_ws/install/multi_map_nav/include/multi_map_nav/multi_map_nav
-- Up-to-date: /home/ksubra/new_ws/install/multi_map_nav/include/multi_map_nav/multi_map_nav/msg
-- Up-to-date: /home/ksubra/new_ws/install/multi_map_nav/include/multi_map_nav/multi_map_nav/msg/rosidl_generator_cpp__visibility_control.hpp
-- Up-to-date: /home/ksubra/new_ws/install/multi_map_nav/include/multi_map_nav/multi_map_nav/action
-- Up-to-date: /home/ksubra/new_ws/install/multi_map_nav/include/multi_map_nav/multi_map_nav/action/detail
-- Up-to-date: /home/ksubra/new_ws/install/multi_map_nav/include/multi_map_nav/multi_map_nav/action/detail/navigate_to_goal__struct.hpp
-- Up-to-date: /home/ksubra/new_ws/install/multi_map_nav/include/multi_map_nav/multi_map_nav/action/detail/navigate_to_goal__type_support.hpp
-- Up-to-date: /home/ksubra/new_ws/install/multi_map_nav/include/multi_map_nav/multi_map_nav/action/detail/navigate_to_goal__traits.hpp
-- Up-to-date: /home/ksubra/new_ws/install/multi_map_nav/include/multi_map_nav/multi_map_nav/action/detail/navigate_to_goal__builder.hpp
-- Up-to-date: /home/ksubra/new_ws/install/multi_map_nav/include/multi_map_nav/multi_map_nav/action/navigate_to_goal.hpp
-- Up-to-date: /home/ksubra/new_ws/install/multi_map_nav/include/multi_map_nav/multi_map_nav
-- Up-to-date: /home/ksubra/new_ws/install/multi_map_nav/include/multi_map_nav/multi_map_nav/msg
-- Up-to-date: /home/ksubra/new_ws/install/multi_map_nav/include/multi_map_nav/multi_map_nav/msg/rosidl_typesupport_fastrtps_cpp__visibility_control.h
-- Up-to-date: /home/ksubra/new_ws/install/multi_map_nav/include/multi_map_nav/multi_map_nav/action
-- Up-to-date: /home/ksubra/new_ws/install/multi_map_nav/include/multi_map_nav/multi_map_nav/action/detail
-- Up-to-date: /home/ksubra/new_ws/install/multi_map_nav/include/multi_map_nav/multi_map_nav/action/detail/navigate_to_goal__rosidl_typesupport_fastrtps_cpp.hpp
-- Up-to-date: /home/ksubra/new_ws/install/multi_map_nav/include/multi_map_nav/multi_map_nav/action/detail/dds_fastrtps
-- Up-to-date: /home/ksubra/new_ws/install/multi_map_nav/lib/libmulti_map_nav__rosidl_typesupport_fastrtps_cpp.so
-- Up-to-date: /home/ksubra/new_ws/install/multi_map_nav/include/multi_map_nav/multi_map_nav
-- Up-to-date: /home/ksubra/new_ws/install/multi_map_nav/include/multi_map_nav/multi_map_nav/msg
-- Up-to-date: /home/ksubra/new_ws/install/multi_map_nav/include/multi_map_nav/multi_map_nav/msg/rosidl_typesupport_introspection_c__visibility_control.h
-- Up-to-date: /home/ksubra/new_ws/install/multi_map_nav/include/multi_map_nav/multi_map_nav/action
-- Up-to-date: /home/ksubra/new_ws/install/multi_map_nav/include/multi_map_nav/multi_map_nav/action/detail
-- Up-to-date: /home/ksubra/new_ws/install/multi_map_nav/include/multi_map_nav/multi_map_nav/action/detail/navigate_to_goal__rosidl_typesupport_introspection_c.h
-- Up-to-date: /home/ksubra/new_ws/install/multi_map_nav/include/multi_map_nav/multi_map_nav/action/detail/navigate_to_goal__type_support.c
-- Up-to-date: /home/ksubra/new_ws/install/multi_map_nav/lib/libmulti_map_nav__rosidl_typesupport_introspection_c.so
-- Up-to-date: /home/ksubra/new_ws/install/multi_map_nav/lib/libmulti_map_nav__rosidl_typesupport_c.so
-- Up-to-date: /home/ksubra/new_ws/install/multi_map_nav/include/multi_map_nav/multi_map_nav
-- Up-to-date: /home/ksubra/new_ws/install/multi_map_nav/include/multi_map_nav/multi_map_nav/action
-- Up-to-date: /home/ksubra/new_ws/install/multi_map_nav/include/multi_map_nav/multi_map_nav/action/detail
-- Up-to-date: /home/ksubra/new_ws/install/multi_map_nav/include/multi_map_nav/multi_map_nav/action/detail/navigate_to_goal__rosidl_typesupport_introspection_cpp.hpp
-- Up-to-date: /home/ksubra/new_ws/install/multi_map_nav/include/multi_map_nav/multi_map_nav/action/detail/navigate_to_goal__type_support.cpp
-- Up-to-date: /home/ksubra/new_ws/install/multi_map_nav/lib/libmulti_map_nav__rosidl_typesupport_introspection_cpp.so
-- Up-to-date: /home/ksubra/new_ws/install/multi_map_nav/lib/libmulti_map_nav__rosidl_typesupport_cpp.so
-- Up-to-date: /home/ksubra/new_ws/install/multi_map_nav/share/multi_map_nav/environment/pythonpath.sh
-- Installing: /home/ksubra/new_ws/install/multi_map_nav/share/multi_map_nav/environment/pythonpath.dsv
-- Up-to-date: /home/ksubra/new_ws/install/multi_map_nav/local/lib/python3.10/dist-packages/multi_map_nav-0.1.0-py3.10.egg-info
-- Installing: /home/ksubra/new_ws/install/multi_map_nav/local/lib/python3.10/dist-packages/multi_map_nav-0.1.0-py3.10.egg-info/top_level.txt
-- Installing: /home/ksubra/new_ws/install/multi_map_nav/local/lib/python3.10/dist-packages/multi_map_nav-0.1.0-py3.10.egg-info/PKG-INFO
-- Installing: /home/ksubra/new_ws/install/multi_map_nav/local/lib/python3.10/dist-packages/multi_map_nav-0.1.0-py3.10.egg-info/dependency_links.txt
-- Installing: /home/ksubra/new_ws/install/multi_map_nav/local/lib/python3.10/dist-packages/multi_map_nav-0.1.0-py3.10.egg-info/SOURCES.txt
-- Up-to-date: /home/ksubra/new_ws/install/multi_map_nav/local/lib/python3.10/dist-packages/multi_map_nav
-- Up-to-date: /home/ksubra/new_ws/install/multi_map_nav/local/lib/python3.10/dist-packages/multi_map_nav/_multi_map_nav_s.ep.rosidl_typesupport_fastrtps_c.c
-- Up-to-date: /home/ksubra/new_ws/install/multi_map_nav/local/lib/python3.10/dist-packages/multi_map_nav/multi_map_nav_s__rosidl_typesupport_introspection_c.cpython-310-x86_64-linux-gnu.so
-- Up-to-date: /home/ksubra/new_ws/install/multi_map_nav/local/lib/python3.10/dist-packages/multi_map_nav/_multi_map_nav_s.ep.rosidl_typesupport_c.c
-- Up-to-date: /home/ksubra/new_ws/install/multi_map_nav/local/lib/python3.10/dist-packages/multi_map_nav/libmulti_map_nav__rosidl_generator_py.so
-- Installing: /home/ksubra/new_ws/install/multi_map_nav/local/lib/python3.10/dist-packages/multi_map_nav/__init__.py
-- Up-to-date: /home/ksubra/new_ws/install/multi_map_nav/local/lib/python3.10/dist-packages/multi_map_nav/multi_map_nav_s__rosidl_typesupport_c.cpython-310-x86_64-linux-gnu.so
-- Up-to-date: /home/ksubra/new_ws/install/multi_map_nav/local/lib/python3.10/dist-packages/multi_map_nav/_multi_map_nav_s.ep.rosidl_typesupport_introspection_c.c
-- Up-to-date: /home/ksubra/new_ws/install/multi_map_nav/local/lib/python3.10/dist-packages/multi_map_nav/action
-- Up-to-date: /home/ksubra/new_ws/install/multi_map_nav/local/lib/python3.10/dist-packages/multi_map_nav/action/_navigate_to_goal.py
-- Up-to-date: /home/ksubra/new_ws/install/multi_map_nav/local/lib/python3.10/dist-packages/multi_map_nav/action/_navigate_to_goal_s.c
-- Up-to-date: /home/ksubra/new_ws/install/multi_map_nav/local/lib/python3.10/dist-packages/multi_map_nav/action/__init__.py
-- Up-to-date: /home/ksubra/new_ws/install/multi_map_nav/local/lib/python3.10/dist-packages/multi_map_nav/multi_map_nav_s__rosidl_typesupport_fastrtps_c.cpython-310-x86_64-linux-gnu.so
Listing '/home/ksubra/new_ws/install/multi_map_nav/local/lib/python3.10/dist-packages/multi_map_nav'...
Compiling '/home/ksubra/new_ws/install/multi_map_nav/local/lib/python3.10/dist-packages/multi_map_nav/__init__.py'...
Listing '/home/ksubra/new_ws/install/multi_map_nav/local/lib/python3.10/dist-packages/multi_map_nav/action'...
-- Up-to-date: /home/ksubra/new_ws/install/multi_map_nav/local/lib/python3.10/dist-packages/multi_map_nav/multi_map_nav_s__rosidl_typesupport_fastrtps_c.cpython-310-x86_64-linux-gnu.so
-- Up-to-date: /home/ksubra/new_ws/install/multi_map_nav/local/lib/python3.10/dist-packages/multi_map_nav/multi_map_nav_s__rosidl_typesupport_introspection_c.cpython-310-x86_64-linux-gnu.so
-- Up-to-date: /home/ksubra/new_ws/install/multi_map_nav/local/lib/python3.10/dist-packages/multi_map_nav/multi_map_nav_s__rosidl_typesupport_c.cpython-310-x86_64-linux-gnu.so
-- Up-to-date: /home/ksubra/new_ws/install/multi_map_nav/lib/libmulti_map_nav__rosidl_generator_py.so
-- Up-to-date: /home/ksubra/new_ws/install/multi_map_nav/share/multi_map_nav/action/NavigateToGoal.idl
-- Up-to-date: /home/ksubra/new_ws/install/multi_map_nav/share/multi_map_nav/action/NavigateToGoal.action
-- Up-to-date: /home/ksubra/new_ws/install/multi_map_nav/lib/multi_map_nav/send_goal.py
-- Up-to-date: /home/ksubra/new_ws/install/multi_map_nav/lib/multi_map_nav/navigation_server_node
-- Up-to-date: /home/ksubra/new_ws/install/multi_map_nav/include/
-- Up-to-date: /home/ksubra/new_ws/install/multi_map_nav/include//multi_map_nav
-- Up-to-date: /home/ksubra/new_ws/install/multi_map_nav/include//multi_map_nav/wormhole_manager.hpp
-- Up-to-date: /home/ksubra/new_ws/install/multi_map_nav/include//multi_map_nav/switch_map.hpp
-- Up-to-date: /home/ksubra/new_ws/install/multi_map_nav/include//multi_map_nav/navigation_server.hpp
-- Up-to-date: /home/ksubra/new_ws/install/multi_map_nav/share/multi_map_nav/launch
-- Up-to-date: /home/ksubra/new_ws/install/multi_map_nav/share/multi_map_nav/launch/multi_map_nav.launch.py
-- Up-to-date: /home/ksubra/new_ws/install/multi_map_nav/share/multi_map_nav/maps
-- Up-to-date: /home/ksubra/new_ws/install/multi_map_nav/share/multi_map_nav/maps/map3.pgm
-- Up-to-date: /home/ksubra/new_ws/install/multi_map_nav/share/multi_map_nav/maps/map3.yaml
-- Up-to-date: /home/ksubra/new_ws/install/multi_map_nav/share/multi_map_nav/maps/map2.yaml
-- Up-to-date: /home/ksubra/new_ws/install/multi_map_nav/share/multi_map_nav/maps/map2.pgm
-- Up-to-date: /home/ksubra/new_ws/install/multi_map_nav/share/multi_map_nav/maps/map1.yaml
-- Up-to-date: /home/ksubra/new_ws/install/multi_map_nav/share/multi_map_nav/maps/map1.pgm
-- Up-to-date: /home/ksubra/new_ws/install/multi_map_nav/share/multi_map_nav/action
-- Up-to-date: /home/ksubra/new_ws/install/multi_map_nav/share/multi_map_nav/action/NavigateToGoal.action
-- Installing: /home/ksubra/new_ws/install/multi_map_nav/share/ament_index/resource_index/package_run_dependencies/multi_map_nav
-- Installing: /home/ksubra/new_ws/install/multi_map_nav/share/ament_index/resource_index/parent_prefix_path/multi_map_nav
-- Installing: /home/ksubra/new_ws/install/multi_map_nav/share/multi_map_nav/environment/ament_prefix_path.sh
-- Installing: /home/ksubra/new_ws/install/multi_map_nav/share/multi_map_nav/environment/ament_prefix_path.dsv
-- Installing: /home/ksubra/new_ws/install/multi_map_nav/share/multi_map_nav/environment/path.sh
-- Installing: /home/ksubra/new_ws/install/multi_map_nav/share/multi_map_nav/environment/path.dsv
-- Installing: /home/ksubra/new_ws/install/multi_map_nav/share/multi_map_nav/local_setup.bash
-- Installing: /home/ksubra/new_ws/install/multi_map_nav/share/multi_map_nav/local_setup.sh
-- Installing: /home/ksubra/new_ws/install/multi_map_nav/share/multi_map_nav/local_setup.zsh
-- Installing: /home/ksubra/new_ws/install/multi_map_nav/share/multi_map_nav/local_setup.dsv
-- Installing: /home/ksubra/new_ws/install/multi_map_nav/share/multi_map_nav/package.dsv
-- Installing: /home/ksubra/new_ws/install/multi_map_nav/share/ament_index/resource_index/packages/multi_map_nav
-- Installing: /home/ksubra/new_ws/install/multi_map_nav/share/multi_map_nav/cmake/export_multi_map_nav__rosidl_generator_cExport.cmake
-- Installing: /home/ksubra/new_ws/install/multi_map_nav/share/multi_map_nav/cmake/export_multi_map_nav__rosidl_generator_cExport-noconfig.cmake
-- Installing: /home/ksubra/new_ws/install/multi_map_nav/share/multi_map_nav/cmake/export_multi_map_nav__rosidl_typesupport_fastrtps_cExport.cmake
-- Installing: /home/ksubra/new_ws/install/multi_map_nav/share/multi_map_nav/cmake/export_multi_map_nav__rosidl_typesupport_fastrtps_cExport-noconfig.cmake
-- Installing: /home/ksubra/new_ws/install/multi_map_nav/share/multi_map_nav/cmake/export_multi_map_nav__rosidl_generator_cppExport.cmake
-- Installing: /home/ksubra/new_ws/install/multi_map_nav/share/multi_map_nav/cmake/export_multi_map_nav__rosidl_typesupport_fastrtps_cppExport.cmake
-- Installing: /home/ksubra/new_ws/install/multi_map_nav/share/multi_map_nav/cmake/export_multi_map_nav__rosidl_typesupport_fastrtps_cppExport-noconfig.cmake
-- Installing: /home/ksubra/new_ws/install/multi_map_nav/share/multi_map_nav/cmake/multi_map_nav__rosidl_typesupport_introspection_cExport.cmake
-- Installing: /home/ksubra/new_ws/install/multi_map_nav/share/multi_map_nav/cmake/multi_map_nav__rosidl_typesupport_introspection_cExport-noconfig.cmake
-- Installing: /home/ksubra/new_ws/install/multi_map_nav/share/multi_map_nav/cmake/multi_map_nav__rosidl_typesupport_cExport.cmake
-- Installing: /home/ksubra/new_ws/install/multi_map_nav/share/multi_map_nav/cmake/multi_map_nav__rosidl_typesupport_cExport-noconfig.cmake
-- Installing: /home/ksubra/new_ws/install/multi_map_nav/share/multi_map_nav/cmake/multi_map_nav__rosidl_typesupport_introspection_cppExport.cmake
-- Installing: /home/ksubra/new_ws/install/multi_map_nav/share/multi_map_nav/cmake/multi_map_nav__rosidl_typesupport_introspection_cppExport-noconfig.cmake
-- Installing: /home/ksubra/new_ws/install/multi_map_nav/share/multi_map_nav/cmake/multi_map_nav__rosidl_typesupport_cppExport.cmake
-- Installing: /home/ksubra/new_ws/install/multi_map_nav/share/multi_map_nav/cmake/multi_map_nav__rosidl_typesupport_cppExport-noconfig.cmake
-- Installing: /home/ksubra/new_ws/install/multi_map_nav/share/multi_map_nav/cmake/export_multi_map_nav__rosidl_generator_pyExport.cmake
-- Installing: /home/ksubra/new_ws/install/multi_map_nav/share/multi_map_nav/cmake/export_multi_map_nav__rosidl_generator_pyExport-noconfig.cmake
-- Installing: /home/ksubra/new_ws/install/multi_map_nav/share/multi_map_nav/cmake/rosidl_cmake-extras.cmake
-- Installing: /home/ksubra/new_ws/install/multi_map_nav/share/multi_map_nav/cmake/ament_cmake_export_dependencies-extras.cmake
-- Installing: /home/ksubra/new_ws/install/multi_map_nav/share/multi_map_nav/cmake/ament_cmake_export_include_directories-extras.cmake
-- Installing: /home/ksubra/new_ws/install/multi_map_nav/share/multi_map_nav/cmake/ament_cmake_export_libraries-extras.cmake
-- Installing: /home/ksubra/new_ws/install/multi_map_nav/share/multi_map_nav/cmake/ament_cmake_export_targets-extras.cmake
-- Installing: /home/ksubra/new_ws/install/multi_map_nav/share/multi_map_nav/cmake/rosidl_cmake_export_typesupport_targets-extras.cmake
-- Installing: /home/ksubra/new_ws/install/multi_map_nav/share/multi_map_nav/cmake/rosidl_cmake_export_typesupport_libraries-extras.cmake
-- Installing: /home/ksubra/new_ws/install/multi_map_nav/share/multi_map_nav/cmake/multi_map_navConfig.cmake
-- Installing: /home/ksubra/new_ws/install/multi_map_nav/share/multi_map_nav/cmake/multi_map_navConfig-version.cmake
-- Installing: /home/ksubra/new_ws/install/multi_map_nav/share/multi_map_nav/package.xml
