[0.029s] Invoking command in '/home/ksubra/new_ws/build/multi_map_nav': CMAKE_PREFIX_PATH=/opt/ros/humble /usr/bin/cmake --build /home/ksubra/new_ws/build/multi_map_nav -- -j6 -l6
[0.103s] -- Found ament_cmake: 1.3.12 (/opt/ros/humble/share/ament_cmake/cmake)
[0.418s] -- Found rclcpp: 16.0.14 (/opt/ros/humble/share/rclcpp/cmake)
[0.495s] -- Found rosidl_generator_c: 3.1.7 (/opt/ros/humble/share/rosidl_generator_c/cmake)
[0.501s] -- Found rosidl_adapter: 3.1.7 (/opt/ros/humble/share/rosidl_adapter/cmake)
[0.517s] -- Found rosidl_generator_cpp: 3.1.7 (/opt/ros/humble/share/rosidl_generator_cpp/cmake)
[0.542s] -- Using all available rosidl_typesupport_c: rosidl_typesupport_fastrtps_c;rosidl_typesupport_introspection_c
[0.578s] -- Using all available rosidl_typesupport_cpp: rosidl_typesupport_fastrtps_cpp;rosidl_typesupport_introspection_cpp
[0.669s] -- Found rmw_implementation_cmake: 6.1.2 (/opt/ros/humble/share/rmw_implementation_cmake/cmake)
[0.672s] -- Found rmw_fastrtps_cpp: 6.2.8 (/opt/ros/humble/share/rmw_fastrtps_cpp/cmake)
[0.932s] -- Using RMW implementation 'rmw_fastrtps_cpp' as default
[1.082s] -- Found rclcpp_action: 16.0.14 (/opt/ros/humble/share/rclcpp_action/cmake)
[1.171s] -- Found geometry_msgs: 4.9.0 (/opt/ros/humble/share/geometry_msgs/cmake)
[1.209s] -- Found nav2_msgs: 1.1.18 (/opt/ros/humble/share/nav2_msgs/cmake)
[1.347s] -- Found tf2: 0.25.15 (/opt/ros/humble/share/tf2/cmake)
[1.357s] -- Found tf2_geometry_msgs: 0.25.15 (/opt/ros/humble/share/tf2_geometry_msgs/cmake)
[1.365s] -- Found eigen3_cmake_module: 0.1.1 (/opt/ros/humble/share/eigen3_cmake_module/cmake)
[1.369s] -- Ensuring Eigen3 include directory is part of orocos-kdl CMake target
[1.524s] -- Found ament_cmake_auto: 1.3.12 (/opt/ros/humble/share/ament_cmake_auto/cmake)
[1.526s] -- Found rosidl_default_generators: 1.2.0 (/opt/ros/humble/share/rosidl_default_generators/cmake)
[2.162s] -- Found ament_cmake_ros: 0.10.0 (/opt/ros/humble/share/ament_cmake_ros/cmake)
[2.888s] -- Using all available rosidl_typesupport_c: rosidl_typesupport_fastrtps_c;rosidl_typesupport_introspection_c
[3.170s] -- Using all available rosidl_typesupport_cpp: rosidl_typesupport_fastrtps_cpp;rosidl_typesupport_introspection_cpp
[3.222s] -- Found python_cmake_module: 0.10.0 (/opt/ros/humble/share/python_cmake_module/cmake)
[3.274s] -- Using PYTHON_EXECUTABLE: /usr/bin/python3
[3.275s] -- Using PYTHON_INCLUDE_DIRS: /usr/include/python3.10
[3.275s] -- Using PYTHON_LIBRARIES: /usr/lib/x86_64-linux-gnu/libpython3.10.so
[3.341s] -- Configuring done
[3.454s] -- Generating done
[3.499s] -- Build files have been written to: /home/ksubra/new_ws/build/multi_map_nav
[3.573s] [35m[1mConsolidate compiler generated dependencies of target multi_map_nav__rosidl_generator_c[0m
[3.595s] [  2%] Built target multi_map_nav__cpp
[3.601s] [ 11%] Built target multi_map_nav__rosidl_generator_c
[3.619s] [35m[1mConsolidate compiler generated dependencies of target multi_map_nav__rosidl_typesupport_cpp[0m
[3.619s] [35m[1mConsolidate compiler generated dependencies of target multi_map_nav__rosidl_typesupport_introspection_cpp[0m
[3.620s] [ 11%] Built target ament_cmake_python_copy_multi_map_nav
[3.620s] [35m[1mConsolidate compiler generated dependencies of target multi_map_nav__rosidl_typesupport_fastrtps_cpp[0m
[3.628s] [35m[1mConsolidate compiler generated dependencies of target multi_map_nav__rosidl_typesupport_introspection_c[0m
[3.634s] [35m[1mConsolidate compiler generated dependencies of target multi_map_nav__rosidl_typesupport_fastrtps_c[0m
[3.648s] [35m[1mConsolidate compiler generated dependencies of target multi_map_nav__rosidl_typesupport_c[0m
[3.658s] [ 20%] Built target multi_map_nav__rosidl_typesupport_introspection_cpp
[3.661s] [ 28%] Built target multi_map_nav__rosidl_typesupport_cpp
[3.665s] [ 37%] Built target multi_map_nav__rosidl_typesupport_fastrtps_c
[3.666s] [ 45%] Built target multi_map_nav__rosidl_typesupport_introspection_c
[3.674s] [ 54%] Built target multi_map_nav__rosidl_typesupport_fastrtps_cpp
[3.687s] [ 62%] Built target multi_map_nav__rosidl_typesupport_c
[3.694s] [35m[1mConsolidate compiler generated dependencies of target navigation_server_node[0m
[3.732s] [ 62%] Built target multi_map_nav
[3.762s] [ 74%] Built target navigation_server_node
[3.778s] [ 77%] Built target multi_map_nav__py
[3.804s] [35m[1mConsolidate compiler generated dependencies of target multi_map_nav__rosidl_generator_py[0m
[3.837s] [ 82%] Built target multi_map_nav__rosidl_generator_py
[3.862s] [35m[1mConsolidate compiler generated dependencies of target multi_map_nav__rosidl_typesupport_introspection_c__pyext[0m
[3.862s] [35m[1mConsolidate compiler generated dependencies of target multi_map_nav__rosidl_typesupport_c__pyext[0m
[3.866s] [35m[1mConsolidate compiler generated dependencies of target multi_map_nav__rosidl_typesupport_fastrtps_c__pyext[0m
[3.896s] [ 94%] Built target multi_map_nav__rosidl_typesupport_c__pyext
[3.896s] [ 94%] Built target multi_map_nav__rosidl_typesupport_introspection_c__pyext
[3.896s] [100%] Built target multi_map_nav__rosidl_typesupport_fastrtps_c__pyext
[4.304s] running egg_info
[4.306s] writing multi_map_nav.egg-info/PKG-INFO
[4.307s] writing dependency_links to multi_map_nav.egg-info/dependency_links.txt
[4.307s] writing top-level names to multi_map_nav.egg-info/top_level.txt
[4.314s] reading manifest file 'multi_map_nav.egg-info/SOURCES.txt'
[4.315s] writing manifest file 'multi_map_nav.egg-info/SOURCES.txt'
[4.386s] [100%] Built target ament_cmake_python_build_multi_map_nav_egg
[4.413s] Invoked command in '/home/ksubra/new_ws/build/multi_map_nav' returned '0': CMAKE_PREFIX_PATH=/opt/ros/humble /usr/bin/cmake --build /home/ksubra/new_ws/build/multi_map_nav -- -j6 -l6
[4.438s] Invoking command in '/home/ksubra/new_ws/build/multi_map_nav': CMAKE_PREFIX_PATH=/opt/ros/humble /usr/bin/cmake --install /home/ksubra/new_ws/build/multi_map_nav
[4.455s] -- Install configuration: ""
[4.455s] -- Up-to-date: /home/ksubra/new_ws/install/multi_map_nav/share/ament_index/resource_index/rosidl_interfaces/multi_map_nav
[4.455s] -- Up-to-date: /home/ksubra/new_ws/install/multi_map_nav/include/multi_map_nav/multi_map_nav
[4.456s] -- Up-to-date: /home/ksubra/new_ws/install/multi_map_nav/include/multi_map_nav/multi_map_nav/msg
[4.456s] -- Up-to-date: /home/ksubra/new_ws/install/multi_map_nav/include/multi_map_nav/multi_map_nav/msg/rosidl_generator_c__visibility_control.h
[4.456s] -- Up-to-date: /home/ksubra/new_ws/install/multi_map_nav/include/multi_map_nav/multi_map_nav/action
[4.456s] -- Up-to-date: /home/ksubra/new_ws/install/multi_map_nav/include/multi_map_nav/multi_map_nav/action/navigate_to_goal.h
[4.456s] -- Up-to-date: /home/ksubra/new_ws/install/multi_map_nav/include/multi_map_nav/multi_map_nav/action/detail
[4.457s] -- Up-to-date: /home/ksubra/new_ws/install/multi_map_nav/include/multi_map_nav/multi_map_nav/action/detail/navigate_to_goal__functions.h
[4.457s] -- Up-to-date: /home/ksubra/new_ws/install/multi_map_nav/include/multi_map_nav/multi_map_nav/action/detail/navigate_to_goal__struct.h
[4.457s] -- Up-to-date: /home/ksubra/new_ws/install/multi_map_nav/include/multi_map_nav/multi_map_nav/action/detail/navigate_to_goal__type_support.h
[4.457s] -- Up-to-date: /home/ksubra/new_ws/install/multi_map_nav/include/multi_map_nav/multi_map_nav/action/detail/navigate_to_goal__functions.c
[4.457s] -- Up-to-date: /home/ksubra/new_ws/install/multi_map_nav/share/multi_map_nav/environment/library_path.sh
[4.458s] -- Installing: /home/ksubra/new_ws/install/multi_map_nav/share/multi_map_nav/environment/library_path.dsv
[4.458s] -- Up-to-date: /home/ksubra/new_ws/install/multi_map_nav/lib/libmulti_map_nav__rosidl_generator_c.so
[4.458s] -- Up-to-date: /home/ksubra/new_ws/install/multi_map_nav/include/multi_map_nav/multi_map_nav
[4.458s] -- Up-to-date: /home/ksubra/new_ws/install/multi_map_nav/include/multi_map_nav/multi_map_nav/msg
[4.459s] -- Up-to-date: /home/ksubra/new_ws/install/multi_map_nav/include/multi_map_nav/multi_map_nav/msg/rosidl_typesupport_fastrtps_c__visibility_control.h
[4.459s] -- Up-to-date: /home/ksubra/new_ws/install/multi_map_nav/include/multi_map_nav/multi_map_nav/action
[4.459s] -- Up-to-date: /home/ksubra/new_ws/install/multi_map_nav/include/multi_map_nav/multi_map_nav/action/detail
[4.460s] -- Up-to-date: /home/ksubra/new_ws/install/multi_map_nav/include/multi_map_nav/multi_map_nav/action/detail/navigate_to_goal__rosidl_typesupport_fastrtps_c.h
[4.460s] -- Up-to-date: /home/ksubra/new_ws/install/multi_map_nav/lib/libmulti_map_nav__rosidl_typesupport_fastrtps_c.so
[4.460s] -- Up-to-date: /home/ksubra/new_ws/install/multi_map_nav/include/multi_map_nav/multi_map_nav
[4.461s] -- Up-to-date: /home/ksubra/new_ws/install/multi_map_nav/include/multi_map_nav/multi_map_nav/msg
[4.461s] -- Up-to-date: /home/ksubra/new_ws/install/multi_map_nav/include/multi_map_nav/multi_map_nav/msg/rosidl_generator_cpp__visibility_control.hpp
[4.461s] -- Up-to-date: /home/ksubra/new_ws/install/multi_map_nav/include/multi_map_nav/multi_map_nav/action
[4.461s] -- Up-to-date: /home/ksubra/new_ws/install/multi_map_nav/include/multi_map_nav/multi_map_nav/action/detail
[4.461s] -- Up-to-date: /home/ksubra/new_ws/install/multi_map_nav/include/multi_map_nav/multi_map_nav/action/detail/navigate_to_goal__struct.hpp
[4.462s] -- Up-to-date: /home/ksubra/new_ws/install/multi_map_nav/include/multi_map_nav/multi_map_nav/action/detail/navigate_to_goal__type_support.hpp
[4.462s] -- Up-to-date: /home/ksubra/new_ws/install/multi_map_nav/include/multi_map_nav/multi_map_nav/action/detail/navigate_to_goal__traits.hpp
[4.462s] -- Up-to-date: /home/ksubra/new_ws/install/multi_map_nav/include/multi_map_nav/multi_map_nav/action/detail/navigate_to_goal__builder.hpp
[4.463s] -- Up-to-date: /home/ksubra/new_ws/install/multi_map_nav/include/multi_map_nav/multi_map_nav/action/navigate_to_goal.hpp
[4.463s] -- Up-to-date: /home/ksubra/new_ws/install/multi_map_nav/include/multi_map_nav/multi_map_nav
[4.463s] -- Up-to-date: /home/ksubra/new_ws/install/multi_map_nav/include/multi_map_nav/multi_map_nav/msg
[4.463s] -- Up-to-date: /home/ksubra/new_ws/install/multi_map_nav/include/multi_map_nav/multi_map_nav/msg/rosidl_typesupport_fastrtps_cpp__visibility_control.h
[4.463s] -- Up-to-date: /home/ksubra/new_ws/install/multi_map_nav/include/multi_map_nav/multi_map_nav/action
[4.463s] -- Up-to-date: /home/ksubra/new_ws/install/multi_map_nav/include/multi_map_nav/multi_map_nav/action/detail
[4.464s] -- Up-to-date: /home/ksubra/new_ws/install/multi_map_nav/include/multi_map_nav/multi_map_nav/action/detail/navigate_to_goal__rosidl_typesupport_fastrtps_cpp.hpp
[4.464s] -- Up-to-date: /home/ksubra/new_ws/install/multi_map_nav/include/multi_map_nav/multi_map_nav/action/detail/dds_fastrtps
[4.464s] -- Up-to-date: /home/ksubra/new_ws/install/multi_map_nav/lib/libmulti_map_nav__rosidl_typesupport_fastrtps_cpp.so
[4.465s] -- Up-to-date: /home/ksubra/new_ws/install/multi_map_nav/include/multi_map_nav/multi_map_nav
[4.465s] -- Up-to-date: /home/ksubra/new_ws/install/multi_map_nav/include/multi_map_nav/multi_map_nav/msg
[4.465s] -- Up-to-date: /home/ksubra/new_ws/install/multi_map_nav/include/multi_map_nav/multi_map_nav/msg/rosidl_typesupport_introspection_c__visibility_control.h
[4.465s] -- Up-to-date: /home/ksubra/new_ws/install/multi_map_nav/include/multi_map_nav/multi_map_nav/action
[4.465s] -- Up-to-date: /home/ksubra/new_ws/install/multi_map_nav/include/multi_map_nav/multi_map_nav/action/detail
[4.466s] -- Up-to-date: /home/ksubra/new_ws/install/multi_map_nav/include/multi_map_nav/multi_map_nav/action/detail/navigate_to_goal__rosidl_typesupport_introspection_c.h
[4.466s] -- Up-to-date: /home/ksubra/new_ws/install/multi_map_nav/include/multi_map_nav/multi_map_nav/action/detail/navigate_to_goal__type_support.c
[4.466s] -- Up-to-date: /home/ksubra/new_ws/install/multi_map_nav/lib/libmulti_map_nav__rosidl_typesupport_introspection_c.so
[4.466s] -- Up-to-date: /home/ksubra/new_ws/install/multi_map_nav/lib/libmulti_map_nav__rosidl_typesupport_c.so
[4.467s] -- Up-to-date: /home/ksubra/new_ws/install/multi_map_nav/include/multi_map_nav/multi_map_nav
[4.467s] -- Up-to-date: /home/ksubra/new_ws/install/multi_map_nav/include/multi_map_nav/multi_map_nav/action
[4.467s] -- Up-to-date: /home/ksubra/new_ws/install/multi_map_nav/include/multi_map_nav/multi_map_nav/action/detail
[4.467s] -- Up-to-date: /home/ksubra/new_ws/install/multi_map_nav/include/multi_map_nav/multi_map_nav/action/detail/navigate_to_goal__rosidl_typesupport_introspection_cpp.hpp
[4.468s] -- Up-to-date: /home/ksubra/new_ws/install/multi_map_nav/include/multi_map_nav/multi_map_nav/action/detail/navigate_to_goal__type_support.cpp
[4.468s] -- Up-to-date: /home/ksubra/new_ws/install/multi_map_nav/lib/libmulti_map_nav__rosidl_typesupport_introspection_cpp.so
[4.468s] -- Up-to-date: /home/ksubra/new_ws/install/multi_map_nav/lib/libmulti_map_nav__rosidl_typesupport_cpp.so
[4.468s] -- Up-to-date: /home/ksubra/new_ws/install/multi_map_nav/share/multi_map_nav/environment/pythonpath.sh
[4.469s] -- Installing: /home/ksubra/new_ws/install/multi_map_nav/share/multi_map_nav/environment/pythonpath.dsv
[4.469s] -- Up-to-date: /home/ksubra/new_ws/install/multi_map_nav/local/lib/python3.10/dist-packages/multi_map_nav-0.1.0-py3.10.egg-info
[4.469s] -- Installing: /home/ksubra/new_ws/install/multi_map_nav/local/lib/python3.10/dist-packages/multi_map_nav-0.1.0-py3.10.egg-info/top_level.txt
[4.470s] -- Installing: /home/ksubra/new_ws/install/multi_map_nav/local/lib/python3.10/dist-packages/multi_map_nav-0.1.0-py3.10.egg-info/PKG-INFO
[4.470s] -- Installing: /home/ksubra/new_ws/install/multi_map_nav/local/lib/python3.10/dist-packages/multi_map_nav-0.1.0-py3.10.egg-info/dependency_links.txt
[4.470s] -- Installing: /home/ksubra/new_ws/install/multi_map_nav/local/lib/python3.10/dist-packages/multi_map_nav-0.1.0-py3.10.egg-info/SOURCES.txt
[4.471s] -- Up-to-date: /home/ksubra/new_ws/install/multi_map_nav/local/lib/python3.10/dist-packages/multi_map_nav
[4.471s] -- Up-to-date: /home/ksubra/new_ws/install/multi_map_nav/local/lib/python3.10/dist-packages/multi_map_nav/_multi_map_nav_s.ep.rosidl_typesupport_fastrtps_c.c
[4.471s] -- Up-to-date: /home/ksubra/new_ws/install/multi_map_nav/local/lib/python3.10/dist-packages/multi_map_nav/multi_map_nav_s__rosidl_typesupport_introspection_c.cpython-310-x86_64-linux-gnu.so
[4.471s] -- Up-to-date: /home/ksubra/new_ws/install/multi_map_nav/local/lib/python3.10/dist-packages/multi_map_nav/_multi_map_nav_s.ep.rosidl_typesupport_c.c
[4.471s] -- Up-to-date: /home/ksubra/new_ws/install/multi_map_nav/local/lib/python3.10/dist-packages/multi_map_nav/libmulti_map_nav__rosidl_generator_py.so
[4.471s] -- Installing: /home/ksubra/new_ws/install/multi_map_nav/local/lib/python3.10/dist-packages/multi_map_nav/__init__.py
[4.472s] -- Up-to-date: /home/ksubra/new_ws/install/multi_map_nav/local/lib/python3.10/dist-packages/multi_map_nav/multi_map_nav_s__rosidl_typesupport_c.cpython-310-x86_64-linux-gnu.so
[4.472s] -- Up-to-date: /home/ksubra/new_ws/install/multi_map_nav/local/lib/python3.10/dist-packages/multi_map_nav/_multi_map_nav_s.ep.rosidl_typesupport_introspection_c.c
[4.472s] -- Up-to-date: /home/ksubra/new_ws/install/multi_map_nav/local/lib/python3.10/dist-packages/multi_map_nav/action
[4.472s] -- Up-to-date: /home/ksubra/new_ws/install/multi_map_nav/local/lib/python3.10/dist-packages/multi_map_nav/action/_navigate_to_goal.py
[4.472s] -- Up-to-date: /home/ksubra/new_ws/install/multi_map_nav/local/lib/python3.10/dist-packages/multi_map_nav/action/_navigate_to_goal_s.c
[4.472s] -- Up-to-date: /home/ksubra/new_ws/install/multi_map_nav/local/lib/python3.10/dist-packages/multi_map_nav/action/__init__.py
[4.472s] -- Up-to-date: /home/ksubra/new_ws/install/multi_map_nav/local/lib/python3.10/dist-packages/multi_map_nav/multi_map_nav_s__rosidl_typesupport_fastrtps_c.cpython-310-x86_64-linux-gnu.so
[4.551s] Listing '/home/ksubra/new_ws/install/multi_map_nav/local/lib/python3.10/dist-packages/multi_map_nav'...
[4.552s] Compiling '/home/ksubra/new_ws/install/multi_map_nav/local/lib/python3.10/dist-packages/multi_map_nav/__init__.py'...
[4.552s] Listing '/home/ksubra/new_ws/install/multi_map_nav/local/lib/python3.10/dist-packages/multi_map_nav/action'...
[4.564s] -- Up-to-date: /home/ksubra/new_ws/install/multi_map_nav/local/lib/python3.10/dist-packages/multi_map_nav/multi_map_nav_s__rosidl_typesupport_fastrtps_c.cpython-310-x86_64-linux-gnu.so
[4.564s] -- Up-to-date: /home/ksubra/new_ws/install/multi_map_nav/local/lib/python3.10/dist-packages/multi_map_nav/multi_map_nav_s__rosidl_typesupport_introspection_c.cpython-310-x86_64-linux-gnu.so
[4.565s] -- Up-to-date: /home/ksubra/new_ws/install/multi_map_nav/local/lib/python3.10/dist-packages/multi_map_nav/multi_map_nav_s__rosidl_typesupport_c.cpython-310-x86_64-linux-gnu.so
[4.566s] -- Up-to-date: /home/ksubra/new_ws/install/multi_map_nav/lib/libmulti_map_nav__rosidl_generator_py.so
[4.567s] -- Up-to-date: /home/ksubra/new_ws/install/multi_map_nav/share/multi_map_nav/action/NavigateToGoal.idl
[4.567s] -- Up-to-date: /home/ksubra/new_ws/install/multi_map_nav/share/multi_map_nav/action/NavigateToGoal.action
[4.567s] -- Up-to-date: /home/ksubra/new_ws/install/multi_map_nav/lib/multi_map_nav/send_goal.py
[4.567s] -- Up-to-date: /home/ksubra/new_ws/install/multi_map_nav/lib/multi_map_nav/navigation_server_node
[4.568s] -- Up-to-date: /home/ksubra/new_ws/install/multi_map_nav/include/
[4.568s] -- Up-to-date: /home/ksubra/new_ws/install/multi_map_nav/include//multi_map_nav
[4.568s] -- Up-to-date: /home/ksubra/new_ws/install/multi_map_nav/include//multi_map_nav/wormhole_manager.hpp
[4.569s] -- Up-to-date: /home/ksubra/new_ws/install/multi_map_nav/include//multi_map_nav/switch_map.hpp
[4.569s] -- Up-to-date: /home/ksubra/new_ws/install/multi_map_nav/include//multi_map_nav/navigation_server.hpp
[4.569s] -- Up-to-date: /home/ksubra/new_ws/install/multi_map_nav/share/multi_map_nav/launch
[4.570s] -- Up-to-date: /home/ksubra/new_ws/install/multi_map_nav/share/multi_map_nav/launch/multi_map_nav.launch.py
[4.570s] -- Up-to-date: /home/ksubra/new_ws/install/multi_map_nav/share/multi_map_nav/maps
[4.570s] -- Up-to-date: /home/ksubra/new_ws/install/multi_map_nav/share/multi_map_nav/maps/map3.pgm
[4.570s] -- Up-to-date: /home/ksubra/new_ws/install/multi_map_nav/share/multi_map_nav/maps/map3.yaml
[4.571s] -- Up-to-date: /home/ksubra/new_ws/install/multi_map_nav/share/multi_map_nav/maps/map2.yaml
[4.571s] -- Up-to-date: /home/ksubra/new_ws/install/multi_map_nav/share/multi_map_nav/maps/map2.pgm
[4.571s] -- Up-to-date: /home/ksubra/new_ws/install/multi_map_nav/share/multi_map_nav/maps/map1.yaml
[4.571s] -- Up-to-date: /home/ksubra/new_ws/install/multi_map_nav/share/multi_map_nav/maps/map1.pgm
[4.572s] -- Up-to-date: /home/ksubra/new_ws/install/multi_map_nav/share/multi_map_nav/action
[4.572s] -- Up-to-date: /home/ksubra/new_ws/install/multi_map_nav/share/multi_map_nav/action/NavigateToGoal.action
[4.572s] -- Installing: /home/ksubra/new_ws/install/multi_map_nav/share/ament_index/resource_index/package_run_dependencies/multi_map_nav
[4.572s] -- Installing: /home/ksubra/new_ws/install/multi_map_nav/share/ament_index/resource_index/parent_prefix_path/multi_map_nav
[4.573s] -- Installing: /home/ksubra/new_ws/install/multi_map_nav/share/multi_map_nav/environment/ament_prefix_path.sh
[4.573s] -- Installing: /home/ksubra/new_ws/install/multi_map_nav/share/multi_map_nav/environment/ament_prefix_path.dsv
[4.573s] -- Installing: /home/ksubra/new_ws/install/multi_map_nav/share/multi_map_nav/environment/path.sh
[4.574s] -- Installing: /home/ksubra/new_ws/install/multi_map_nav/share/multi_map_nav/environment/path.dsv
[4.574s] -- Installing: /home/ksubra/new_ws/install/multi_map_nav/share/multi_map_nav/local_setup.bash
[4.574s] -- Installing: /home/ksubra/new_ws/install/multi_map_nav/share/multi_map_nav/local_setup.sh
[4.574s] -- Installing: /home/ksubra/new_ws/install/multi_map_nav/share/multi_map_nav/local_setup.zsh
[4.575s] -- Installing: /home/ksubra/new_ws/install/multi_map_nav/share/multi_map_nav/local_setup.dsv
[4.575s] -- Installing: /home/ksubra/new_ws/install/multi_map_nav/share/multi_map_nav/package.dsv
[4.575s] -- Installing: /home/ksubra/new_ws/install/multi_map_nav/share/ament_index/resource_index/packages/multi_map_nav
[4.576s] -- Installing: /home/ksubra/new_ws/install/multi_map_nav/share/multi_map_nav/cmake/export_multi_map_nav__rosidl_generator_cExport.cmake
[4.576s] -- Installing: /home/ksubra/new_ws/install/multi_map_nav/share/multi_map_nav/cmake/export_multi_map_nav__rosidl_generator_cExport-noconfig.cmake
[4.576s] -- Installing: /home/ksubra/new_ws/install/multi_map_nav/share/multi_map_nav/cmake/export_multi_map_nav__rosidl_typesupport_fastrtps_cExport.cmake
[4.577s] -- Installing: /home/ksubra/new_ws/install/multi_map_nav/share/multi_map_nav/cmake/export_multi_map_nav__rosidl_typesupport_fastrtps_cExport-noconfig.cmake
[4.577s] -- Installing: /home/ksubra/new_ws/install/multi_map_nav/share/multi_map_nav/cmake/export_multi_map_nav__rosidl_generator_cppExport.cmake
[4.577s] -- Installing: /home/ksubra/new_ws/install/multi_map_nav/share/multi_map_nav/cmake/export_multi_map_nav__rosidl_typesupport_fastrtps_cppExport.cmake
[4.578s] -- Installing: /home/ksubra/new_ws/install/multi_map_nav/share/multi_map_nav/cmake/export_multi_map_nav__rosidl_typesupport_fastrtps_cppExport-noconfig.cmake
[4.578s] -- Installing: /home/ksubra/new_ws/install/multi_map_nav/share/multi_map_nav/cmake/multi_map_nav__rosidl_typesupport_introspection_cExport.cmake
[4.579s] -- Installing: /home/ksubra/new_ws/install/multi_map_nav/share/multi_map_nav/cmake/multi_map_nav__rosidl_typesupport_introspection_cExport-noconfig.cmake
[4.579s] -- Installing: /home/ksubra/new_ws/install/multi_map_nav/share/multi_map_nav/cmake/multi_map_nav__rosidl_typesupport_cExport.cmake
[4.580s] -- Installing: /home/ksubra/new_ws/install/multi_map_nav/share/multi_map_nav/cmake/multi_map_nav__rosidl_typesupport_cExport-noconfig.cmake
[4.580s] -- Installing: /home/ksubra/new_ws/install/multi_map_nav/share/multi_map_nav/cmake/multi_map_nav__rosidl_typesupport_introspection_cppExport.cmake
[4.581s] -- Installing: /home/ksubra/new_ws/install/multi_map_nav/share/multi_map_nav/cmake/multi_map_nav__rosidl_typesupport_introspection_cppExport-noconfig.cmake
[4.581s] -- Installing: /home/ksubra/new_ws/install/multi_map_nav/share/multi_map_nav/cmake/multi_map_nav__rosidl_typesupport_cppExport.cmake
[4.582s] -- Installing: /home/ksubra/new_ws/install/multi_map_nav/share/multi_map_nav/cmake/multi_map_nav__rosidl_typesupport_cppExport-noconfig.cmake
[4.582s] -- Installing: /home/ksubra/new_ws/install/multi_map_nav/share/multi_map_nav/cmake/export_multi_map_nav__rosidl_generator_pyExport.cmake
[4.582s] -- Installing: /home/ksubra/new_ws/install/multi_map_nav/share/multi_map_nav/cmake/export_multi_map_nav__rosidl_generator_pyExport-noconfig.cmake
[4.583s] -- Installing: /home/ksubra/new_ws/install/multi_map_nav/share/multi_map_nav/cmake/rosidl_cmake-extras.cmake
[4.583s] -- Installing: /home/ksubra/new_ws/install/multi_map_nav/share/multi_map_nav/cmake/ament_cmake_export_dependencies-extras.cmake
[4.584s] -- Installing: /home/ksubra/new_ws/install/multi_map_nav/share/multi_map_nav/cmake/ament_cmake_export_include_directories-extras.cmake
[4.584s] -- Installing: /home/ksubra/new_ws/install/multi_map_nav/share/multi_map_nav/cmake/ament_cmake_export_libraries-extras.cmake
[4.585s] -- Installing: /home/ksubra/new_ws/install/multi_map_nav/share/multi_map_nav/cmake/ament_cmake_export_targets-extras.cmake
[4.585s] -- Installing: /home/ksubra/new_ws/install/multi_map_nav/share/multi_map_nav/cmake/rosidl_cmake_export_typesupport_targets-extras.cmake
[4.585s] -- Installing: /home/ksubra/new_ws/install/multi_map_nav/share/multi_map_nav/cmake/rosidl_cmake_export_typesupport_libraries-extras.cmake
[4.586s] -- Installing: /home/ksubra/new_ws/install/multi_map_nav/share/multi_map_nav/cmake/multi_map_navConfig.cmake
[4.586s] -- Installing: /home/ksubra/new_ws/install/multi_map_nav/share/multi_map_nav/cmake/multi_map_navConfig-version.cmake
[4.587s] -- Installing: /home/ksubra/new_ws/install/multi_map_nav/share/multi_map_nav/package.xml
[4.593s] Invoked command in '/home/ksubra/new_ws/build/multi_map_nav' returned '0': CMAKE_PREFIX_PATH=/opt/ros/humble /usr/bin/cmake --install /home/ksubra/new_ws/build/multi_map_nav
