[0.026s] Invoking command in '/home/ksubra/new_ws/build/multi_map_nav': CMAKE_PREFIX_PATH=/opt/ros/humble /usr/bin/cmake --build /home/ksubra/new_ws/build/multi_map_nav -- -j6 -l6
[0.139s] [  5%] Built target multi_map_nav__cpp
[0.140s] [ 11%] Built target multi_map_nav__rosidl_generator_c
[0.166s] [ 11%] Built target ament_cmake_python_copy_multi_map_nav
[0.194s] [ 25%] Built target multi_map_nav__rosidl_typesupport_c
[0.195s] [ 37%] Built target multi_map_nav__rosidl_typesupport_introspection_c
[0.195s] [ 45%] Built target multi_map_nav__rosidl_typesupport_fastrtps_c
[0.197s] [ 45%] Built target multi_map_nav__rosidl_typesupport_fastrtps_cpp
[0.199s] [ 54%] Built target multi_map_nav__rosidl_typesupport_cpp
[0.230s] [35m[1mConsolidate compiler generated dependencies of target navigation_server_node[0m
[0.230s] [ 62%] Built target multi_map_nav__rosidl_typesupport_introspection_cpp
[0.275s] [ 62%] Built target multi_map_nav
[0.291s] [ 65%] [32mBuilding CXX object CMakeFiles/navigation_server_node.dir/src/navigation_server.cpp.o[0m
[0.319s] [ 68%] Built target multi_map_nav__py
[0.369s] [ 74%] Built target multi_map_nav__rosidl_generator_py
[0.425s] [ 80%] Built target multi_map_nav__rosidl_typesupport_introspection_c__pyext
[0.435s] [ 85%] Built target multi_map_nav__rosidl_typesupport_fastrtps_c__pyext
[0.457s] [ 91%] Built target multi_map_nav__rosidl_typesupport_c__pyext
[0.746s] running egg_info
[0.747s] writing multi_map_nav.egg-info/PKG-INFO
[0.748s] writing dependency_links to multi_map_nav.egg-info/dependency_links.txt
[0.748s] writing top-level names to multi_map_nav.egg-info/top_level.txt
[0.755s] reading manifest file 'multi_map_nav.egg-info/SOURCES.txt'
[0.756s] writing manifest file 'multi_map_nav.egg-info/SOURCES.txt'
[0.803s] [ 91%] Built target ament_cmake_python_build_multi_map_nav_egg
[5.871s] [01m[K/home/ksubra/new_ws/src/multi_map_nav/src/navigation_server.cpp:[m[K In constructor ‘[01m[KNavigationServer::NavigationServer(const string&)[m[K’:
[5.871s] [01m[K/home/ksubra/new_ws/src/multi_map_nav/src/navigation_server.cpp:20:66:[m[K [01;31m[Kerror: [m[Kno matching function for call to ‘[01m[Kcreate_server<NavigationServer::NavigateToGoal>(NavigationServer*, const char [17], std::_Bind_helper<false, rclcpp_action::GoalResponse (NavigationServer::*)(const std::array<unsigned char, 16>&, std::shared_ptr<const multi_map_nav::action::NavigateToGoal>), NavigationServer*, const std::_Placeholder<1>&, const std::_Placeholder<2>&>::type, std::_Bind_helper<false, rclcpp_action::CancelResponse (NavigationServer::*)(std::shared_ptr<rclcpp_action::ServerGoalHandle<multi_map_nav::action::NavigateToGoal> >), NavigationServer*, const std::_Placeholder<1>&>::type, std::_Bind_helper<false, void (NavigationServer::*)(std::shared_ptr<rclcpp_action::ServerGoalHandle<multi_map_nav::action::NavigateToGoal> >), NavigationServer*, const std::_Placeholder<1>&>::type)[m[K’
[5.871s]    20 |     action_server_ = [01;31m[Krclcpp_action::create_server<NavigateToGoal>([m[K
[5.872s]       |                      [01;31m[K~~~~~~~~~~~~~~~~~~~~~~~~~~~~~~~~~~~~~~~~~~~~^[m[K
[5.872s]    21 | [01;31m[K        this,[m[K
[5.872s]       |         [01;31m[K~~~~~[m[K                                                     
[5.872s]    22 | [01;31m[K        "navigate_to_goal",[m[K
[5.872s]       |         [01;31m[K~~~~~~~~~~~~~~~~~~~[m[K                                       
[5.872s]    23 | [01;31m[K        std::bind(&NavigationServer::handle_goal, this, std::placeholders::_1, std::placeholders::_2),[m[K
[5.873s]       |         [01;31m[K~~~~~~~~~~~~~~~~~~~~~~~~~~~~~~~~~~~~~~~~~~~~~~~~~~~~~~~~~~~~~~~~~~~~~~~~~~~~~~~~~~~~~~~~~~~~~~[m[K
[5.873s]    24 | [01;31m[K        std::bind(&NavigationServer::handle_cancel, this, std::placeholders::_1),[m[K
[5.873s]       |         [01;31m[K~~~~~~~~~~~~~~~~~~~~~~~~~~~~~~~~~~~~~~~~~~~~~~~~~~~~~~~~~~~~~~~~~~~~~~~~~[m[K
[5.873s]    25 | [01;31m[K        std::bind(&NavigationServer::handle_accepted, this, std::placeholders::_1))[m[K;
[5.873s]       |         [01;31m[K~~~~~~~~~~~~~~~~~~~~~~~~~~~~~~~~~~~~~~~~~~~~~~~~~~~~~~~~~~~~~~~~~~~~~~~~~~~[m[K
[5.873s] In file included from [01m[K/opt/ros/humble/include/rclcpp_action/rclcpp_action/rclcpp_action.hpp:39[m[K,
[5.873s]                  from [01m[K/home/ksubra/new_ws/src/multi_map_nav/include/multi_map_nav/navigation_server.hpp:4[m[K,
[5.873s]                  from [01m[K/home/ksubra/new_ws/src/multi_map_nav/src/navigation_server.cpp:1[m[K:
[5.873s] [01m[K/opt/ros/humble/include/rclcpp_action/rclcpp_action/create_server.hpp:58:1:[m[K [01;36m[Knote: [m[Kcandidate: ‘[01m[Ktypename rclcpp_action::Server<ActionT>::SharedPtr rclcpp_action::create_server(rclcpp::node_interfaces::NodeBaseInterface::SharedPtr, rclcpp::node_interfaces::NodeClockInterface::SharedPtr, rclcpp::node_interfaces::NodeLoggingInterface::SharedPtr, rclcpp::node_interfaces::NodeWaitablesInterface::SharedPtr, const string&, typename rclcpp_action::Server<ActionT>::GoalCallback, typename rclcpp_action::Server<ActionT>::CancelCallback, typename rclcpp_action::Server<ActionT>::AcceptedCallback, const rcl_action_server_options_t&, rclcpp::CallbackGroup::SharedPtr) [with ActionT = multi_map_nav::action::NavigateToGoal; typename rclcpp_action::Server<ActionT>::SharedPtr = std::shared_ptr<rclcpp_action::Server<multi_map_nav::action::NavigateToGoal> >; rclcpp::node_interfaces::NodeBaseInterface::SharedPtr = std::shared_ptr<rclcpp::node_interfaces::NodeBaseInterface>; rclcpp::node_interfaces::NodeClockInterface::SharedPtr = std::shared_ptr<rclcpp::node_interfaces::NodeClockInterface>; rclcpp::node_interfaces::NodeLoggingInterface::SharedPtr = std::shared_ptr<rclcpp::node_interfaces::NodeLoggingInterface>; rclcpp::node_interfaces::NodeWaitablesInterface::SharedPtr = std::shared_ptr<rclcpp::node_interfaces::NodeWaitablesInterface>; std::string = std::__cxx11::basic_string<char>; typename rclcpp_action::Server<ActionT>::GoalCallback = std::function<rclcpp_action::GoalResponse(const std::array<unsigned char, 16>&, std::shared_ptr<const multi_map_nav::action::NavigateToGoal_Goal_<std::allocator<void> > >)>; typename rclcpp_action::Server<ActionT>::CancelCallback = std::function<rclcpp_action::CancelResponse(std::shared_ptr<rclcpp_action::ServerGoalHandle<multi_map_nav::action::NavigateToGoal> >)>; typename rclcpp_action::Server<ActionT>::AcceptedCallback = std::function<void(std::shared_ptr<rclcpp_action::ServerGoalHandle<multi_map_nav::action::NavigateToGoal> >)>; rcl_action_server_options_t = rcl_action_server_options_s; rclcpp::CallbackGroup::SharedPtr = std::shared_ptr<rclcpp::CallbackGroup>][m[K’
[5.874s]    58 | [01;36m[Kcreate_server[m[K(
[5.874s]       | [01;36m[K^~~~~~~~~~~~~[m[K
[5.874s] [01m[K/opt/ros/humble/include/rclcpp_action/rclcpp_action/create_server.hpp:58:1:[m[K [01;36m[Knote: [m[K  candidate expects 10 arguments, 5 provided
[5.874s] [01m[K/opt/ros/humble/include/rclcpp_action/rclcpp_action/create_server.hpp:132:1:[m[K [01;36m[Knote: [m[Kcandidate: ‘[01m[Ktemplate<class ActionT, class NodeT> typename rclcpp_action::Server<ActionT>::SharedPtr rclcpp_action::create_server(NodeT, const string&, typename rclcpp_action::Server<ActionT>::GoalCallback, typename rclcpp_action::Server<ActionT>::CancelCallback, typename rclcpp_action::Server<ActionT>::AcceptedCallback, const rcl_action_server_options_t&, rclcpp::CallbackGroup::SharedPtr)[m[K’
[5.874s]   132 | [01;36m[Kcreate_server[m[K(
[5.874s]       | [01;36m[K^~~~~~~~~~~~~[m[K
[5.874s] [01m[K/opt/ros/humble/include/rclcpp_action/rclcpp_action/create_server.hpp:132:1:[m[K [01;36m[Knote: [m[K  template argument deduction/substitution failed:
[5.874s] [01m[K/home/ksubra/new_ws/src/multi_map_nav/src/navigation_server.cpp:23:18:[m[K [01;36m[Knote: [m[K  cannot convert ‘[01m[Kstd::bind(_Func&&, _BoundArgs&& ...) [with _Func = rclcpp_action::GoalResponse (NavigationServer::*)(const std::array<unsigned char, 16>&, std::shared_ptr<const multi_map_nav::action::NavigateToGoal>); _BoundArgs = {NavigationServer*, const std::_Placeholder<1>&, const std::_Placeholder<2>&}; typename std::_Bind_helper<std::__is_socketlike<_Func>::value, _Func, _BoundArgs ...>::type = std::_Bind_helper<false, rclcpp_action::GoalResponse (NavigationServer::*)(const std::array<unsigned char, 16>&, std::shared_ptr<const multi_map_nav::action::NavigateToGoal>), NavigationServer*, const std::_Placeholder<1>&, const std::_Placeholder<2>&>::type; std::__is_socketlike<_Func> = std::__is_socketlike<rclcpp_action::GoalResponse (NavigationServer::*)(const std::array<unsigned char, 16>&, std::shared_ptr<const multi_map_nav::action::NavigateToGoal>), rclcpp_action::GoalResponse (NavigationServer::*)(const std::array<unsigned char, 16>&, std::shared_ptr<const multi_map_nav::action::NavigateToGoal>)>; typename std::decay<_Tp>::type = rclcpp_action::GoalResponse (NavigationServer::*)(const std::array<unsigned char, 16>&, std::shared_ptr<const multi_map_nav::action::NavigateToGoal>)](((NavigationServer*)this), std::placeholders::_1, std::placeholders::_2)[m[K’ (type ‘[01m[Kstd::_Bind_helper<false, rclcpp_action::GoalResponse (NavigationServer::*)(const std::array<unsigned char, 16>&, std::shared_ptr<const multi_map_nav::action::NavigateToGoal>), NavigationServer*, const std::_Placeholder<1>&, const std::_Placeholder<2>&>::type[m[K’) to type ‘[01m[Krclcpp_action::Server<multi_map_nav::action::NavigateToGoal>::GoalCallback[m[K’ {aka ‘[01m[Kstd::function<rclcpp_action::GoalResponse(const std::array<unsigned char, 16>&, std::shared_ptr<const multi_map_nav::action::NavigateToGoal_Goal_<std::allocator<void> > >)>[m[K’}
[5.875s]    23 |         [01;36m[Kstd::bind(&NavigationServer::handle_goal, this, std::placeholders::_1, std::placeholders::_2)[m[K,
[5.875s]       |         [01;36m[K~~~~~~~~~^~~~~~~~~~~~~~~~~~~~~~~~~~~~~~~~~~~~~~~~~~~~~~~~~~~~~~~~~~~~~~~~~~~~~~~~~~~~~~~~~~~~[m[K
[5.910s] [01m[K/home/ksubra/new_ws/src/multi_map_nav/src/navigation_server.cpp:[m[K In member function ‘[01m[Kbool NavigationServer::move_base_to(double, double, double)[m[K’:
[5.910s] [01m[K/home/ksubra/new_ws/src/multi_map_nav/src/navigation_server.cpp:70:17:[m[K [01;31m[Kerror: [m[Kinvalid use of ‘[01m[Kusing Result = using Result = using NavigateToPose_Result = struct nav2_msgs::action::NavigateToPose_Result_<std::allocator<void> >[m[K’
[5.911s]    70 |     if (result->[01;31m[KResult[m[K != rclcpp_action::ResultCode::SUCCEEDED) {
[5.911s]       |                 [01;31m[K^~~~~~[m[K
[5.911s] In file included from [01m[K/opt/ros/humble/include/rclcpp/rclcpp/logging.hpp:24[m[K,
[5.911s]                  from [01m[K/opt/ros/humble/include/rclcpp/rclcpp/client.hpp:40[m[K,
[5.911s]                  from [01m[K/opt/ros/humble/include/rclcpp/rclcpp/callback_group.hpp:24[m[K,
[5.911s]                  from [01m[K/opt/ros/humble/include/rclcpp/rclcpp/node_interfaces/node_base_interface.hpp:25[m[K,
[5.912s]                  from [01m[K/opt/ros/humble/include/rclcpp_action/rclcpp_action/client.hpp:33[m[K,
[5.912s]                  from [01m[K/opt/ros/humble/include/rclcpp_action/rclcpp_action/rclcpp_action.hpp:36[m[K,
[5.912s]                  from [01m[K/home/ksubra/new_ws/src/multi_map_nav/include/multi_map_nav/navigation_server.hpp:4[m[K,
[5.912s]                  from [01m[K/home/ksubra/new_ws/src/multi_map_nav/src/navigation_server.cpp:1[m[K:
[5.912s] [01m[K/home/ksubra/new_ws/src/multi_map_nav/src/navigation_server.cpp:71:87:[m[K [01;31m[Kerror: [m[Kinvalid use of ‘[01m[Kusing Result = using Result = using NavigateToPose_Result = struct nav2_msgs::action::NavigateToPose_Result_<std::allocator<void> >[m[K’
[5.912s]    71 | is->get_logger(), "Navigation failed with status: %d", result->[01;31m[KResult[m[K);
[5.912s]       |                                                                [01;31m[K^~~~~~[m[K
[5.912s] 
[7.251s] gmake[2]: *** [CMakeFiles/navigation_server_node.dir/build.make:76: CMakeFiles/navigation_server_node.dir/src/navigation_server.cpp.o] Error 1
[7.252s] gmake[1]: *** [CMakeFiles/Makefile2:593: CMakeFiles/navigation_server_node.dir/all] Error 2
[7.252s] gmake: *** [Makefile:146: all] Error 2
[7.257s] Invoked command in '/home/ksubra/new_ws/build/multi_map_nav' returned '2': CMAKE_PREFIX_PATH=/opt/ros/humble /usr/bin/cmake --build /home/ksubra/new_ws/build/multi_map_nav -- -j6 -l6
